#
# There is insufficient memory for the Java Runtime Environment to continue.
# Native memory allocation (malloc) failed to allocate 3139696 bytes for Chunk::new
# Possible reasons:
#   The system is out of physical RAM or swap space
#   The process is running with CompressedOops enabled, and the Java Heap may be blocking the growth of the native heap
# Possible solutions:
#   Reduce memory load on the system
#   Increase physical memory or swap space
#   Check if swap backing store is full
#   Decrease Java heap size (-Xmx/-Xms)
#   Decrease number of Java threads
#   Decrease Java thread stack sizes (-Xss)
#   Set larger code cache with -XX:ReservedCodeCacheSize=
#   JVM is running with Unscaled Compressed Oops mode in which the Java heap is
#     placed in the first 4GB address space. The Java Heap base address is the
#     maximum limit for the native heap growth. Please use -XX:HeapBaseMinAddress
#     to set the Java Heap base and to place the Java Heap above 4GB virtual address.
# This output file may be truncated or incomplete.
#
#  Out of Memory Error (./src/hotspot/share/memory/arena.cpp:197), pid=10048, tid=1960
#
# JRE version: OpenJDK Runtime Environment (11.0.13) (build 11.0.13+0-b1751.21-8125866)
# Java VM: OpenJDK 64-Bit Server VM (11.0.13+0-b1751.21-8125866, mixed mode, tiered, compressed oops, g1 gc, windows-amd64)
# No core dump will be written. Minidumps are not enabled by default on client versions of Windows
#

---------------  S U M M A R Y ------------

Command Line: org.jetbrains.kotlin.cli.jvm.K2JVMCompiler @C:\Users\mhyr\AndroidStudioProjects\MhyrFoodApp\app\build\20230208_9537748367627210666.compiler.options

Host: Intel(R) Core(TM) i7-8550U CPU @ 1.80GHz, 8 cores, 7G,  Windows 11 , 64 bit Build 22621 (10.0.22621.1105)
Time: Wed Feb  8 00:32:24 2023 Iran Standard Time elapsed time: 9.619338 seconds (0d 0h 0m 9s)

---------------  T H R E A D  ---------------

Current thread (0x000001d5fd563000):  JavaThread "C2 CompilerThread0" daemon [_thread_in_native, id=1960, stack(0x000000c5ed500000,0x000000c5ed600000)]


Current CompileTask:
C2:   9619 7679       4       org.jetbrains.kotlin.parsing.AbstractKotlinParsing::at (114 bytes)

Stack: [0x000000c5ed500000,0x000000c5ed600000]
Native frames: (J=compiled Java code, j=interpreted, Vv=VM code, C=native code)
V  [jvm.dll+0x6100fa]
V  [jvm.dll+0x747090]
V  [jvm.dll+0x7486ad]
V  [jvm.dll+0x748d83]
V  [jvm.dll+0x24ab48]
V  [jvm.dll+0xc04dc]
V  [jvm.dll+0xc0a0c]
V  [jvm.dll+0x35eb9d]
V  [jvm.dll+0x32b833]
V  [jvm.dll+0x32ad2a]
V  [jvm.dll+0x2032b2]
V  [jvm.dll+0x202437]
V  [jvm.dll+0x188e01]
V  [jvm.dll+0x21106b]
V  [jvm.dll+0x20f8c1]
V  [jvm.dll+0x70de0f]
V  [jvm.dll+0x706a75]
V  [jvm.dll+0x60ed66]
C  [ucrtbase.dll+0x29363]
C  [KERNEL32.DLL+0x126bd]
C  [ntdll.dll+0x5dfb8]


---------------  P R O C E S S  ---------------

Threads class SMR info:
_java_thread_list=0x000001d5fd7055c0, length=10, elements={
0x000001d5e08b7800, 0x000001d5fcc33000, 0x000001d5fcc34000, 0x000001d5fcc52000,
0x000001d5fcc55000, 0x000001d5fd560800, 0x000001d5fd563000, 0x000001d5fd564000,
0x000001d5fd568000, 0x000001d5fd70a800
}

Java Threads: ( => current thread )
  0x000001d5e08b7800 JavaThread "main" [_thread_in_vm, id=10844, stack(0x000000c5ec900000,0x000000c5eca00000)]
  0x000001d5fcc33000 JavaThread "Reference Handler" daemon [_thread_blocked, id=5992, stack(0x000000c5ed000000,0x000000c5ed100000)]
  0x000001d5fcc34000 JavaThread "Finalizer" daemon [_thread_blocked, id=1240, stack(0x000000c5ed100000,0x000000c5ed200000)]
  0x000001d5fcc52000 JavaThread "Signal Dispatcher" daemon [_thread_blocked, id=5204, stack(0x000000c5ed200000,0x000000c5ed300000)]
  0x000001d5fcc55000 JavaThread "Attach Listener" daemon [_thread_blocked, id=2592, stack(0x000000c5ed300000,0x000000c5ed400000)]
  0x000001d5fd560800 JavaThread "Service Thread" daemon [_thread_blocked, id=9540, stack(0x000000c5ed400000,0x000000c5ed500000)]
=>0x000001d5fd563000 JavaThread "C2 CompilerThread0" daemon [_thread_in_native, id=1960, stack(0x000000c5ed500000,0x000000c5ed600000)]
  0x000001d5fd564000 JavaThread "C1 CompilerThread0" daemon [_thread_in_native, id=10832, stack(0x000000c5ed600000,0x000000c5ed700000)]
  0x000001d5fd568000 JavaThread "Sweeper thread" daemon [_thread_blocked, id=9228, stack(0x000000c5ed700000,0x000000c5ed800000)]
  0x000001d5fd70a800 JavaThread "Common-Cleaner" daemon [_thread_blocked, id=5212, stack(0x000000c5ed900000,0x000000c5eda00000)]

Other Threads:
  0x000001d5fcc2f800 VMThread "VM Thread" [stack: 0x000000c5ecf00000,0x000000c5ed000000] [id=9568]
  0x000001d5fd6fc800 WatcherThread [stack: 0x000000c5ed800000,0x000000c5ed900000] [id=10892]
  0x000001d5e08d0800 GCTaskThread "GC Thread#0" [stack: 0x000000c5eca00000,0x000000c5ecb00000] [id=9596]
  0x000001d5fdde4000 GCTaskThread "GC Thread#1" [stack: 0x000000c5edb00000,0x000000c5edc00000] [id=2412]
  0x000001d5fdf03000 GCTaskThread "GC Thread#2" [stack: 0x000000c5edc00000,0x000000c5edd00000] [id=1336]
  0x000001d5e0901000 ConcurrentGCThread "G1 Main Marker" [stack: 0x000000c5ecb00000,0x000000c5ecc00000] [id=5064]
  0x000001d5e0903000 ConcurrentGCThread "G1 Conc#0" [stack: 0x000000c5ecc00000,0x000000c5ecd00000] [id=2668]
  0x000001d5fe59f800 ConcurrentGCThread "G1 Conc#1" [stack: 0x000000c5edd00000,0x000000c5ede00000] [id=8852]
  0x000001d5e098e000 ConcurrentGCThread "G1 Refine#0" [stack: 0x000000c5ecd00000,0x000000c5ece00000] [id=3944]
  0x000001d5fe150800 ConcurrentGCThread "G1 Refine#1" [stack: 0x000000c5ede00000,0x000000c5edf00000] [id=4828]
  0x000001d5fca7a800 ConcurrentGCThread "G1 Young RemSet Sampling" [stack: 0x000000c5ece00000,0x000000c5ecf00000] [id=3112]

Threads with active compile tasks:
C2 CompilerThread0   9648 7679       4       org.jetbrains.kotlin.parsing.AbstractKotlinParsing::at (114 bytes)
C1 CompilerThread0   9648 7999       2       org.jetbrains.kotlin.cfg.pseudocode.PseudocodeUtilsKt::calcSideEffectFree (316 bytes)

VM state:not at safepoint (normal execution)

VM Mutex/Monitor currently owned by a thread:  ([mutex/lock_event])
[0x000001d5e08b4e90] Compile_lock - owner thread: 0x000001d5fd564000
[0x000001d5e08b5430] MethodCompileQueue_lock - owner thread: 0x000001d5fd564000

Heap address: 0x0000000081e00000, size: 2018 MB, Compressed Oops mode: 32-bit
Narrow klass base: 0x0000000000000000, Narrow klass shift: 3
Compressed class space size: 1073741824 Address: 0x0000000100000000

Heap:
 garbage-first heap   total 196608K, used 72077K [0x0000000081e00000, 0x0000000100000000)
  region size 1024K, 24 young (24576K), 6 survivors (6144K)
 Metaspace       used 65947K, capacity 66801K, committed 67060K, reserved 1107968K
  class space    used 7574K, capacity 7926K, committed 7984K, reserved 1048576K
Heap Regions: E=young(eden), S=young(survivor), O=old, HS=humongous(starts), HC=humongous(continues), CS=collection set, F=free, A=archive, TAMS=top-at-mark-start (previous, next)
|   0|0x0000000081e00000, 0x0000000081f00000, 0x0000000081f00000|100%|HS|  |TAMS 0x0000000081f00000, 0x0000000081e00000| Complete 
|   1|0x0000000081f00000, 0x0000000082000000, 0x0000000082000000|100%|HC|  |TAMS 0x0000000082000000, 0x0000000081f00000| Complete 
|   2|0x0000000082000000, 0x0000000082100000, 0x0000000082100000|100%|HC|  |TAMS 0x0000000082100000, 0x0000000082000000| Complete 
|   3|0x0000000082100000, 0x0000000082200000, 0x0000000082200000|100%|HC|  |TAMS 0x0000000082200000, 0x0000000082100000| Complete 
|   4|0x0000000082200000, 0x0000000082300000, 0x0000000082300000|100%| O|  |TAMS 0x0000000082300000, 0x0000000082200000| Untracked 
|   5|0x0000000082300000, 0x0000000082400000, 0x0000000082400000|100%| O|  |TAMS 0x0000000082400000, 0x0000000082300000| Untracked 
|   6|0x0000000082400000, 0x0000000082500000, 0x0000000082500000|100%|HS|  |TAMS 0x0000000082500000, 0x0000000082400000| Complete 
|   7|0x0000000082500000, 0x0000000082600000, 0x0000000082600000|100%|HC|  |TAMS 0x0000000082600000, 0x0000000082500000| Complete 
|   8|0x0000000082600000, 0x0000000082700000, 0x0000000082700000|100%|HC|  |TAMS 0x0000000082700000, 0x0000000082600000| Complete 
|   9|0x0000000082700000, 0x0000000082800000, 0x0000000082800000|100%|HC|  |TAMS 0x0000000082800000, 0x0000000082700000| Complete 
|  10|0x0000000082800000, 0x0000000082900000, 0x0000000082900000|100%| O|  |TAMS 0x0000000082900000, 0x0000000082800000| Untracked 
|  11|0x0000000082900000, 0x0000000082a00000, 0x0000000082a00000|100%| O|  |TAMS 0x0000000082a00000, 0x0000000082900000| Untracked 
|  12|0x0000000082a00000, 0x0000000082b00000, 0x0000000082b00000|100%| O|  |TAMS 0x0000000082b00000, 0x0000000082a00000| Untracked 
|  13|0x0000000082b00000, 0x0000000082c00000, 0x0000000082c00000|100%| O|  |TAMS 0x0000000082c00000, 0x0000000082b00000| Untracked 
|  14|0x0000000082c00000, 0x0000000082d00000, 0x0000000082d00000|100%| O|  |TAMS 0x0000000082d00000, 0x0000000082c00000| Untracked 
|  15|0x0000000082d00000, 0x0000000082e00000, 0x0000000082e00000|100%| O|  |TAMS 0x0000000082e00000, 0x0000000082d00000| Untracked 
|  16|0x0000000082e00000, 0x0000000082f00000, 0x0000000082f00000|100%| O|  |TAMS 0x0000000082f00000, 0x0000000082e00000| Untracked 
|  17|0x0000000082f00000, 0x0000000083000000, 0x0000000083000000|100%| O|  |TAMS 0x0000000083000000, 0x0000000082f00000| Untracked 
|  18|0x0000000083000000, 0x0000000083100000, 0x0000000083100000|100%| O|  |TAMS 0x0000000083100000, 0x0000000083000000| Untracked 
|  19|0x0000000083100000, 0x0000000083200000, 0x0000000083200000|100%| O|  |TAMS 0x0000000083200000, 0x0000000083100000| Untracked 
|  20|0x0000000083200000, 0x0000000083300000, 0x0000000083300000|100%| O|  |TAMS 0x0000000083300000, 0x0000000083200000| Untracked 
|  21|0x0000000083300000, 0x0000000083400000, 0x0000000083400000|100%| O|  |TAMS 0x0000000083400000, 0x0000000083300000| Untracked 
|  22|0x0000000083400000, 0x0000000083500000, 0x0000000083500000|100%| O|  |TAMS 0x0000000083500000, 0x0000000083400000| Untracked 
|  23|0x0000000083500000, 0x0000000083600000, 0x0000000083600000|100%| O|  |TAMS 0x0000000083600000, 0x0000000083500000| Untracked 
|  24|0x0000000083600000, 0x0000000083700000, 0x0000000083700000|100%|HS|  |TAMS 0x0000000083700000, 0x0000000083600000| Complete 
|  25|0x0000000083700000, 0x0000000083800000, 0x0000000083800000|100%|HC|  |TAMS 0x0000000083800000, 0x0000000083700000| Complete 
|  26|0x0000000083800000, 0x0000000083900000, 0x0000000083900000|100%| O|  |TAMS 0x0000000083900000, 0x0000000083800000| Untracked 
|  27|0x0000000083900000, 0x0000000083a00000, 0x0000000083a00000|100%| O|  |TAMS 0x0000000083a00000, 0x0000000083900000| Untracked 
|  28|0x0000000083a00000, 0x0000000083b00000, 0x0000000083b00000|100%| O|  |TAMS 0x0000000083b00000, 0x0000000083a00000| Untracked 
|  29|0x0000000083b00000, 0x0000000083c00000, 0x0000000083c00000|100%| O|  |TAMS 0x0000000083c00000, 0x0000000083b00000| Untracked 
|  30|0x0000000083c00000, 0x0000000083d00000, 0x0000000083d00000|100%| O|  |TAMS 0x0000000083d00000, 0x0000000083c00000| Untracked 
|  31|0x0000000083d00000, 0x0000000083e00000, 0x0000000083e00000|100%| O|  |TAMS 0x0000000083e00000, 0x0000000083d00000| Untracked 
|  32|0x0000000083e00000, 0x0000000083f00000, 0x0000000083f00000|100%| O|  |TAMS 0x0000000083f00000, 0x0000000083e00000| Untracked 
|  33|0x0000000083f00000, 0x0000000084000000, 0x0000000084000000|100%| O|  |TAMS 0x0000000084000000, 0x0000000083f00000| Untracked 
|  34|0x0000000084000000, 0x0000000084100000, 0x0000000084100000|100%| O|  |TAMS 0x0000000084100000, 0x0000000084000000| Untracked 
|  35|0x0000000084100000, 0x0000000084200000, 0x0000000084200000|100%| O|  |TAMS 0x0000000084200000, 0x0000000084100000| Untracked 
|  36|0x0000000084200000, 0x0000000084300000, 0x0000000084300000|100%| O|  |TAMS 0x0000000084300000, 0x0000000084200000| Untracked 
|  37|0x0000000084300000, 0x0000000084400000, 0x0000000084400000|100%| O|  |TAMS 0x0000000084400000, 0x0000000084300000| Untracked 
|  38|0x0000000084400000, 0x0000000084500000, 0x0000000084500000|100%| O|  |TAMS 0x0000000084500000, 0x0000000084400000| Untracked 
|  39|0x0000000084500000, 0x0000000084600000, 0x0000000084600000|100%| O|  |TAMS 0x0000000084600000, 0x0000000084500000| Untracked 
|  40|0x0000000084600000, 0x0000000084700000, 0x0000000084700000|100%| O|  |TAMS 0x0000000084700000, 0x0000000084600000| Untracked 
|  41|0x0000000084700000, 0x0000000084800000, 0x0000000084800000|100%| O|  |TAMS 0x0000000084800000, 0x0000000084700000| Untracked 
|  42|0x0000000084800000, 0x0000000084900000, 0x0000000084900000|100%| O|  |TAMS 0x0000000084800000, 0x0000000084800000| Untracked 
|  43|0x0000000084900000, 0x0000000084a00000, 0x0000000084a00000|100%| O|  |TAMS 0x0000000084900000, 0x0000000084900000| Untracked 
|  44|0x0000000084a00000, 0x0000000084b00000, 0x0000000084b00000|100%| O|  |TAMS 0x0000000084a00000, 0x0000000084a00000| Untracked 
|  45|0x0000000084b00000, 0x0000000084c00000, 0x0000000084c00000|100%| O|  |TAMS 0x0000000084b00000, 0x0000000084b00000| Untracked 
|  46|0x0000000084c00000, 0x0000000084d00000, 0x0000000084d00000|100%| O|  |TAMS 0x0000000084c00000, 0x0000000084c00000| Untracked 
|  47|0x0000000084d00000, 0x0000000084e00000, 0x0000000084e00000|100%| O|  |TAMS 0x0000000084d00000, 0x0000000084d00000| Untracked 
|  48|0x0000000084e00000, 0x0000000084e00000, 0x0000000084f00000|  0%| F|  |TAMS 0x0000000084e00000, 0x0000000084e00000| Untracked 
|  49|0x0000000084f00000, 0x0000000084f00000, 0x0000000085000000|  0%| F|  |TAMS 0x0000000084f00000, 0x0000000084f00000| Untracked 
|  50|0x0000000085000000, 0x0000000085000000, 0x0000000085100000|  0%| F|  |TAMS 0x0000000085000000, 0x0000000085000000| Untracked 
|  51|0x0000000085100000, 0x0000000085100000, 0x0000000085200000|  0%| F|  |TAMS 0x0000000085100000, 0x0000000085100000| Untracked 
|  52|0x0000000085200000, 0x0000000085200000, 0x0000000085300000|  0%| F|  |TAMS 0x0000000085200000, 0x0000000085200000| Untracked 
|  53|0x0000000085300000, 0x0000000085300000, 0x0000000085400000|  0%| F|  |TAMS 0x0000000085300000, 0x0000000085300000| Untracked 
|  54|0x0000000085400000, 0x0000000085400000, 0x0000000085500000|  0%| F|  |TAMS 0x0000000085400000, 0x0000000085400000| Untracked 
|  55|0x0000000085500000, 0x0000000085500000, 0x0000000085600000|  0%| F|  |TAMS 0x0000000085500000, 0x0000000085500000| Untracked 
|  56|0x0000000085600000, 0x0000000085600000, 0x0000000085700000|  0%| F|  |TAMS 0x0000000085600000, 0x0000000085600000| Untracked 
|  57|0x0000000085700000, 0x0000000085700000, 0x0000000085800000|  0%| F|  |TAMS 0x0000000085700000, 0x0000000085700000| Untracked 
|  58|0x0000000085800000, 0x0000000085800000, 0x0000000085900000|  0%| F|  |TAMS 0x0000000085800000, 0x0000000085800000| Untracked 
|  59|0x0000000085900000, 0x0000000085900000, 0x0000000085a00000|  0%| F|  |TAMS 0x0000000085900000, 0x0000000085900000| Untracked 
|  60|0x0000000085a00000, 0x0000000085a00000, 0x0000000085b00000|  0%| F|  |TAMS 0x0000000085a00000, 0x0000000085a00000| Untracked 
|  61|0x0000000085b00000, 0x0000000085b00000, 0x0000000085c00000|  0%| F|  |TAMS 0x0000000085b00000, 0x0000000085b00000| Untracked 
|  62|0x0000000085c00000, 0x0000000085c00000, 0x0000000085d00000|  0%| F|  |TAMS 0x0000000085c00000, 0x0000000085c00000| Untracked 
|  63|0x0000000085d00000, 0x0000000085d00000, 0x0000000085e00000|  0%| F|  |TAMS 0x0000000085d00000, 0x0000000085d00000| Untracked 
|  64|0x0000000085e00000, 0x0000000085e00000, 0x0000000085f00000|  0%| F|  |TAMS 0x0000000085e00000, 0x0000000085e00000| Untracked 
|  65|0x0000000085f00000, 0x0000000085f00000, 0x0000000086000000|  0%| F|  |TAMS 0x0000000085f00000, 0x0000000085f00000| Untracked 
|  66|0x0000000086000000, 0x0000000086000000, 0x0000000086100000|  0%| F|  |TAMS 0x0000000086000000, 0x0000000086000000| Untracked 
|  67|0x0000000086100000, 0x0000000086100000, 0x0000000086200000|  0%| F|  |TAMS 0x0000000086100000, 0x0000000086100000| Untracked 
|  68|0x0000000086200000, 0x0000000086200000, 0x0000000086300000|  0%| F|  |TAMS 0x0000000086200000, 0x0000000086200000| Untracked 
|  69|0x0000000086300000, 0x0000000086300000, 0x0000000086400000|  0%| F|  |TAMS 0x0000000086300000, 0x0000000086300000| Untracked 
|  70|0x0000000086400000, 0x0000000086400000, 0x0000000086500000|  0%| F|  |TAMS 0x0000000086400000, 0x0000000086400000| Untracked 
|  71|0x0000000086500000, 0x0000000086500000, 0x0000000086600000|  0%| F|  |TAMS 0x0000000086500000, 0x0000000086500000| Untracked 
|  72|0x0000000086600000, 0x0000000086600000, 0x0000000086700000|  0%| F|  |TAMS 0x0000000086600000, 0x0000000086600000| Untracked 
|  73|0x0000000086700000, 0x0000000086700000, 0x0000000086800000|  0%| F|  |TAMS 0x0000000086700000, 0x0000000086700000| Untracked 
|  74|0x0000000086800000, 0x0000000086800000, 0x0000000086900000|  0%| F|  |TAMS 0x0000000086800000, 0x0000000086800000| Untracked 
|  75|0x0000000086900000, 0x0000000086900000, 0x0000000086a00000|  0%| F|  |TAMS 0x0000000086900000, 0x0000000086900000| Untracked 
|  76|0x0000000086a00000, 0x0000000086a00000, 0x0000000086b00000|  0%| F|  |TAMS 0x0000000086a00000, 0x0000000086a00000| Untracked 
|  77|0x0000000086b00000, 0x0000000086b00000, 0x0000000086c00000|  0%| F|  |TAMS 0x0000000086b00000, 0x0000000086b00000| Untracked 
|  78|0x0000000086c00000, 0x0000000086c00000, 0x0000000086d00000|  0%| F|  |TAMS 0x0000000086c00000, 0x0000000086c00000| Untracked 
|  79|0x0000000086d00000, 0x0000000086d00000, 0x0000000086e00000|  0%| F|  |TAMS 0x0000000086d00000, 0x0000000086d00000| Untracked 
|  80|0x0000000086e00000, 0x0000000086e00000, 0x0000000086f00000|  0%| F|  |TAMS 0x0000000086e00000, 0x0000000086e00000| Untracked 
|  81|0x0000000086f00000, 0x0000000086f00000, 0x0000000087000000|  0%| F|  |TAMS 0x0000000086f00000, 0x0000000086f00000| Untracked 
|  82|0x0000000087000000, 0x0000000087000000, 0x0000000087100000|  0%| F|  |TAMS 0x0000000087000000, 0x0000000087000000| Untracked 
|  83|0x0000000087100000, 0x0000000087100000, 0x0000000087200000|  0%| F|  |TAMS 0x0000000087100000, 0x0000000087100000| Untracked 
|  84|0x0000000087200000, 0x0000000087200000, 0x0000000087300000|  0%| F|  |TAMS 0x0000000087200000, 0x0000000087200000| Untracked 
|  85|0x0000000087300000, 0x0000000087300000, 0x0000000087400000|  0%| F|  |TAMS 0x0000000087300000, 0x0000000087300000| Untracked 
|  86|0x0000000087400000, 0x0000000087400000, 0x0000000087500000|  0%| F|  |TAMS 0x0000000087400000, 0x0000000087400000| Untracked 
|  87|0x0000000087500000, 0x0000000087500000, 0x0000000087600000|  0%| F|  |TAMS 0x0000000087500000, 0x0000000087500000| Untracked 
|  88|0x0000000087600000, 0x0000000087600000, 0x0000000087700000|  0%| F|  |TAMS 0x0000000087600000, 0x0000000087600000| Untracked 
|  89|0x0000000087700000, 0x0000000087700000, 0x0000000087800000|  0%| F|  |TAMS 0x0000000087700000, 0x0000000087700000| Untracked 
|  90|0x0000000087800000, 0x0000000087800000, 0x0000000087900000|  0%| F|  |TAMS 0x0000000087800000, 0x0000000087800000| Untracked 
|  91|0x0000000087900000, 0x0000000087900000, 0x0000000087a00000|  0%| F|  |TAMS 0x0000000087900000, 0x0000000087900000| Untracked 
|  92|0x0000000087a00000, 0x0000000087a635a0, 0x0000000087b00000| 38%| S|CS|TAMS 0x0000000087a00000, 0x0000000087a00000| Complete 
|  93|0x0000000087b00000, 0x0000000087c00000, 0x0000000087c00000|100%| S|CS|TAMS 0x0000000087b00000, 0x0000000087b00000| Complete 
|  94|0x0000000087c00000, 0x0000000087d00000, 0x0000000087d00000|100%| S|CS|TAMS 0x0000000087c00000, 0x0000000087c00000| Complete 
|  95|0x0000000087d00000, 0x0000000087e00000, 0x0000000087e00000|100%| S|CS|TAMS 0x0000000087d00000, 0x0000000087d00000| Complete 
|  96|0x0000000087e00000, 0x0000000087f00000, 0x0000000087f00000|100%| S|CS|TAMS 0x0000000087e00000, 0x0000000087e00000| Complete 
|  97|0x0000000087f00000, 0x0000000088000000, 0x0000000088000000|100%| S|CS|TAMS 0x0000000087f00000, 0x0000000087f00000| Complete 
|  98|0x0000000088000000, 0x0000000088000000, 0x0000000088100000|  0%| F|  |TAMS 0x0000000088000000, 0x0000000088000000| Untracked 
|  99|0x0000000088100000, 0x0000000088100000, 0x0000000088200000|  0%| F|  |TAMS 0x0000000088100000, 0x0000000088100000| Untracked 
| 100|0x0000000088200000, 0x0000000088200000, 0x0000000088300000|  0%| F|  |TAMS 0x0000000088200000, 0x0000000088200000| Untracked 
| 101|0x0000000088300000, 0x0000000088300000, 0x0000000088400000|  0%| F|  |TAMS 0x0000000088300000, 0x0000000088300000| Untracked 
| 102|0x0000000088400000, 0x0000000088400000, 0x0000000088500000|  0%| F|  |TAMS 0x0000000088400000, 0x0000000088400000| Untracked 
| 103|0x0000000088500000, 0x0000000088500000, 0x0000000088600000|  0%| F|  |TAMS 0x0000000088500000, 0x0000000088500000| Untracked 
| 104|0x0000000088600000, 0x0000000088600000, 0x0000000088700000|  0%| F|  |TAMS 0x0000000088600000, 0x0000000088600000| Untracked 
| 105|0x0000000088700000, 0x0000000088700000, 0x0000000088800000|  0%| F|  |TAMS 0x0000000088700000, 0x0000000088700000| Untracked 
| 106|0x0000000088800000, 0x0000000088800000, 0x0000000088900000|  0%| F|  |TAMS 0x0000000088800000, 0x0000000088800000| Untracked 
| 107|0x0000000088900000, 0x0000000088900000, 0x0000000088a00000|  0%| F|  |TAMS 0x0000000088900000, 0x0000000088900000| Untracked 
| 108|0x0000000088a00000, 0x0000000088a00000, 0x0000000088b00000|  0%| F|  |TAMS 0x0000000088a00000, 0x0000000088a00000| Untracked 
| 109|0x0000000088b00000, 0x0000000088b00000, 0x0000000088c00000|  0%| F|  |TAMS 0x0000000088b00000, 0x0000000088b00000| Untracked 
| 110|0x0000000088c00000, 0x0000000088c00000, 0x0000000088d00000|  0%| F|  |TAMS 0x0000000088c00000, 0x0000000088c00000| Untracked 
| 111|0x0000000088d00000, 0x0000000088d00000, 0x0000000088e00000|  0%| F|  |TAMS 0x0000000088d00000, 0x0000000088d00000| Untracked 
| 112|0x0000000088e00000, 0x0000000088e00000, 0x0000000088f00000|  0%| F|  |TAMS 0x0000000088e00000, 0x0000000088e00000| Untracked 
| 113|0x0000000088f00000, 0x0000000088f00000, 0x0000000089000000|  0%| F|  |TAMS 0x0000000088f00000, 0x0000000088f00000| Untracked 
| 114|0x0000000089000000, 0x0000000089000000, 0x0000000089100000|  0%| F|  |TAMS 0x0000000089000000, 0x0000000089000000| Untracked 
| 115|0x0000000089100000, 0x0000000089100000, 0x0000000089200000|  0%| F|  |TAMS 0x0000000089100000, 0x0000000089100000| Untracked 
| 116|0x0000000089200000, 0x0000000089200000, 0x0000000089300000|  0%| F|  |TAMS 0x0000000089200000, 0x0000000089200000| Untracked 
| 117|0x0000000089300000, 0x0000000089300000, 0x0000000089400000|  0%| F|  |TAMS 0x0000000089300000, 0x0000000089300000| Untracked 
| 118|0x0000000089400000, 0x0000000089400000, 0x0000000089500000|  0%| F|  |TAMS 0x0000000089400000, 0x0000000089400000| Untracked 
| 119|0x0000000089500000, 0x0000000089500000, 0x0000000089600000|  0%| F|  |TAMS 0x0000000089500000, 0x0000000089500000| Untracked 
| 120|0x0000000089600000, 0x0000000089600000, 0x0000000089700000|  0%| F|  |TAMS 0x0000000089600000, 0x0000000089600000| Untracked 
| 121|0x0000000089700000, 0x0000000089700000, 0x0000000089800000|  0%| F|  |TAMS 0x0000000089700000, 0x0000000089700000| Untracked 
| 122|0x0000000089800000, 0x0000000089800000, 0x0000000089900000|  0%| F|  |TAMS 0x0000000089800000, 0x0000000089800000| Untracked 
| 123|0x0000000089900000, 0x0000000089900000, 0x0000000089a00000|  0%| F|  |TAMS 0x0000000089900000, 0x0000000089900000| Untracked 
| 124|0x0000000089a00000, 0x0000000089a00000, 0x0000000089b00000|  0%| F|  |TAMS 0x0000000089a00000, 0x0000000089a00000| Untracked 
| 125|0x0000000089b00000, 0x0000000089b00000, 0x0000000089c00000|  0%| F|  |TAMS 0x0000000089b00000, 0x0000000089b00000| Untracked 
| 126|0x0000000089c00000, 0x0000000089c00000, 0x0000000089d00000|  0%| F|  |TAMS 0x0000000089c00000, 0x0000000089c00000| Untracked 
| 127|0x0000000089d00000, 0x0000000089d00000, 0x0000000089e00000|  0%| F|  |TAMS 0x0000000089d00000, 0x0000000089d00000| Untracked 
| 128|0x0000000089e00000, 0x0000000089e00000, 0x0000000089f00000|  0%| F|  |TAMS 0x0000000089e00000, 0x0000000089e00000| Untracked 
| 129|0x0000000089f00000, 0x0000000089f00000, 0x000000008a000000|  0%| F|  |TAMS 0x0000000089f00000, 0x0000000089f00000| Untracked 
| 130|0x000000008a000000, 0x000000008a000000, 0x000000008a100000|  0%| F|  |TAMS 0x000000008a000000, 0x000000008a000000| Untracked 
| 131|0x000000008a100000, 0x000000008a100000, 0x000000008a200000|  0%| F|  |TAMS 0x000000008a100000, 0x000000008a100000| Untracked 
| 132|0x000000008a200000, 0x000000008a200000, 0x000000008a300000|  0%| F|  |TAMS 0x000000008a200000, 0x000000008a200000| Untracked 
| 133|0x000000008a300000, 0x000000008a300000, 0x000000008a400000|  0%| F|  |TAMS 0x000000008a300000, 0x000000008a300000| Untracked 
| 134|0x000000008a400000, 0x000000008a400000, 0x000000008a500000|  0%| F|  |TAMS 0x000000008a400000, 0x000000008a400000| Untracked 
| 135|0x000000008a500000, 0x000000008a500000, 0x000000008a600000|  0%| F|  |TAMS 0x000000008a500000, 0x000000008a500000| Untracked 
| 136|0x000000008a600000, 0x000000008a600000, 0x000000008a700000|  0%| F|  |TAMS 0x000000008a600000, 0x000000008a600000| Untracked 
| 137|0x000000008a700000, 0x000000008a700000, 0x000000008a800000|  0%| F|  |TAMS 0x000000008a700000, 0x000000008a700000| Untracked 
| 138|0x000000008a800000, 0x000000008a800000, 0x000000008a900000|  0%| F|  |TAMS 0x000000008a800000, 0x000000008a800000| Untracked 
| 139|0x000000008a900000, 0x000000008a900000, 0x000000008aa00000|  0%| F|  |TAMS 0x000000008a900000, 0x000000008a900000| Untracked 
| 140|0x000000008aa00000, 0x000000008aa00000, 0x000000008ab00000|  0%| F|  |TAMS 0x000000008aa00000, 0x000000008aa00000| Untracked 
| 141|0x000000008ab00000, 0x000000008ab00000, 0x000000008ac00000|  0%| F|  |TAMS 0x000000008ab00000, 0x000000008ab00000| Untracked 
| 142|0x000000008ac00000, 0x000000008ac00000, 0x000000008ad00000|  0%| F|  |TAMS 0x000000008ac00000, 0x000000008ac00000| Untracked 
| 143|0x000000008ad00000, 0x000000008ad00000, 0x000000008ae00000|  0%| F|  |TAMS 0x000000008ad00000, 0x000000008ad00000| Untracked 
| 144|0x000000008ae00000, 0x000000008ae00000, 0x000000008af00000|  0%| F|  |TAMS 0x000000008ae00000, 0x000000008ae00000| Untracked 
| 145|0x000000008af00000, 0x000000008af00000, 0x000000008b000000|  0%| F|  |TAMS 0x000000008af00000, 0x000000008af00000| Untracked 
| 146|0x000000008b000000, 0x000000008b000000, 0x000000008b100000|  0%| F|  |TAMS 0x000000008b000000, 0x000000008b000000| Untracked 
| 147|0x000000008b100000, 0x000000008b100000, 0x000000008b200000|  0%| F|  |TAMS 0x000000008b100000, 0x000000008b100000| Untracked 
| 148|0x000000008b200000, 0x000000008b200000, 0x000000008b300000|  0%| F|  |TAMS 0x000000008b200000, 0x000000008b200000| Untracked 
| 149|0x000000008b300000, 0x000000008b300000, 0x000000008b400000|  0%| F|  |TAMS 0x000000008b300000, 0x000000008b300000| Untracked 
| 150|0x000000008b400000, 0x000000008b400000, 0x000000008b500000|  0%| F|  |TAMS 0x000000008b400000, 0x000000008b400000| Untracked 
| 151|0x000000008b500000, 0x000000008b500000, 0x000000008b600000|  0%| F|  |TAMS 0x000000008b500000, 0x000000008b500000| Untracked 
| 152|0x000000008b600000, 0x000000008b600000, 0x000000008b700000|  0%| F|  |TAMS 0x000000008b600000, 0x000000008b600000| Untracked 
| 153|0x000000008b700000, 0x000000008b700000, 0x000000008b800000|  0%| F|  |TAMS 0x000000008b700000, 0x000000008b700000| Untracked 
| 154|0x000000008b800000, 0x000000008b800000, 0x000000008b900000|  0%| F|  |TAMS 0x000000008b800000, 0x000000008b800000| Untracked 
| 155|0x000000008b900000, 0x000000008b900000, 0x000000008ba00000|  0%| F|  |TAMS 0x000000008b900000, 0x000000008b900000| Untracked 
| 156|0x000000008ba00000, 0x000000008ba00000, 0x000000008bb00000|  0%| F|  |TAMS 0x000000008ba00000, 0x000000008ba00000| Untracked 
| 157|0x000000008bb00000, 0x000000008bb00000, 0x000000008bc00000|  0%| F|  |TAMS 0x000000008bb00000, 0x000000008bb00000| Untracked 
| 158|0x000000008bc00000, 0x000000008bc00000, 0x000000008bd00000|  0%| F|  |TAMS 0x000000008bc00000, 0x000000008bc00000| Untracked 
| 159|0x000000008bd00000, 0x000000008bd00000, 0x000000008be00000|  0%| F|  |TAMS 0x000000008bd00000, 0x000000008bd00000| Untracked 
| 160|0x000000008be00000, 0x000000008be00000, 0x000000008bf00000|  0%| F|  |TAMS 0x000000008be00000, 0x000000008be00000| Untracked 
| 161|0x000000008bf00000, 0x000000008bf00000, 0x000000008c000000|  0%| F|  |TAMS 0x000000008bf00000, 0x000000008bf00000| Untracked 
| 162|0x000000008c000000, 0x000000008c000000, 0x000000008c100000|  0%| F|  |TAMS 0x000000008c000000, 0x000000008c000000| Untracked 
| 163|0x000000008c100000, 0x000000008c100000, 0x000000008c200000|  0%| F|  |TAMS 0x000000008c100000, 0x000000008c100000| Untracked 
| 164|0x000000008c200000, 0x000000008c200000, 0x000000008c300000|  0%| F|  |TAMS 0x000000008c200000, 0x000000008c200000| Untracked 
| 165|0x000000008c300000, 0x000000008c300000, 0x000000008c400000|  0%| F|  |TAMS 0x000000008c300000, 0x000000008c300000| Untracked 
| 166|0x000000008c400000, 0x000000008c400000, 0x000000008c500000|  0%| F|  |TAMS 0x000000008c400000, 0x000000008c400000| Untracked 
| 167|0x000000008c500000, 0x000000008c500000, 0x000000008c600000|  0%| F|  |TAMS 0x000000008c500000, 0x000000008c500000| Untracked 
| 168|0x000000008c600000, 0x000000008c600000, 0x000000008c700000|  0%| F|  |TAMS 0x000000008c600000, 0x000000008c600000| Untracked 
| 169|0x000000008c700000, 0x000000008c700000, 0x000000008c800000|  0%| F|  |TAMS 0x000000008c700000, 0x000000008c700000| Untracked 
| 170|0x000000008c800000, 0x000000008c800000, 0x000000008c900000|  0%| F|  |TAMS 0x000000008c800000, 0x000000008c800000| Untracked 
| 171|0x000000008c900000, 0x000000008c900000, 0x000000008ca00000|  0%| F|  |TAMS 0x000000008c900000, 0x000000008c900000| Untracked 
| 172|0x000000008ca00000, 0x000000008ca00000, 0x000000008cb00000|  0%| F|  |TAMS 0x000000008ca00000, 0x000000008ca00000| Untracked 
| 173|0x000000008cb00000, 0x000000008cb00000, 0x000000008cc00000|  0%| F|  |TAMS 0x000000008cb00000, 0x000000008cb00000| Untracked 
| 174|0x000000008cc00000, 0x000000008cd00000, 0x000000008cd00000|100%| E|  |TAMS 0x000000008cc00000, 0x000000008cc00000| Complete 
| 175|0x000000008cd00000, 0x000000008ce00000, 0x000000008ce00000|100%| E|CS|TAMS 0x000000008cd00000, 0x000000008cd00000| Complete 
| 176|0x000000008ce00000, 0x000000008cf00000, 0x000000008cf00000|100%| E|CS|TAMS 0x000000008ce00000, 0x000000008ce00000| Complete 
| 177|0x000000008cf00000, 0x000000008d000000, 0x000000008d000000|100%| E|CS|TAMS 0x000000008cf00000, 0x000000008cf00000| Complete 
| 178|0x000000008d000000, 0x000000008d100000, 0x000000008d100000|100%| E|CS|TAMS 0x000000008d000000, 0x000000008d000000| Complete 
| 179|0x000000008d100000, 0x000000008d200000, 0x000000008d200000|100%| E|CS|TAMS 0x000000008d100000, 0x000000008d100000| Complete 
| 180|0x000000008d200000, 0x000000008d300000, 0x000000008d300000|100%| E|CS|TAMS 0x000000008d200000, 0x000000008d200000| Complete 
| 181|0x000000008d300000, 0x000000008d400000, 0x000000008d400000|100%| E|CS|TAMS 0x000000008d300000, 0x000000008d300000| Complete 
| 182|0x000000008d400000, 0x000000008d500000, 0x000000008d500000|100%| E|CS|TAMS 0x000000008d400000, 0x000000008d400000| Complete 
| 183|0x000000008d500000, 0x000000008d600000, 0x000000008d600000|100%| E|CS|TAMS 0x000000008d500000, 0x000000008d500000| Complete 
| 184|0x000000008d600000, 0x000000008d700000, 0x000000008d700000|100%| E|CS|TAMS 0x000000008d600000, 0x000000008d600000| Complete 
| 185|0x000000008d700000, 0x000000008d800000, 0x000000008d800000|100%| E|CS|TAMS 0x000000008d700000, 0x000000008d700000| Complete 
| 186|0x000000008d800000, 0x000000008d900000, 0x000000008d900000|100%| E|CS|TAMS 0x000000008d800000, 0x000000008d800000| Complete 
| 187|0x000000008d900000, 0x000000008da00000, 0x000000008da00000|100%| E|CS|TAMS 0x000000008d900000, 0x000000008d900000| Complete 
| 188|0x000000008da00000, 0x000000008db00000, 0x000000008db00000|100%| E|CS|TAMS 0x000000008da00000, 0x000000008da00000| Complete 
| 189|0x000000008db00000, 0x000000008dc00000, 0x000000008dc00000|100%| E|CS|TAMS 0x000000008db00000, 0x000000008db00000| Complete 
| 190|0x000000008dc00000, 0x000000008dd00000, 0x000000008dd00000|100%| E|CS|TAMS 0x000000008dc00000, 0x000000008dc00000| Complete 
| 191|0x000000008dd00000, 0x000000008de00000, 0x000000008de00000|100%| E|CS|TAMS 0x000000008dd00000, 0x000000008dd00000| Complete 

Card table byte_map: [0x000001d5f5a30000,0x000001d5f5e30000] _byte_map_base: 0x000001d5f5621000

Marking Bits (Prev, Next): (CMBitMap*) 0x000001d5e08f8500, (CMBitMap*) 0x000001d5e08f84c8
 Prev Bits: [0x000001d5f81c0000, 0x000001d5fa148000)
 Next Bits: [0x000001d5f6230000, 0x000001d5f81b8000)

Polling page: 0x000001d5e0990000

Metaspace:

Usage:
  Non-class:     57.56 MB capacity,    57.02 MB (>99%) used,   438.63 KB ( <1%) free+waste,   112.63 KB ( <1%) overhead. 
      Class:      7.74 MB capacity,     7.40 MB ( 96%) used,   300.28 KB (  4%) free+waste,    50.00 KB ( <1%) overhead. 
       Both:     65.30 MB capacity,    64.42 MB ( 99%) used,   738.91 KB (  1%) free+waste,   162.63 KB ( <1%) overhead. 

Virtual space:
  Non-class space:       58.00 MB reserved,      57.69 MB (>99%) committed 
      Class space:        1.00 GB reserved,       7.80 MB ( <1%) committed 
             Both:        1.06 GB reserved,      65.49 MB (  6%) committed 

Chunk freelists:
   Non-Class:  9.00 KB
       Class:  10.00 KB
        Both:  19.00 KB

MaxMetaspaceSize: 17179869184.00 GB
CompressedClassSpaceSize: 1.00 GB
Initial GC threshold: 20.80 MB
Current GC threshold: 97.90 MB
CDS: off

CodeHeap 'non-profiled nmethods': size=120000Kb used=2663Kb max_used=2663Kb free=117336Kb
 bounds [0x000001d5ed690000, 0x000001d5ed930000, 0x000001d5f4bc0000]
CodeHeap 'profiled nmethods': size=120000Kb used=17836Kb max_used=17836Kb free=102163Kb
 bounds [0x000001d5e6160000, 0x000001d5e72d0000, 0x000001d5ed690000]
CodeHeap 'non-nmethods': size=5760Kb used=1301Kb max_used=1340Kb free=4458Kb
 bounds [0x000001d5e5bc0000, 0x000001d5e5e30000, 0x000001d5e6160000]
 total_blobs=8420 nmethods=7833 adapters=497
 compilation: enabled
              stopped_count=0, restarted_count=0
 full_count=0

Compilation events (20 events):
Event: 9.601 Thread 0x000001d5fd564000 7914       2       org.jetbrains.kotlin.com.intellij.psi.impl.source.tree.LeafPsiElement::accept (15 bytes)
Event: 9.602 Thread 0x000001d5fd564000 nmethod 7914 0x000001d5e72a2010 code [0x000001d5e72a21e0, 0x000001d5e72a2338]
Event: 9.602 Thread 0x000001d5fd564000 7911       1       org.jetbrains.kotlin.cfg.pseudocode.instructions.InstructionImpl::getPreviousInstructions (5 bytes)
Event: 9.602 Thread 0x000001d5fd564000 nmethod 7911 0x000001d5ed925110 code [0x000001d5ed9252c0, 0x000001d5ed925378]
Event: 9.602 Thread 0x000001d5fd564000 7915       1       org.jetbrains.kotlin.cfg.ControlFlowInformationProviderImpl::access$getTrace$p (5 bytes)
Event: 9.602 Thread 0x000001d5fd564000 nmethod 7915 0x000001d5ed925410 code [0x000001d5ed9255c0, 0x000001d5ed925658]
Event: 9.602 Thread 0x000001d5fd564000 7916       1       org.jetbrains.kotlin.cfg.ControlFlowInformationProviderImpl$VariableContext::getVariableDescriptor$cfg (5 bytes)
Event: 9.602 Thread 0x000001d5fd564000 nmethod 7916 0x000001d5ed925710 code [0x000001d5ed9258c0, 0x000001d5ed925978]
Event: 9.602 Thread 0x000001d5fd564000 7912       1       org.jetbrains.kotlin.cfg.pseudocode.instructions.KtElementInstructionImpl::getElement (5 bytes)
Event: 9.602 Thread 0x000001d5fd564000 nmethod 7912 0x000001d5ed925a10 code [0x000001d5ed925bc0, 0x000001d5ed925c78]
Event: 9.602 Thread 0x000001d5fd564000 7917       2       org.jetbrains.kotlin.cfg.pseudocode.instructions.InstructionImpl::getOwner (9 bytes)
Event: 9.603 Thread 0x000001d5fd564000 nmethod 7917 0x000001d5e72a2410 code [0x000001d5e72a2600, 0x000001d5e72a2868]
Event: 9.603 Thread 0x000001d5fd564000 7918       2       org.jetbrains.kotlin.com.intellij.openapi.vfs.local.CoreLocalVirtualFile::<init> (42 bytes)
Event: 9.603 Thread 0x000001d5fd564000 nmethod 7918 0x000001d5e72a2a10 code [0x000001d5e72a2c20, 0x000001d5e72a3158]
Event: 9.603 Thread 0x000001d5fd564000 7919       1       org.jetbrains.kotlin.cfg.pseudocodeTraverser.Edges::getIncoming (5 bytes)
Event: 9.603 Thread 0x000001d5fd564000 nmethod 7919 0x000001d5ed925d10 code [0x000001d5ed925ec0, 0x000001d5ed925f78]
Event: 9.604 Thread 0x000001d5fd564000 7920       1       org.jetbrains.kotlin.cfg.pseudocodeTraverser.Edges::getOutgoing (5 bytes)
Event: 9.604 Thread 0x000001d5fd564000 nmethod 7920 0x000001d5ed926010 code [0x000001d5ed9261c0, 0x000001d5ed926278]
Event: 9.604 Thread 0x000001d5fd564000 7921       2       java.lang.AbstractStringBuilder::append (45 bytes)
Event: 9.605 Thread 0x000001d5fd564000 nmethod 7921 0x000001d5e72a3310 code [0x000001d5e72a34e0, 0x000001d5e72a3718]

GC Heap History (18 events):
Event: 0.639 GC heap before
{Heap before GC invocations=0 (full 0):
 garbage-first heap   total 131072K, used 28672K [0x0000000081e00000, 0x0000000100000000)
  region size 1024K, 24 young (24576K), 0 survivors (0K)
 Metaspace       used 12121K, capacity 12222K, committed 12416K, reserved 1060864K
  class space    used 1082K, capacity 1113K, committed 1152K, reserved 1048576K
}
Event: 0.643 GC heap after
{Heap after GC invocations=1 (full 0):
 garbage-first heap   total 131072K, used 7285K [0x0000000081e00000, 0x0000000100000000)
  region size 1024K, 3 young (3072K), 3 survivors (3072K)
 Metaspace       used 12121K, capacity 12222K, committed 12416K, reserved 1060864K
  class space    used 1082K, capacity 1113K, committed 1152K, reserved 1048576K
}
Event: 1.397 GC heap before
{Heap before GC invocations=1 (full 0):
 garbage-first heap   total 131072K, used 46197K [0x0000000081e00000, 0x0000000100000000)
  region size 1024K, 42 young (43008K), 3 survivors (3072K)
 Metaspace       used 20974K, capacity 21197K, committed 21296K, reserved 1069056K
  class space    used 2222K, capacity 2305K, committed 2352K, reserved 1048576K
}
Event: 1.410 GC heap after
{Heap after GC invocations=2 (full 0):
 garbage-first heap   total 131072K, used 11191K [0x0000000081e00000, 0x0000000100000000)
  region size 1024K, 7 young (7168K), 7 survivors (7168K)
 Metaspace       used 20974K, capacity 21197K, committed 21296K, reserved 1069056K
  class space    used 2222K, capacity 2305K, committed 2352K, reserved 1048576K
}
Event: 2.481 GC heap before
{Heap before GC invocations=3 (full 0):
 garbage-first heap   total 131072K, used 69559K [0x0000000081e00000, 0x0000000100000000)
  region size 1024K, 58 young (59392K), 7 survivors (7168K)
 Metaspace       used 32786K, capacity 33313K, committed 33584K, reserved 1079296K
  class space    used 4108K, capacity 4316K, committed 4400K, reserved 1048576K
}
Event: 2.504 GC heap after
{Heap after GC invocations=4 (full 0):
 garbage-first heap   total 131072K, used 23641K [0x0000000081e00000, 0x0000000100000000)
  region size 1024K, 8 young (8192K), 8 survivors (8192K)
 Metaspace       used 32786K, capacity 33313K, committed 33584K, reserved 1079296K
  class space    used 4108K, capacity 4316K, committed 4400K, reserved 1048576K
}
Event: 2.658 GC heap before
{Heap before GC invocations=4 (full 0):
 garbage-first heap   total 131072K, used 30809K [0x0000000081e00000, 0x0000000100000000)
  region size 1024K, 16 young (16384K), 8 survivors (8192K)
 Metaspace       used 35003K, capacity 35462K, committed 35632K, reserved 1081344K
  class space    used 4362K, capacity 4542K, committed 4656K, reserved 1048576K
}
Event: 2.670 GC heap after
{Heap after GC invocations=5 (full 0):
 garbage-first heap   total 131072K, used 24956K [0x0000000081e00000, 0x0000000100000000)
  region size 1024K, 1 young (1024K), 1 survivors (1024K)
 Metaspace       used 35003K, capacity 35462K, committed 35632K, reserved 1081344K
  class space    used 4362K, capacity 4542K, committed 4656K, reserved 1048576K
}
Event: 3.384 GC heap before
{Heap before GC invocations=6 (full 0):
 garbage-first heap   total 131072K, used 67964K [0x0000000081e00000, 0x0000000100000000)
  region size 1024K, 43 young (44032K), 1 survivors (1024K)
 Metaspace       used 42272K, capacity 42775K, committed 43056K, reserved 1087488K
  class space    used 5069K, capacity 5292K, committed 5424K, reserved 1048576K
}
Event: 3.394 GC heap after
{Heap after GC invocations=7 (full 0):
 garbage-first heap   total 157696K, used 27957K [0x0000000081e00000, 0x0000000100000000)
  region size 1024K, 6 young (6144K), 6 survivors (6144K)
 Metaspace       used 42272K, capacity 42775K, committed 43056K, reserved 1087488K
  class space    used 5069K, capacity 5292K, committed 5424K, reserved 1048576K
}
Event: 4.424 GC heap before
{Heap before GC invocations=7 (full 0):
 garbage-first heap   total 157696K, used 86325K [0x0000000081e00000, 0x0000000100000000)
  region size 1024K, 60 young (61440K), 6 survivors (6144K)
 Metaspace       used 50677K, capacity 51356K, committed 51632K, reserved 1095680K
  class space    used 5958K, capacity 6224K, committed 6320K, reserved 1048576K
}
Event: 4.441 GC heap after
{Heap after GC invocations=8 (full 0):
 garbage-first heap   total 157696K, used 34049K [0x0000000081e00000, 0x0000000100000000)
  region size 1024K, 5 young (5120K), 5 survivors (5120K)
 Metaspace       used 50677K, capacity 51356K, committed 51632K, reserved 1095680K
  class space    used 5958K, capacity 6224K, committed 6320K, reserved 1048576K
}
Event: 6.326 GC heap before
{Heap before GC invocations=8 (full 0):
 garbage-first heap   total 157696K, used 91393K [0x0000000081e00000, 0x0000000100000000)
  region size 1024K, 61 young (62464K), 5 survivors (5120K)
 Metaspace       used 57886K, capacity 58562K, committed 58800K, reserved 1101824K
  class space    used 6692K, capacity 6980K, committed 7088K, reserved 1048576K
}
Event: 6.352 GC heap after
{Heap after GC invocations=9 (full 0):
 garbage-first heap   total 157696K, used 42789K [0x0000000081e00000, 0x0000000100000000)
  region size 1024K, 8 young (8192K), 8 survivors (8192K)
 Metaspace       used 57886K, capacity 58562K, committed 58800K, reserved 1101824K
  class space    used 6692K, capacity 6980K, committed 7088K, reserved 1048576K
}
Event: 7.207 GC heap before
{Heap before GC invocations=9 (full 0):
 garbage-first heap   total 157696K, used 80677K [0x0000000081e00000, 0x0000000100000000)
  region size 1024K, 46 young (47104K), 8 survivors (8192K)
 Metaspace       used 58894K, capacity 59610K, committed 59816K, reserved 1101824K
  class space    used 6780K, capacity 7052K, committed 7088K, reserved 1048576K
}
Event: 7.243 GC heap after
{Heap after GC invocations=10 (full 0):
 garbage-first heap   total 157696K, used 49624K [0x0000000081e00000, 0x0000000100000000)
  region size 1024K, 7 young (7168K), 7 survivors (7168K)
 Metaspace       used 58894K, capacity 59610K, committed 59816K, reserved 1101824K
  class space    used 6780K, capacity 7052K, committed 7088K, reserved 1048576K
}
Event: 9.056 GC heap before
{Heap before GC invocations=11 (full 0):
 garbage-first heap   total 157696K, used 99800K [0x0000000081e00000, 0x0000000100000000)
  region size 1024K, 56 young (57344K), 7 survivors (7168K)
 Metaspace       used 63831K, capacity 64677K, committed 64884K, reserved 1105920K
  class space    used 7400K, capacity 7754K, committed 7856K, reserved 1048576K
}
Event: 9.081 GC heap after
{Heap after GC invocations=12 (full 0):
 garbage-first heap   total 196608K, used 54669K [0x0000000081e00000, 0x0000000100000000)
  region size 1024K, 6 young (6144K), 6 survivors (6144K)
 Metaspace       used 63831K, capacity 64677K, committed 64884K, reserved 1105920K
  class space    used 7400K, capacity 7754K, committed 7856K, reserved 1048576K
}

Deoptimization events (20 events):
Event: 9.425 Thread 0x000001d5e08b7800 DEOPT PACKING pc=0x000001d5ed77e394 sp=0x000000c5ec9fafe0
Event: 9.425 Thread 0x000001d5e08b7800 DEOPT UNPACKING pc=0x000001d5e5c0a1af sp=0x000000c5ec9faf68 mode 2
Event: 9.495 Thread 0x000001d5e08b7800 DEOPT PACKING pc=0x000001d5e695db5b sp=0x000000c5ec9fb8c0
Event: 9.495 Thread 0x000001d5e08b7800 DEOPT UNPACKING pc=0x000001d5e5c0a95e sp=0x000000c5ec9fad60 mode 0
Event: 9.500 Thread 0x000001d5e08b7800 Uncommon trap: trap_request=0xffffff4d fr.pc=0x000001d5ed86dc5c relative=0x000000000000057c
Event: 9.500 Thread 0x000001d5e08b7800 Uncommon trap: reason=unstable_if action=reinterpret pc=0x000001d5ed86dc5c method=java.lang.String.replace(CC)Ljava/lang/String; @ 2 c2
Event: 9.500 Thread 0x000001d5e08b7800 DEOPT PACKING pc=0x000001d5ed86dc5c sp=0x000000c5ec9fc330
Event: 9.500 Thread 0x000001d5e08b7800 DEOPT UNPACKING pc=0x000001d5e5c0a1af sp=0x000000c5ec9fc2e0 mode 2
Event: 9.588 Thread 0x000001d5e08b7800 Uncommon trap: trap_request=0xffffff4d fr.pc=0x000001d5ed8ea24c relative=0x000000000000050c
Event: 9.588 Thread 0x000001d5e08b7800 Uncommon trap: reason=unstable_if action=reinterpret pc=0x000001d5ed8ea24c method=java.lang.AbstractStringBuilder.putStringAt(ILjava/lang/String;)V @ 8 c2
Event: 9.588 Thread 0x000001d5e08b7800 DEOPT PACKING pc=0x000001d5ed8ea24c sp=0x000000c5ec9fd500
Event: 9.588 Thread 0x000001d5e08b7800 DEOPT UNPACKING pc=0x000001d5e5c0a1af sp=0x000000c5ec9fd418 mode 2
Event: 9.588 Thread 0x000001d5e08b7800 Uncommon trap: trap_request=0xffffff4d fr.pc=0x000001d5ed8dd3c8 relative=0x0000000000000508
Event: 9.588 Thread 0x000001d5e08b7800 Uncommon trap: reason=unstable_if action=reinterpret pc=0x000001d5ed8dd3c8 method=java.lang.AbstractStringBuilder.putStringAt(ILjava/lang/String;)V @ 8 c2
Event: 9.588 Thread 0x000001d5e08b7800 DEOPT PACKING pc=0x000001d5ed8dd3c8 sp=0x000000c5ec9fd4b0
Event: 9.588 Thread 0x000001d5e08b7800 DEOPT UNPACKING pc=0x000001d5e5c0a1af sp=0x000000c5ec9fd420 mode 2
Event: 9.588 Thread 0x000001d5e08b7800 Uncommon trap: trap_request=0xffffff4d fr.pc=0x000001d5ed6cef40 relative=0x0000000000000380
Event: 9.588 Thread 0x000001d5e08b7800 Uncommon trap: reason=unstable_if action=reinterpret pc=0x000001d5ed6cef40 method=java.lang.AbstractStringBuilder.isLatin1()Z @ 10 c2
Event: 9.588 Thread 0x000001d5e08b7800 DEOPT PACKING pc=0x000001d5ed6cef40 sp=0x000000c5ec9fd530
Event: 9.588 Thread 0x000001d5e08b7800 DEOPT UNPACKING pc=0x000001d5e5c0a1af sp=0x000000c5ec9fd4b0 mode 2

Classes redefined (0 events):
No events

Internal exceptions (20 events):
Event: 5.566 Thread 0x000001d5e08b7800 Exception <a 'java/lang/NoSuchMethodError'{0x0000000089231038}: 'java.lang.Object java.lang.invoke.DirectMethodHandle$Holder.invokeStaticInit(java.lang.Object, java.lang.Object, java.lang.Object)'> (0x0000000089231038) thrown at [./src/hotspot/share/interpreter/linkResolver.cpp, line 773]
Event: 6.787 Thread 0x000001d5e08b7800 Exception <a 'java/lang/NoSuchMethodError'{0x000000008a779d78}: 'java.lang.Object java.lang.invoke.DirectMethodHandle$Holder.invokeStatic(java.lang.Object, int, java.lang.Object, java.lang.Object)'> (0x000000008a779d78) thrown at [./src/hotspot/share/interpreter/linkResolver.cpp, line 773]
Event: 6.789 Thread 0x000001d5e08b7800 Exception <a 'java/lang/NoSuchMethodError'{0x000000008a7844d0}: 'int java.lang.invoke.DirectMethodHandle$Holder.invokeInterface(java.lang.Object, java.lang.Object)'> (0x000000008a7844d0) thrown at [./src/hotspot/share/interpreter/linkResolver.cpp, line 773]
Event: 7.013 Thread 0x000001d5e08b7800 Exception <a 'java/lang/NoSuchMethodError'{0x0000000089e81530}: 'java.lang.Object java.lang.invoke.Invokers$Holder.linkToTargetMethod(java.lang.Object, java.lang.Object, java.lang.Object, java.lang.Object, java.lang.Object, java.lang.Object)'> (0x0000000089e81530) thrown at [./src/hotspot/share/interpreter/linkResolver.cpp, line 773]
Event: 7.304 Thread 0x000001d5e08b7800 Implicit null exception at 0x000001d5ed88707c to 0x000001d5ed88813c
Event: 7.559 Thread 0x000001d5e08b7800 Implicit null exception at 0x000001d5ed84eb31 to 0x000001d5ed84eed8
Event: 7.567 Thread 0x000001d5e08b7800 Implicit null exception at 0x000001d5ed7befcc to 0x000001d5ed7bf0a8
Event: 7.567 Thread 0x000001d5e08b7800 Implicit null exception at 0x000001d5ed6f845e to 0x000001d5ed6f8bca
Event: 7.568 Thread 0x000001d5e08b7800 Implicit null exception at 0x000001d5ed6c5daf to 0x000001d5ed6c5e1d
Event: 7.599 Thread 0x000001d5e08b7800 Implicit null exception at 0x000001d5ed7354f5 to 0x000001d5ed7356c8
Event: 7.702 Thread 0x000001d5e08b7800 Implicit null exception at 0x000001d5ed6ae2f7 to 0x000001d5ed6ae800
Event: 7.860 Thread 0x000001d5e08b7800 Exception <a 'java/lang/NoSuchMethodError'{0x000000008a6060b8}: 'java.lang.Object java.lang.invoke.DirectMethodHandle$Holder.invokeInterface(java.lang.Object, java.lang.Object, java.lang.Object)'> (0x000000008a6060b8) thrown at [./src/hotspot/share/interpreter/linkResolver.cpp, line 773]
Event: 7.861 Thread 0x000001d5e08b7800 Exception <a 'java/lang/IncompatibleClassChangeError'{0x000000008a6092e8}: Found class java.lang.Object, but interface was expected> (0x000000008a6092e8) thrown at [./src/hotspot/share/interpreter/linkResolver.cpp, line 839]
Event: 7.892 Thread 0x000001d5e08b7800 Implicit null exception at 0x000001d5ed6abdf4 to 0x000001d5ed6ac310
Event: 7.986 Thread 0x000001d5e08b7800 Exception <a 'java/lang/NoSuchMethodError'{0x000000008a43bc48}: 'java.lang.Object java.lang.invoke.Invokers$Holder.linkToTargetMethod(java.lang.Object, java.lang.Object, java.lang.Object, int, int, java.lang.Object)'> (0x000000008a43bc48) thrown at [./src/hotspot/share/interpreter/linkResolver.cpp, line 773]
Event: 8.147 Thread 0x000001d5e08b7800 Exception <a 'java/lang/NoSuchMethodError'{0x000000008a3c0848}: 'int java.lang.invoke.DirectMethodHandle$Holder.invokeStaticInit(java.lang.Object, int)'> (0x000000008a3c0848) thrown at [./src/hotspot/share/interpreter/linkResolver.cpp, line 773]
Event: 8.494 Thread 0x000001d5e08b7800 Exception <a 'java/lang/NoSuchMethodError'{0x0000000089756a70}: 'int java.lang.invoke.DirectMethodHandle$Holder.invokeVirtual(java.lang.Object, java.lang.Object, java.lang.Object)'> (0x0000000089756a70) thrown at [./src/hotspot/share/interpreter/linkResolver.cpp, line 773]
Event: 8.600 Thread 0x000001d5e08b7800 Exception <a 'java/lang/NoSuchMethodError'{0x0000000089415e28}: 'void java.lang.invoke.DirectMethodHandle$Holder.invokeInterface(java.lang.Object, java.lang.Object)'> (0x0000000089415e28) thrown at [./src/hotspot/share/interpreter/linkResolver.cpp, line 773]
Event: 8.663 Thread 0x000001d5e08b7800 Exception <a 'java/lang/IncompatibleClassChangeError'{0x00000000893c0e08}: Found class java.lang.Object, but interface was expected> (0x00000000893c0e08) thrown at [./src/hotspot/share/interpreter/linkResolver.cpp, line 839]
Event: 9.421 Thread 0x000001d5e08b7800 Implicit null exception at 0x000001d5ed6f4e75 to 0x000001d5ed6f5034

Events (20 events):
Event: 9.597 loading class org/jetbrains/kotlin/com/intellij/psi/PsiRecursiveElementVisitor
Event: 9.597 loading class org/jetbrains/kotlin/com/intellij/psi/PsiRecursiveElementVisitor done
Event: 9.597 loading class org/jetbrains/kotlin/cfg/ControlFlowInformationProviderImpl$markUnusedExpressions$1
Event: 9.597 loading class org/jetbrains/kotlin/cfg/ControlFlowInformationProviderImpl$markUnusedExpressions$1 done
Event: 9.597 loading class org/jetbrains/kotlin/cfg/ControlFlowInformationProviderImpl$checkIfExpressions$1
Event: 9.597 loading class org/jetbrains/kotlin/cfg/ControlFlowInformationProviderImpl$checkIfExpressions$1 done
Event: 9.598 loading class org/jetbrains/kotlin/cfg/ControlFlowInformationProviderImpl$checkWhenExpressions$1
Event: 9.598 loading class org/jetbrains/kotlin/cfg/ControlFlowInformationProviderImpl$checkWhenExpressions$1 done
Event: 9.602 loading class org/jetbrains/kotlin/cfg/variable/VariableUseState
Event: 9.602 loading class org/jetbrains/kotlin/cfg/variable/VariableUseState done
Event: 9.603 loading class org/jetbrains/kotlin/cfg/variable/VariableUseState$Companion
Event: 9.603 loading class org/jetbrains/kotlin/cfg/variable/VariableUseState$Companion done
Event: 9.604 loading class org/jetbrains/kotlin/cfg/pseudocode/instructions/jumps/ReturnValueInstruction
Event: 9.604 loading class org/jetbrains/kotlin/cfg/pseudocode/instructions/jumps/ReturnValueInstruction done
Event: 9.604 loading class org/jetbrains/kotlin/cfg/pseudocode/instructions/jumps/AbstractJumpInstruction
Event: 9.604 loading class org/jetbrains/kotlin/cfg/pseudocode/instructions/jumps/AbstractJumpInstruction done
Event: 9.605 loading class org/jetbrains/kotlin/cfg/ConstructorConsistencyChecker
Event: 9.605 loading class org/jetbrains/kotlin/cfg/ConstructorConsistencyChecker done
Event: 9.606 loading class org/jetbrains/kotlin/cfg/ConstructorConsistencyChecker$Companion
Event: 9.606 loading class org/jetbrains/kotlin/cfg/ConstructorConsistencyChecker$Companion done


Dynamic libraries:
0x00007ff61ad50000 - 0x00007ff61ad5a000 	C:\Program Files\Android\Android Studio\jre\bin\java.exe
0x00007ffce50f0000 - 0x00007ffce5304000 	C:\Windows\SYSTEM32\ntdll.dll
0x00007ffce3650000 - 0x00007ffce3713000 	C:\Windows\System32\KERNEL32.DLL
0x00007ffce2510000 - 0x00007ffce28ad000 	C:\Windows\System32\KERNELBASE.dll
0x00007ffce2ca0000 - 0x00007ffce2db1000 	C:\Windows\System32\ucrtbase.dll
0x00007ffcd3380000 - 0x00007ffcd3397000 	C:\Program Files\Android\Android Studio\jre\bin\VCRUNTIME140.dll
0x00007ffcdbcf0000 - 0x00007ffcdbd09000 	C:\Program Files\Android\Android Studio\jre\bin\jli.dll
0x00007ffce3140000 - 0x00007ffce32ed000 	C:\Windows\System32\USER32.dll
0x00007ffcc9a90000 - 0x00007ffcc9d1e000 	C:\Windows\WinSxS\amd64_microsoft.windows.common-controls_6595b64144ccf1df_6.0.22621.608_none_a9444ca7c10bb01d\COMCTL32.dll
0x00007ffce29f0000 - 0x00007ffce2a16000 	C:\Windows\System32\win32u.dll
0x00007ffce3df0000 - 0x00007ffce3e97000 	C:\Windows\System32\msvcrt.dll
0x00007ffce3dc0000 - 0x00007ffce3de9000 	C:\Windows\System32\GDI32.dll
0x00007ffce2dc0000 - 0x00007ffce2ed2000 	C:\Windows\System32\gdi32full.dll
0x00007ffce2a20000 - 0x00007ffce2aba000 	C:\Windows\System32\msvcp_win.dll
0x00007ffce3720000 - 0x00007ffce3752000 	C:\Windows\System32\IMM32.DLL
0x00007ffcc66c0000 - 0x00007ffcc675d000 	C:\Program Files\Android\Android Studio\jre\bin\msvcp140.dll
0x00007ffcb7f50000 - 0x00007ffcb8a52000 	C:\Program Files\Android\Android Studio\jre\bin\server\jvm.dll
0x00007ffce2f70000 - 0x00007ffce301e000 	C:\Windows\System32\ADVAPI32.dll
0x00007ffce3790000 - 0x00007ffce3834000 	C:\Windows\System32\sechost.dll
0x00007ffce4770000 - 0x00007ffce4885000 	C:\Windows\System32\RPCRT4.dll
0x00007ffce48b0000 - 0x00007ffce48b8000 	C:\Windows\System32\PSAPI.DLL
0x00007ffcded30000 - 0x00007ffcded39000 	C:\Windows\SYSTEM32\WSOCK32.dll
0x00007ffcdbb10000 - 0x00007ffcdbb44000 	C:\Windows\SYSTEM32\WINMM.dll
0x00007ffcd16d0000 - 0x00007ffcd16da000 	C:\Windows\SYSTEM32\VERSION.dll
0x00007ffce3ea0000 - 0x00007ffce3f11000 	C:\Windows\System32\WS2_32.dll
0x00007ffce1610000 - 0x00007ffce1628000 	C:\Windows\SYSTEM32\kernel.appcore.dll
0x00007ffcdd820000 - 0x00007ffcdd831000 	C:\Program Files\Android\Android Studio\jre\bin\verify.dll
0x00007ffcdff20000 - 0x00007ffce014e000 	C:\Windows\SYSTEM32\DBGHELP.DLL
0x00007ffce38c0000 - 0x00007ffce3c4a000 	C:\Windows\System32\combase.dll
0x00007ffce4630000 - 0x00007ffce4707000 	C:\Windows\System32\OLEAUT32.dll
0x00007ffcdd7e0000 - 0x00007ffcdd812000 	C:\Windows\SYSTEM32\dbgcore.DLL
0x00007ffce28b0000 - 0x00007ffce292b000 	C:\Windows\System32\bcryptPrimitives.dll
0x00007ffcdcec0000 - 0x00007ffcdcee9000 	C:\Program Files\Android\Android Studio\jre\bin\java.dll
0x00007ffcdea00000 - 0x00007ffcdea0b000 	C:\Program Files\Android\Android Studio\jre\bin\jimage.dll
0x00007ffcdd160000 - 0x00007ffcdd178000 	C:\Program Files\Android\Android Studio\jre\bin\zip.dll
0x00007ffce48c0000 - 0x00007ffce50af000 	C:\Windows\System32\SHELL32.dll
0x00007ffce04f0000 - 0x00007ffce0db8000 	C:\Windows\SYSTEM32\windows.storage.dll
0x00007ffce03b0000 - 0x00007ffce04ee000 	C:\Windows\SYSTEM32\wintypes.dll
0x00007ffce3c50000 - 0x00007ffce3d41000 	C:\Windows\System32\SHCORE.dll
0x00007ffce4710000 - 0x00007ffce476e000 	C:\Windows\System32\shlwapi.dll
0x00007ffce2440000 - 0x00007ffce2461000 	C:\Windows\SYSTEM32\profapi.dll
0x00007ffcdcea0000 - 0x00007ffcdceba000 	C:\Program Files\Android\Android Studio\jre\bin\net.dll
0x00007ffcdbfa0000 - 0x00007ffcdc0cf000 	C:\Windows\SYSTEM32\WINHTTP.dll
0x00007ffce1a70000 - 0x00007ffce1ad9000 	C:\Windows\system32\mswsock.dll
0x00007ffcdce80000 - 0x00007ffcdce94000 	C:\Program Files\Android\Android Studio\jre\bin\nio.dll

dbghelp: loaded successfully - version: 4.0.5 - missing functions: none
symbol engine: initialized successfully - sym options: 0x614 - pdb path: .;C:\Program Files\Android\Android Studio\jre\bin;C:\Windows\SYSTEM32;C:\Windows\WinSxS\amd64_microsoft.windows.common-controls_6595b64144ccf1df_6.0.22621.608_none_a9444ca7c10bb01d;C:\Program Files\Android\Android Studio\jre\bin\server

VM Arguments:
java_command: org.jetbrains.kotlin.cli.jvm.K2JVMCompiler @C:\Users\mhyr\AndroidStudioProjects\MhyrFoodApp\app\build\20230208_9537748367627210666.compiler.options
java_class_path (initial): C:\Users\mhyr\.gradle\caches\modules-2\files-2.1\org.jetbrains.kotlin\kotlin-compiler-embeddable\1.7.20\8db18559a581dd2c36ddfd5046af145650f5b126\kotlin-compiler-embeddable-1.7.20.jar;C:\Users\mhyr\.gradle\caches\modules-2\files-2.1\org.jetbrains.kotlin\kotlin-reflect\1.7.20\12b2501e33bb6373e8e347c86d85481863629381\kotlin-reflect-1.7.20.jar;C:\Users\mhyr\.gradle\caches\modules-2\files-2.1\org.jetbrains.kotlin\kotlin-stdlib\1.7.20\726594ea9ba2beb2ee113647fefa9a10f9fabe52\kotlin-stdlib-1.7.20.jar;C:\Users\mhyr\.gradle\caches\modules-2\files-2.1\org.jetbrains.kotlin\kotlin-script-runtime\1.7.20\bcd1cc6f865e632550357fcc59f5ffd532615a8\kotlin-script-runtime-1.7.20.jar;C:\Users\mhyr\.gradle\caches\modules-2\files-2.1\org.jetbrains.kotlin\kotlin-daemon-embeddable\1.7.20\1e24355adad8d529d75d5b19eab55484057431ba\kotlin-daemon-embeddable-1.7.20.jar;C:\Users\mhyr\.gradle\caches\modules-2\files-2.1\org.jetbrains.intellij.deps\trove4j\1.0.20200330\3afb14d5f9ceb459d724e907a21145e8ff394f02\trove4j-1.0.20200330.jar;C:\Users\mhyr\.gradle\caches\modules-2\files-2.1\net.java.dev.jna\jna\5.6.0\330f2244e9030119ab3030fc3fededc86713d9cc\jna-5.6.0.jar;C:\Users\mhyr\.gradle\caches\modules-2\files-2.1\org.jetbrains.kotlin\kotlin-stdlib-common\1.7.20\e15351bdaf9fa06f009be5da7a202e4184f00ae3\kotlin-stdlib-common-1.7.20.jar;C:\Users\mhyr\.gradle\caches\modules-2\files-2.1\org.jetbrains\annotations\13.0\919f0dfe192fb4e063e7dacadee7f8bb9a2672a9\annotations-13.0.jar
Launcher Type: SUN_STANDARD

[Global flags]
     intx CICompilerCount                          = 4                                         {product} {ergonomic}
     uint ConcGCThreads                            = 2                                         {product} {ergonomic}
     uint G1ConcRefinementThreads                  = 8                                         {product} {ergonomic}
   size_t G1HeapRegionSize                         = 1048576                                   {product} {ergonomic}
    uintx GCDrainStackTargetSize                   = 64                                        {product} {ergonomic}
   size_t InitialHeapSize                          = 134217728                                 {product} {ergonomic}
   size_t MarkStackSize                            = 4194304                                   {product} {ergonomic}
   size_t MaxHeapSize                              = 2116026368                                {product} {ergonomic}
   size_t MaxNewSize                               = 1268776960                                {product} {ergonomic}
   size_t MinHeapDeltaBytes                        = 1048576                                   {product} {ergonomic}
    uintx NonNMethodCodeHeapSize                   = 5836300                                {pd product} {ergonomic}
    uintx NonProfiledCodeHeapSize                  = 122910970                              {pd product} {ergonomic}
    uintx ProfiledCodeHeapSize                     = 122910970                              {pd product} {ergonomic}
    uintx ReservedCodeCacheSize                    = 251658240                              {pd product} {ergonomic}
     bool SegmentedCodeCache                       = true                                      {product} {ergonomic}
     bool UseCompressedClassPointers               = true                                 {lp64_product} {ergonomic}
     bool UseCompressedOops                        = true                                 {lp64_product} {ergonomic}
     bool UseG1GC                                  = true                                      {product} {ergonomic}
     bool UseLargePagesIndividualAllocation        = false                                  {pd product} {ergonomic}

Logging:
Log output configuration:
 #0: stdout all=warning uptime,level,tags
 #1: stderr all=off uptime,level,tags

Environment Variables:
PATH=C:\Windows\system32;C:\Windows;C:\Windows\System32\Wbem;C:\Windows\System32\WindowsPowerShell\v1.0\;C:\Windows\System32\OpenSSH\;C:\Program Files\Git\cmd;C:\Users\mhyr\AppData\Local\Microsoft\WindowsApps;
USERNAME=mhyr
OS=Windows_NT
PROCESSOR_IDENTIFIER=Intel64 Family 6 Model 142 Stepping 10, GenuineIntel



---------------  S Y S T E M  ---------------

OS: Windows 11 , 64 bit Build 22621 (10.0.22621.1105)
OS uptime: 0 days 10:28 hours
Hyper-V role detected

CPU:total 8 (initial active 8) (4 cores per cpu, 2 threads per core) family 6 model 142 stepping 10 microcode 0xe0, cmov, cx8, fxsr, mmx, sse, sse2, sse3, ssse3, sse4.1, sse4.2, popcnt, avx, avx2, aes, clmul, erms, 3dnowpref, lzcnt, ht, tsc, tscinvbit, bmi1, bmi2, adx, fma

Memory: 4k page, system-wide physical 8070M (250M free)
TotalPageFile size 10118M (AvailPageFile size 6M)
current process WorkingSet (physical memory assigned to process): 333M, peak: 333M
current process commit charge ("private bytes"): 409M, peak: 412M

vm_info: OpenJDK 64-Bit Server VM (11.0.13+0-b1751.21-8125866) for windows-amd64 JRE (11.0.13+0-b1751.21-8125866), built on Feb  2 2022 03:00:22 by "builder" with MS VC++ 14.0 (VS2015)

END.
