#
# There is insufficient memory for the Java Runtime Environment to continue.
# Native memory allocation (mmap) failed to map 134217728 bytes for Failed to commit area from 0x0000000081e00000 to 0x0000000089e00000 of length 134217728.
# Possible reasons:
#   The system is out of physical RAM or swap space
#   The process is running with CompressedOops enabled, and the Java Heap may be blocking the growth of the native heap
# Possible solutions:
#   Reduce memory load on the system
#   Increase physical memory or swap space
#   Check if swap backing store is full
#   Decrease Java heap size (-Xmx/-Xms)
#   Decrease number of Java threads
#   Decrease Java thread stack sizes (-Xss)
#   Set larger code cache with -XX:ReservedCodeCacheSize=
# This output file may be truncated or incomplete.
#
#  Out of Memory Error (./src/hotspot/os/windows/os_windows.cpp:3619), pid=7152, tid=10564
#
# JRE version:  (11.0.13) (build )
# Java VM: OpenJDK 64-Bit Server VM (11.0.13+0-b1751.21-8125866, mixed mode, sharing, tiered, compressed oops, g1 gc, windows-amd64)
# No core dump will be written. Minidumps are not enabled by default on client versions of Windows
#

---------------  S U M M A R Y ------------

Command Line: org.jetbrains.kotlin.cli.jvm.K2JVMCompiler @C:\Users\mhyr\AndroidStudioProjects\MhyrFoodApp\app\build\20230208_4559896209005289800.compiler.options

Host: Intel(R) Core(TM) i7-8550U CPU @ 1.80GHz, 8 cores, 7G,  Windows 11 , 64 bit Build 22621 (10.0.22621.1105)
Time: Wed Feb  8 00:24:33 2023 Iran Standard Time elapsed time: 0.013269 seconds (0d 0h 0m 0s)

---------------  T H R E A D  ---------------

Current thread (0x000001b252968800):  JavaThread "Unknown thread" [_thread_in_vm, id=10564, stack(0x0000002c1be00000,0x0000002c1bf00000)]

Stack: [0x0000002c1be00000,0x0000002c1bf00000]
Native frames: (J=compiled Java code, j=interpreted, Vv=VM code, C=native code)
V  [jvm.dll+0x6100fa]
V  [jvm.dll+0x747090]
V  [jvm.dll+0x7486ad]
V  [jvm.dll+0x748d83]
V  [jvm.dll+0x24ab48]
V  [jvm.dll+0x60d164]
V  [jvm.dll+0x601e75]
V  [jvm.dll+0x308bdb]
V  [jvm.dll+0x308b4a]
V  [jvm.dll+0x308a22]
V  [jvm.dll+0x30d986]
V  [jvm.dll+0x357093]
V  [jvm.dll+0x357796]
V  [jvm.dll+0x357193]
V  [jvm.dll+0x2e3448]
V  [jvm.dll+0x2e45f7]
V  [jvm.dll+0x7242e7]
V  [jvm.dll+0x725adc]
V  [jvm.dll+0x364629]
V  [jvm.dll+0x707cee]
V  [jvm.dll+0x3d2633]
V  [jvm.dll+0x3d4a21]
C  [jli.dll+0x536b]
C  [ucrtbase.dll+0x29363]
C  [KERNEL32.DLL+0x126bd]
C  [ntdll.dll+0x5dfb8]


---------------  P R O C E S S  ---------------

Threads class SMR info:
_java_thread_list=0x000001b250785280, length=0, elements={
}

Java Threads: ( => current thread )

Other Threads:
  0x000001b252982000 GCTaskThread "GC Thread#0" [stack: 0x0000002c1bf00000,0x0000002c1c000000] [id=4828]
  0x000001b2529b1800 ConcurrentGCThread "G1 Main Marker" [stack: 0x0000002c1c000000,0x0000002c1c100000] [id=11172]
  0x000001b2529b3800 ConcurrentGCThread "G1 Conc#0" [stack: 0x0000002c1c100000,0x0000002c1c200000] [id=5764]

[error occurred during error reporting (printing all threads), id 0xc0000005, EXCEPTION_ACCESS_VIOLATION (0xc0000005) at pc=0x00007ffcb8243dd7]

VM state:not at safepoint (not fully initialized)

VM Mutex/Monitor currently owned by a thread:  ([mutex/lock_event])
[0x000001b2529647b0] Heap_lock - owner thread: 0x000001b252968800

Heap address: 0x0000000081e00000, size: 2018 MB, Compressed Oops mode: Non-zero based: 0x0000000081e00000
Narrow klass base: 0x0000000000000000, Narrow klass shift: 0

GC Heap History (0 events):
No events

Deoptimization events (0 events):
No events

Classes redefined (0 events):
No events

Internal exceptions (0 events):
No events

Events (1 events):
Event: 0.009 Loaded shared library C:\Program Files\Android\Android Studio\jre\bin\zip.dll


Dynamic libraries:
0x00007ff61ad50000 - 0x00007ff61ad5a000 	C:\Program Files\Android\Android Studio\jre\bin\java.exe
0x00007ffce50f0000 - 0x00007ffce5304000 	C:\Windows\SYSTEM32\ntdll.dll
0x00007ffce3650000 - 0x00007ffce3713000 	C:\Windows\System32\KERNEL32.DLL
0x00007ffce2510000 - 0x00007ffce28ad000 	C:\Windows\System32\KERNELBASE.dll
0x00007ffce2ca0000 - 0x00007ffce2db1000 	C:\Windows\System32\ucrtbase.dll
0x00007ffcdbcf0000 - 0x00007ffcdbd09000 	C:\Program Files\Android\Android Studio\jre\bin\jli.dll
0x00007ffcd3380000 - 0x00007ffcd3397000 	C:\Program Files\Android\Android Studio\jre\bin\VCRUNTIME140.dll
0x00007ffce3140000 - 0x00007ffce32ed000 	C:\Windows\System32\USER32.dll
0x00007ffcc9a90000 - 0x00007ffcc9d1e000 	C:\Windows\WinSxS\amd64_microsoft.windows.common-controls_6595b64144ccf1df_6.0.22621.608_none_a9444ca7c10bb01d\COMCTL32.dll
0x00007ffce29f0000 - 0x00007ffce2a16000 	C:\Windows\System32\win32u.dll
0x00007ffce3df0000 - 0x00007ffce3e97000 	C:\Windows\System32\msvcrt.dll
0x00007ffce3dc0000 - 0x00007ffce3de9000 	C:\Windows\System32\GDI32.dll
0x00007ffce2dc0000 - 0x00007ffce2ed2000 	C:\Windows\System32\gdi32full.dll
0x00007ffce2a20000 - 0x00007ffce2aba000 	C:\Windows\System32\msvcp_win.dll
0x00007ffce3720000 - 0x00007ffce3752000 	C:\Windows\System32\IMM32.DLL
0x00007ffcc66c0000 - 0x00007ffcc675d000 	C:\Program Files\Android\Android Studio\jre\bin\msvcp140.dll
0x00007ffcb7f50000 - 0x00007ffcb8a52000 	C:\Program Files\Android\Android Studio\jre\bin\server\jvm.dll
0x00007ffce2f70000 - 0x00007ffce301e000 	C:\Windows\System32\ADVAPI32.dll
0x00007ffce3790000 - 0x00007ffce3834000 	C:\Windows\System32\sechost.dll
0x00007ffce4770000 - 0x00007ffce4885000 	C:\Windows\System32\RPCRT4.dll
0x00007ffce48b0000 - 0x00007ffce48b8000 	C:\Windows\System32\PSAPI.DLL
0x00007ffcded30000 - 0x00007ffcded39000 	C:\Windows\SYSTEM32\WSOCK32.dll
0x00007ffcdbb10000 - 0x00007ffcdbb44000 	C:\Windows\SYSTEM32\WINMM.dll
0x00007ffce3ea0000 - 0x00007ffce3f11000 	C:\Windows\System32\WS2_32.dll
0x00007ffcd16d0000 - 0x00007ffcd16da000 	C:\Windows\SYSTEM32\VERSION.dll
0x00007ffce1610000 - 0x00007ffce1628000 	C:\Windows\SYSTEM32\kernel.appcore.dll
0x00007ffcdd820000 - 0x00007ffcdd831000 	C:\Program Files\Android\Android Studio\jre\bin\verify.dll
0x00007ffcdff20000 - 0x00007ffce014e000 	C:\Windows\SYSTEM32\DBGHELP.DLL
0x00007ffce38c0000 - 0x00007ffce3c4a000 	C:\Windows\System32\combase.dll
0x00007ffce4630000 - 0x00007ffce4707000 	C:\Windows\System32\OLEAUT32.dll
0x00007ffcdd7e0000 - 0x00007ffcdd812000 	C:\Windows\SYSTEM32\dbgcore.DLL
0x00007ffce28b0000 - 0x00007ffce292b000 	C:\Windows\System32\bcryptPrimitives.dll
0x00007ffcdcec0000 - 0x00007ffcdcee9000 	C:\Program Files\Android\Android Studio\jre\bin\java.dll
0x00007ffcdea00000 - 0x00007ffcdea0b000 	C:\Program Files\Android\Android Studio\jre\bin\jimage.dll
0x00007ffcdd160000 - 0x00007ffcdd178000 	C:\Program Files\Android\Android Studio\jre\bin\zip.dll

dbghelp: loaded successfully - version: 4.0.5 - missing functions: none
symbol engine: initialized successfully - sym options: 0x614 - pdb path: .;C:\Program Files\Android\Android Studio\jre\bin;C:\Windows\SYSTEM32;C:\Windows\WinSxS\amd64_microsoft.windows.common-controls_6595b64144ccf1df_6.0.22621.608_none_a9444ca7c10bb01d;C:\Program Files\Android\Android Studio\jre\bin\server

VM Arguments:
java_command: org.jetbrains.kotlin.cli.jvm.K2JVMCompiler @C:\Users\mhyr\AndroidStudioProjects\MhyrFoodApp\app\build\20230208_4559896209005289800.compiler.options
java_class_path (initial): C:\Users\mhyr\.gradle\caches\modules-2\files-2.1\org.jetbrains.kotlin\kotlin-compiler-embeddable\1.7.20\8db18559a581dd2c36ddfd5046af145650f5b126\kotlin-compiler-embeddable-1.7.20.jar;C:\Users\mhyr\.gradle\caches\modules-2\files-2.1\org.jetbrains.kotlin\kotlin-reflect\1.7.20\12b2501e33bb6373e8e347c86d85481863629381\kotlin-reflect-1.7.20.jar;C:\Users\mhyr\.gradle\caches\modules-2\files-2.1\org.jetbrains.kotlin\kotlin-stdlib\1.7.20\726594ea9ba2beb2ee113647fefa9a10f9fabe52\kotlin-stdlib-1.7.20.jar;C:\Users\mhyr\.gradle\caches\modules-2\files-2.1\org.jetbrains.kotlin\kotlin-script-runtime\1.7.20\bcd1cc6f865e632550357fcc59f5ffd532615a8\kotlin-script-runtime-1.7.20.jar;C:\Users\mhyr\.gradle\caches\modules-2\files-2.1\org.jetbrains.kotlin\kotlin-daemon-embeddable\1.7.20\1e24355adad8d529d75d5b19eab55484057431ba\kotlin-daemon-embeddable-1.7.20.jar;C:\Users\mhyr\.gradle\caches\modules-2\files-2.1\org.jetbrains.intellij.deps\trove4j\1.0.20200330\3afb14d5f9ceb459d724e907a21145e8ff394f02\trove4j-1.0.20200330.jar;C:\Users\mhyr\.gradle\caches\modules-2\files-2.1\net.java.dev.jna\jna\5.6.0\330f2244e9030119ab3030fc3fededc86713d9cc\jna-5.6.0.jar;C:\Users\mhyr\.gradle\caches\modules-2\files-2.1\org.jetbrains.kotlin\kotlin-stdlib-common\1.7.20\e15351bdaf9fa06f009be5da7a202e4184f00ae3\kotlin-stdlib-common-1.7.20.jar;C:\Users\mhyr\.gradle\caches\modules-2\files-2.1\org.jetbrains\annotations\13.0\919f0dfe192fb4e063e7dacadee7f8bb9a2672a9\annotations-13.0.jar
Launcher Type: SUN_STANDARD

[Global flags]
     intx CICompilerCount                          = 4                                         {product} {ergonomic}
     uint ConcGCThreads                            = 2                                         {product} {ergonomic}
     uint G1ConcRefinementThreads                  = 8                                         {product} {ergonomic}
   size_t G1HeapRegionSize                         = 1048576                                   {product} {ergonomic}
    uintx GCDrainStackTargetSize                   = 64                                        {product} {ergonomic}
   size_t InitialHeapSize                          = 134217728                                 {product} {ergonomic}
   size_t MarkStackSize                            = 4194304                                   {product} {ergonomic}
   size_t MaxHeapSize                              = 2116026368                                {product} {ergonomic}
   size_t MinHeapDeltaBytes                        = 1048576                                   {product} {ergonomic}
    uintx NonNMethodCodeHeapSize                   = 5836300                                {pd product} {ergonomic}
    uintx NonProfiledCodeHeapSize                  = 122910970                              {pd product} {ergonomic}
    uintx ProfiledCodeHeapSize                     = 122910970                              {pd product} {ergonomic}
    uintx ReservedCodeCacheSize                    = 251658240                              {pd product} {ergonomic}
     bool SegmentedCodeCache                       = true                                      {product} {ergonomic}
     bool UseCompressedClassPointers               = true                                 {lp64_product} {ergonomic}
     bool UseCompressedOops                        = true                                 {lp64_product} {ergonomic}
     bool UseG1GC                                  = true                                      {product} {ergonomic}
     bool UseLargePagesIndividualAllocation        = false                                  {pd product} {ergonomic}

Logging:
Log output configuration:
 #0: stdout all=warning uptime,level,tags
 #1: stderr all=off uptime,level,tags

Environment Variables:
PATH=C:\Windows\system32;C:\Windows;C:\Windows\System32\Wbem;C:\Windows\System32\WindowsPowerShell\v1.0\;C:\Windows\System32\OpenSSH\;C:\Program Files\Git\cmd;C:\Users\mhyr\AppData\Local\Microsoft\WindowsApps;
USERNAME=mhyr
OS=Windows_NT
PROCESSOR_IDENTIFIER=Intel64 Family 6 Model 142 Stepping 10, GenuineIntel



---------------  S Y S T E M  ---------------

OS: Windows 11 , 64 bit Build 22621 (10.0.22621.1105)
OS uptime: 0 days 10:20 hours
Hyper-V role detected

CPU:total 8 (initial active 8) (4 cores per cpu, 2 threads per core) family 6 model 142 stepping 10 microcode 0xe0, cmov, cx8, fxsr, mmx, sse, sse2, sse3, ssse3, sse4.1, sse4.2, popcnt, avx, avx2, aes, clmul, erms, 3dnowpref, lzcnt, ht, tsc, tscinvbit, bmi1, bmi2, adx, fma

Memory: 4k page, system-wide physical 8070M (427M free)
TotalPageFile size 10118M (AvailPageFile size 41M)
current process WorkingSet (physical memory assigned to process): 10M, peak: 10M
current process commit charge ("private bytes"): 60M, peak: 188M

vm_info: OpenJDK 64-Bit Server VM (11.0.13+0-b1751.21-8125866) for windows-amd64 JRE (11.0.13+0-b1751.21-8125866), built on Feb  2 2022 03:00:22 by "builder" with MS VC++ 14.0 (VS2015)

END.
