#
# There is insufficient memory for the Java Runtime Environment to continue.
# Native memory allocation (malloc) failed to allocate 32744 bytes for ChunkPool::allocate
# Possible reasons:
#   The system is out of physical RAM or swap space
#   The process is running with CompressedOops enabled, and the Java Heap may be blocking the growth of the native heap
# Possible solutions:
#   Reduce memory load on the system
#   Increase physical memory or swap space
#   Check if swap backing store is full
#   Decrease Java heap size (-Xmx/-Xms)
#   Decrease number of Java threads
#   Decrease Java thread stack sizes (-Xss)
#   Set larger code cache with -XX:ReservedCodeCacheSize=
#   JVM is running with Unscaled Compressed Oops mode in which the Java heap is
#     placed in the first 4GB address space. The Java Heap base address is the
#     maximum limit for the native heap growth. Please use -XX:HeapBaseMinAddress
#     to set the Java Heap base and to place the Java Heap above 4GB virtual address.
# This output file may be truncated or incomplete.
#
#  Out of Memory Error (./src/hotspot/share/memory/arena.cpp:81), pid=9424, tid=7656
#
# JRE version: OpenJDK Runtime Environment (11.0.13) (build 11.0.13+0-b1751.21-8125866)
# Java VM: OpenJDK 64-Bit Server VM (11.0.13+0-b1751.21-8125866, mixed mode, tiered, compressed oops, g1 gc, windows-amd64)
# No core dump will be written. Minidumps are not enabled by default on client versions of Windows
#

---------------  S U M M A R Y ------------

Command Line: org.jetbrains.kotlin.cli.jvm.K2JVMCompiler @C:\Users\mhyr\AndroidStudioProjects\MhyrFoodApp\app\build\20230208_6129148700902202915.compiler.options

Host: Intel(R) Core(TM) i7-8550U CPU @ 1.80GHz, 8 cores, 7G,  Windows 11 , 64 bit Build 22621 (10.0.22621.1105)
Time: Wed Feb  8 00:22:33 2023 Iran Standard Time elapsed time: 2.540557 seconds (0d 0h 0m 2s)

---------------  T H R E A D  ---------------

Current thread (0x000001f4a4da8000):  JavaThread "main" [_thread_in_vm, id=7656, stack(0x00000003ae600000,0x00000003ae700000)]

Stack: [0x00000003ae600000,0x00000003ae700000]
Native frames: (J=compiled Java code, j=interpreted, Vv=VM code, C=native code)
V  [jvm.dll+0x6100fa]
V  [jvm.dll+0x747090]
V  [jvm.dll+0x7486ad]
V  [jvm.dll+0x748d83]
V  [jvm.dll+0x24ab48]
V  [jvm.dll+0xc075b]
V  [jvm.dll+0xc0a0c]
V  [jvm.dll+0x25220d]
V  [jvm.dll+0x25170e]
V  [jvm.dll+0x2514d6]
V  [jvm.dll+0x1c3e5c]
V  [jvm.dll+0x1c38aa]
V  [jvm.dll+0x4e692d]
V  [jvm.dll+0x6e377b]
V  [jvm.dll+0x3f46c4]
V  [jvm.dll+0x3f952f]
C  [java.dll+0x19b4]

Java frames: (J=compiled Java code, j=interpreted, Vv=VM code)
J 528  java.lang.ClassLoader.defineClass1(Ljava/lang/ClassLoader;Ljava/lang/String;[BIILjava/security/ProtectionDomain;Ljava/lang/String;)Ljava/lang/Class; java.base@11.0.13 (0 bytes) @ 0x000001f4b03b46fb [0x000001f4b03b4640+0x00000000000000bb]
J 460 c1 java.lang.ClassLoader.defineClass(Ljava/lang/String;[BIILjava/security/ProtectionDomain;)Ljava/lang/Class; java.base@11.0.13 (43 bytes) @ 0x000001f4a8f1ed64 [0x000001f4a8f1ea20+0x0000000000000344]
J 408 c1 jdk.internal.loader.BuiltinClassLoader.defineClass(Ljava/lang/String;Ljdk/internal/loader/Resource;)Ljava/lang/Class; java.base@11.0.13 (121 bytes) @ 0x000001f4a8f061cc [0x000001f4a8f05140+0x000000000000108c]
J 359 c1 jdk.internal.loader.BuiltinClassLoader.findClassOnClassPathOrNull(Ljava/lang/String;)Ljava/lang/Class; java.base@11.0.13 (64 bytes) @ 0x000001f4a8ee80ac [0x000001f4a8ee7ec0+0x00000000000001ec]
J 245 c1 jdk.internal.loader.BuiltinClassLoader.loadClassOrNull(Ljava/lang/String;Z)Ljava/lang/Class; java.base@11.0.13 (143 bytes) @ 0x000001f4a8eae49c [0x000001f4a8ead380+0x000000000000111c]
J 324 c1 jdk.internal.loader.ClassLoaders$AppClassLoader.loadClass(Ljava/lang/String;Z)Ljava/lang/Class; java.base@11.0.13 (40 bytes) @ 0x000001f4a8ecbe84 [0x000001f4a8ecb8e0+0x00000000000005a4]
J 323 c1 java.lang.ClassLoader.loadClass(Ljava/lang/String;)Ljava/lang/Class; java.base@11.0.13 (7 bytes) @ 0x000001f4a8ecb53c [0x000001f4a8ecb440+0x00000000000000fc]
v  ~StubRoutines::call_stub
J 528  java.lang.ClassLoader.defineClass1(Ljava/lang/ClassLoader;Ljava/lang/String;[BIILjava/security/ProtectionDomain;Ljava/lang/String;)Ljava/lang/Class; java.base@11.0.13 (0 bytes) @ 0x000001f4b03b46fb [0x000001f4b03b4640+0x00000000000000bb]
J 460 c1 java.lang.ClassLoader.defineClass(Ljava/lang/String;[BIILjava/security/ProtectionDomain;)Ljava/lang/Class; java.base@11.0.13 (43 bytes) @ 0x000001f4a8f1ed64 [0x000001f4a8f1ea20+0x0000000000000344]
J 408 c1 jdk.internal.loader.BuiltinClassLoader.defineClass(Ljava/lang/String;Ljdk/internal/loader/Resource;)Ljava/lang/Class; java.base@11.0.13 (121 bytes) @ 0x000001f4a8f061cc [0x000001f4a8f05140+0x000000000000108c]
J 359 c1 jdk.internal.loader.BuiltinClassLoader.findClassOnClassPathOrNull(Ljava/lang/String;)Ljava/lang/Class; java.base@11.0.13 (64 bytes) @ 0x000001f4a8ee80ac [0x000001f4a8ee7ec0+0x00000000000001ec]
J 245 c1 jdk.internal.loader.BuiltinClassLoader.loadClassOrNull(Ljava/lang/String;Z)Ljava/lang/Class; java.base@11.0.13 (143 bytes) @ 0x000001f4a8eae49c [0x000001f4a8ead380+0x000000000000111c]
J 324 c1 jdk.internal.loader.ClassLoaders$AppClassLoader.loadClass(Ljava/lang/String;Z)Ljava/lang/Class; java.base@11.0.13 (40 bytes) @ 0x000001f4a8ecbe84 [0x000001f4a8ecb8e0+0x00000000000005a4]
J 323 c1 java.lang.ClassLoader.loadClass(Ljava/lang/String;)Ljava/lang/Class; java.base@11.0.13 (7 bytes) @ 0x000001f4a8ecb53c [0x000001f4a8ecb440+0x00000000000000fc]
v  ~StubRoutines::call_stub
j  org.jetbrains.kotlin.psi.stubs.elements.KtFunctionElementType.<init>(Ljava/lang/String;)V+10
j  org.jetbrains.kotlin.psi.stubs.elements.KtStubElementTypes.<clinit>()V+24
v  ~StubRoutines::call_stub
j  org.jetbrains.kotlin.psi.KtFile.<clinit>()V+18
v  ~StubRoutines::call_stub
j  org.jetbrains.kotlin.parsing.KotlinParserDefinition.createFile(Lorg/jetbrains/kotlin/com/intellij/psi/FileViewProvider;)Lorg/jetbrains/kotlin/com/intellij/psi/PsiFile;+6
j  org.jetbrains.kotlin.com.intellij.psi.AbstractFileViewProvider.createFile(Lorg/jetbrains/kotlin/com/intellij/lang/Language;)Lorg/jetbrains/kotlin/com/intellij/psi/PsiFile;+36
j  org.jetbrains.kotlin.com.intellij.psi.AbstractFileViewProvider.createFile(Lorg/jetbrains/kotlin/com/intellij/openapi/vfs/VirtualFile;Lorg/jetbrains/kotlin/com/intellij/openapi/fileTypes/FileType;Lorg/jetbrains/kotlin/com/intellij/lang/Language;)Lorg/jetbrains/kotlin/com/intellij/psi/PsiFile;+96
j  org.jetbrains.kotlin.com.intellij.psi.AbstractFileViewProvider.createFile(Lorg/jetbrains/kotlin/com/intellij/openapi/project/Project;Lorg/jetbrains/kotlin/com/intellij/openapi/vfs/VirtualFile;Lorg/jetbrains/kotlin/com/intellij/openapi/fileTypes/FileType;)Lorg/jetbrains/kotlin/com/intellij/psi/PsiFile;+32
j  org.jetbrains.kotlin.com.intellij.psi.SingleRootFileViewProvider.createFile()Lorg/jetbrains/kotlin/com/intellij/psi/PsiFile;+23
j  org.jetbrains.kotlin.com.intellij.psi.SingleRootFileViewProvider.getPsiInner(Lorg/jetbrains/kotlin/com/intellij/lang/Language;)Lorg/jetbrains/kotlin/com/intellij/psi/PsiFile;+29
j  org.jetbrains.kotlin.com.intellij.psi.AbstractFileViewProvider.getPsi(Lorg/jetbrains/kotlin/com/intellij/lang/Language;)Lorg/jetbrains/kotlin/com/intellij/psi/PsiFile;+61
j  org.jetbrains.kotlin.com.intellij.psi.impl.file.impl.FileManagerImpl.findFile(Lorg/jetbrains/kotlin/com/intellij/openapi/vfs/VirtualFile;)Lorg/jetbrains/kotlin/com/intellij/psi/PsiFile;+78
j  org.jetbrains.kotlin.com.intellij.psi.impl.PsiManagerImpl.findFile(Lorg/jetbrains/kotlin/com/intellij/openapi/vfs/VirtualFile;)Lorg/jetbrains/kotlin/com/intellij/psi/PsiFile;+17
j  org.jetbrains.kotlin.cli.jvm.compiler.CoreEnvironmentUtilsKt.createSourceFilesFromSourceRoots(Lorg/jetbrains/kotlin/config/CompilerConfiguration;Lorg/jetbrains/kotlin/com/intellij/openapi/project/Project;Ljava/util/List;Lorg/jetbrains/kotlin/cli/common/messages/CompilerMessageLocation;)Ljava/util/List;+483
j  org.jetbrains.kotlin.cli.jvm.compiler.CoreEnvironmentUtilsKt.createSourceFilesFromSourceRoots$default(Lorg/jetbrains/kotlin/config/CompilerConfiguration;Lorg/jetbrains/kotlin/com/intellij/openapi/project/Project;Ljava/util/List;Lorg/jetbrains/kotlin/cli/common/messages/CompilerMessageLocation;ILjava/lang/Object;)Ljava/util/List;+17
j  org.jetbrains.kotlin.cli.jvm.compiler.KotlinCoreEnvironment.<init>(Lorg/jetbrains/kotlin/cli/jvm/compiler/KotlinCoreEnvironment$ProjectEnvironment;Lorg/jetbrains/kotlin/config/CompilerConfiguration;Lorg/jetbrains/kotlin/cli/jvm/compiler/EnvironmentConfigFiles;)V+133
j  org.jetbrains.kotlin.cli.jvm.compiler.KotlinCoreEnvironment.<init>(Lorg/jetbrains/kotlin/cli/jvm/compiler/KotlinCoreEnvironment$ProjectEnvironment;Lorg/jetbrains/kotlin/config/CompilerConfiguration;Lorg/jetbrains/kotlin/cli/jvm/compiler/EnvironmentConfigFiles;Lkotlin/jvm/internal/DefaultConstructorMarker;)V+4
j  org.jetbrains.kotlin.cli.jvm.compiler.KotlinCoreEnvironment$Companion.createForProduction(Lorg/jetbrains/kotlin/com/intellij/openapi/Disposable;Lorg/jetbrains/kotlin/config/CompilerConfiguration;Lorg/jetbrains/kotlin/cli/jvm/compiler/EnvironmentConfigFiles;)Lorg/jetbrains/kotlin/cli/jvm/compiler/KotlinCoreEnvironment;+54
j  org.jetbrains.kotlin.cli.jvm.K2JVMCompiler.createCoreEnvironment(Lorg/jetbrains/kotlin/com/intellij/openapi/Disposable;Lorg/jetbrains/kotlin/config/CompilerConfiguration;Lorg/jetbrains/kotlin/cli/common/messages/MessageCollector;Ljava/lang/String;)Lorg/jetbrains/kotlin/cli/jvm/compiler/KotlinCoreEnvironment;+19
j  org.jetbrains.kotlin.cli.jvm.K2JVMCompiler.doExecute(Lorg/jetbrains/kotlin/cli/common/arguments/K2JVMCompilerArguments;Lorg/jetbrains/kotlin/config/CompilerConfiguration;Lorg/jetbrains/kotlin/com/intellij/openapi/Disposable;Lorg/jetbrains/kotlin/utils/KotlinPaths;)Lorg/jetbrains/kotlin/cli/common/ExitCode;+888
j  org.jetbrains.kotlin.cli.jvm.K2JVMCompiler.doExecute(Lorg/jetbrains/kotlin/cli/common/arguments/CommonCompilerArguments;Lorg/jetbrains/kotlin/config/CompilerConfiguration;Lorg/jetbrains/kotlin/com/intellij/openapi/Disposable;Lorg/jetbrains/kotlin/utils/KotlinPaths;)Lorg/jetbrains/kotlin/cli/common/ExitCode;+9
j  org.jetbrains.kotlin.cli.common.CLICompiler.execImpl(Lorg/jetbrains/kotlin/cli/common/messages/MessageCollector;Lorg/jetbrains/kotlin/config/Services;Lorg/jetbrains/kotlin/cli/common/arguments/CommonCompilerArguments;)Lorg/jetbrains/kotlin/cli/common/ExitCode;+219
j  org.jetbrains.kotlin.cli.common.CLICompiler.execImpl(Lorg/jetbrains/kotlin/cli/common/messages/MessageCollector;Lorg/jetbrains/kotlin/config/Services;Lorg/jetbrains/kotlin/cli/common/arguments/CommonToolArguments;)Lorg/jetbrains/kotlin/cli/common/ExitCode;+7
j  org.jetbrains.kotlin.cli.common.CLITool.exec(Lorg/jetbrains/kotlin/cli/common/messages/MessageCollector;Lorg/jetbrains/kotlin/config/Services;Lorg/jetbrains/kotlin/cli/common/arguments/CommonToolArguments;)Lorg/jetbrains/kotlin/cli/common/ExitCode;+76
j  org.jetbrains.kotlin.cli.common.CLITool.exec(Ljava/io/PrintStream;Lorg/jetbrains/kotlin/config/Services;Lorg/jetbrains/kotlin/cli/common/messages/MessageRenderer;[Ljava/lang/String;)Lorg/jetbrains/kotlin/cli/common/ExitCode;+224
j  org.jetbrains.kotlin.cli.common.CLITool.exec(Ljava/io/PrintStream;Lorg/jetbrains/kotlin/cli/common/messages/MessageRenderer;[Ljava/lang/String;)Lorg/jetbrains/kotlin/cli/common/ExitCode;+25
j  org.jetbrains.kotlin.cli.common.CLITool$Companion.doMainNoExit(Lorg/jetbrains/kotlin/cli/common/CLITool;[Ljava/lang/String;Lorg/jetbrains/kotlin/cli/common/messages/MessageRenderer;)Lorg/jetbrains/kotlin/cli/common/ExitCode;+39
j  org.jetbrains.kotlin.cli.common.CLITool$Companion.doMainNoExit$default(Lorg/jetbrains/kotlin/cli/common/CLITool$Companion;Lorg/jetbrains/kotlin/cli/common/CLITool;[Ljava/lang/String;Lorg/jetbrains/kotlin/cli/common/messages/MessageRenderer;ILjava/lang/Object;)Lorg/jetbrains/kotlin/cli/common/ExitCode;+16
j  org.jetbrains.kotlin.cli.common.CLITool$Companion.doMain(Lorg/jetbrains/kotlin/cli/common/CLITool;[Ljava/lang/String;)V+57
j  org.jetbrains.kotlin.cli.jvm.K2JVMCompiler$Companion.main([Ljava/lang/String;)V+20
j  org.jetbrains.kotlin.cli.jvm.K2JVMCompiler.main([Ljava/lang/String;)V+4
v  ~StubRoutines::call_stub

---------------  P R O C E S S  ---------------

Threads class SMR info:
_java_thread_list=0x000001f4bfc6a710, length=10, elements={
0x000001f4a4da8000, 0x000001f4bf177000, 0x000001f4bf180800, 0x000001f4bf195000,
0x000001f4bf197000, 0x000001f4bf19a800, 0x000001f4bf19c800, 0x000001f4bf19e000,
0x000001f4bfaa5800, 0x000001f4bfc72000
}

Java Threads: ( => current thread )
=>0x000001f4a4da8000 JavaThread "main" [_thread_in_vm, id=7656, stack(0x00000003ae600000,0x00000003ae700000)]
  0x000001f4bf177000 JavaThread "Reference Handler" daemon [_thread_blocked, id=8500, stack(0x00000003aed00000,0x00000003aee00000)]
  0x000001f4bf180800 JavaThread "Finalizer" daemon [_thread_blocked, id=10116, stack(0x00000003aee00000,0x00000003aef00000)]
  0x000001f4bf195000 JavaThread "Signal Dispatcher" daemon [_thread_blocked, id=9308, stack(0x00000003aef00000,0x00000003af000000)]
  0x000001f4bf197000 JavaThread "Attach Listener" daemon [_thread_blocked, id=5776, stack(0x00000003af000000,0x00000003af100000)]
  0x000001f4bf19a800 JavaThread "Service Thread" daemon [_thread_blocked, id=4660, stack(0x00000003af100000,0x00000003af200000)]
  0x000001f4bf19c800 JavaThread "C2 CompilerThread0" daemon [_thread_in_native, id=10540, stack(0x00000003af200000,0x00000003af300000)]
  0x000001f4bf19e000 JavaThread "C1 CompilerThread0" daemon [_thread_blocked, id=6076, stack(0x00000003af300000,0x00000003af400000)]
  0x000001f4bfaa5800 JavaThread "Sweeper thread" daemon [_thread_blocked, id=5740, stack(0x00000003af400000,0x00000003af500000)]
  0x000001f4bfc72000 JavaThread "Common-Cleaner" daemon [_thread_blocked, id=7348, stack(0x00000003af600000,0x00000003af700000)]

Other Threads:
  0x000001f4bf152000 VMThread "VM Thread" [stack: 0x00000003aec00000,0x00000003aed00000] [id=3020]
  0x000001f4bfc64000 WatcherThread [stack: 0x00000003af500000,0x00000003af600000] [id=4000]
  0x000001f4a4dc1000 GCTaskThread "GC Thread#0" [stack: 0x00000003ae700000,0x00000003ae800000] [id=5856]
  0x000001f4c032e800 GCTaskThread "GC Thread#1" [stack: 0x00000003af700000,0x00000003af800000] [id=1608]
  0x000001f4c0579000 GCTaskThread "GC Thread#2" [stack: 0x00000003af800000,0x00000003af900000] [id=10236]
  0x000001f4a4df0800 ConcurrentGCThread "G1 Main Marker" [stack: 0x00000003ae800000,0x00000003ae900000] [id=10292]
  0x000001f4a4df2800 ConcurrentGCThread "G1 Conc#0" [stack: 0x00000003ae900000,0x00000003aea00000] [id=9236]
  0x000001f4c159d800 ConcurrentGCThread "G1 Conc#1" [stack: 0x00000003af900000,0x00000003afa00000] [id=2240]
  0x000001f4a4e7e000 ConcurrentGCThread "G1 Refine#0" [stack: 0x00000003aea00000,0x00000003aeb00000] [id=10384]
  0x000001f4befba800 ConcurrentGCThread "G1 Young RemSet Sampling" [stack: 0x00000003aeb00000,0x00000003aec00000] [id=8048]

Threads with active compile tasks:
C2 CompilerThread0   2559 1784   !   4       jdk.internal.loader.BuiltinClassLoader::loadClassOrNull (143 bytes)

VM state:not at safepoint (normal execution)

VM Mutex/Monitor currently owned by a thread: None

Heap address: 0x0000000081e00000, size: 2018 MB, Compressed Oops mode: 32-bit
Narrow klass base: 0x0000000000000000, Narrow klass shift: 3
Compressed class space size: 1073741824 Address: 0x0000000100000000

Heap:
 garbage-first heap   total 131072K, used 46156K [0x0000000081e00000, 0x0000000100000000)
  region size 1024K, 38 young (38912K), 7 survivors (7168K)
 Metaspace       used 29951K, capacity 30400K, committed 30640K, reserved 1077248K
  class space    used 3347K, capacity 3518K, committed 3584K, reserved 1048576K
Heap Regions: E=young(eden), S=young(survivor), O=old, HS=humongous(starts), HC=humongous(continues), CS=collection set, F=free, A=archive, TAMS=top-at-mark-start (previous, next)
|   0|0x0000000081e00000, 0x0000000081f00000, 0x0000000081f00000|100%|HS|  |TAMS 0x0000000081f00000, 0x0000000081e00000| Complete 
|   1|0x0000000081f00000, 0x0000000082000000, 0x0000000082000000|100%|HC|  |TAMS 0x0000000082000000, 0x0000000081f00000| Complete 
|   2|0x0000000082000000, 0x0000000082100000, 0x0000000082100000|100%|HC|  |TAMS 0x0000000082100000, 0x0000000082000000| Complete 
|   3|0x0000000082100000, 0x0000000082200000, 0x0000000082200000|100%|HC|  |TAMS 0x0000000082200000, 0x0000000082100000| Complete 
|   4|0x0000000082200000, 0x0000000082200000, 0x0000000082300000|  0%| F|  |TAMS 0x0000000082200000, 0x0000000082200000| Untracked 
|   5|0x0000000082300000, 0x0000000082335a00, 0x0000000082400000| 20%| O|  |TAMS 0x0000000082335a00, 0x0000000082300000| Untracked 
|   6|0x0000000082400000, 0x0000000082500000, 0x0000000082500000|100%|HS|  |TAMS 0x0000000082400000, 0x0000000082400000| Complete 
|   7|0x0000000082500000, 0x0000000082600000, 0x0000000082600000|100%|HC|  |TAMS 0x0000000082500000, 0x0000000082500000| Complete 
|   8|0x0000000082600000, 0x0000000082700000, 0x0000000082700000|100%|HC|  |TAMS 0x0000000082600000, 0x0000000082600000| Complete 
|   9|0x0000000082700000, 0x0000000082800000, 0x0000000082800000|100%|HC|  |TAMS 0x0000000082700000, 0x0000000082700000| Complete 
|  10|0x0000000082800000, 0x0000000082800000, 0x0000000082900000|  0%| F|  |TAMS 0x0000000082800000, 0x0000000082800000| Untracked 
|  11|0x0000000082900000, 0x0000000082900000, 0x0000000082a00000|  0%| F|  |TAMS 0x0000000082900000, 0x0000000082900000| Untracked 
|  12|0x0000000082a00000, 0x0000000082a00000, 0x0000000082b00000|  0%| F|  |TAMS 0x0000000082a00000, 0x0000000082a00000| Untracked 
|  13|0x0000000082b00000, 0x0000000082b00000, 0x0000000082c00000|  0%| F|  |TAMS 0x0000000082b00000, 0x0000000082b00000| Untracked 
|  14|0x0000000082c00000, 0x0000000082c00000, 0x0000000082d00000|  0%| F|  |TAMS 0x0000000082c00000, 0x0000000082c00000| Untracked 
|  15|0x0000000082d00000, 0x0000000082d00000, 0x0000000082e00000|  0%| F|  |TAMS 0x0000000082d00000, 0x0000000082d00000| Untracked 
|  16|0x0000000082e00000, 0x0000000082e00000, 0x0000000082f00000|  0%| F|  |TAMS 0x0000000082e00000, 0x0000000082e00000| Untracked 
|  17|0x0000000082f00000, 0x0000000082f00000, 0x0000000083000000|  0%| F|  |TAMS 0x0000000082f00000, 0x0000000082f00000| Untracked 
|  18|0x0000000083000000, 0x0000000083000000, 0x0000000083100000|  0%| F|  |TAMS 0x0000000083000000, 0x0000000083000000| Untracked 
|  19|0x0000000083100000, 0x0000000083100000, 0x0000000083200000|  0%| F|  |TAMS 0x0000000083100000, 0x0000000083100000| Untracked 
|  20|0x0000000083200000, 0x0000000083200000, 0x0000000083300000|  0%| F|  |TAMS 0x0000000083200000, 0x0000000083200000| Untracked 
|  21|0x0000000083300000, 0x0000000083300000, 0x0000000083400000|  0%| F|  |TAMS 0x0000000083300000, 0x0000000083300000| Untracked 
|  22|0x0000000083400000, 0x0000000083400000, 0x0000000083500000|  0%| F|  |TAMS 0x0000000083400000, 0x0000000083400000| Untracked 
|  23|0x0000000083500000, 0x0000000083500000, 0x0000000083600000|  0%| F|  |TAMS 0x0000000083500000, 0x0000000083500000| Untracked 
|  24|0x0000000083600000, 0x0000000083600000, 0x0000000083700000|  0%| F|  |TAMS 0x0000000083600000, 0x0000000083600000| Untracked 
|  25|0x0000000083700000, 0x0000000083700000, 0x0000000083800000|  0%| F|  |TAMS 0x0000000083700000, 0x0000000083700000| Untracked 
|  26|0x0000000083800000, 0x0000000083800000, 0x0000000083900000|  0%| F|  |TAMS 0x0000000083800000, 0x0000000083800000| Untracked 
|  27|0x0000000083900000, 0x0000000083900000, 0x0000000083a00000|  0%| F|  |TAMS 0x0000000083900000, 0x0000000083900000| Untracked 
|  28|0x0000000083a00000, 0x0000000083a00000, 0x0000000083b00000|  0%| F|  |TAMS 0x0000000083a00000, 0x0000000083a00000| Untracked 
|  29|0x0000000083b00000, 0x0000000083b00000, 0x0000000083c00000|  0%| F|  |TAMS 0x0000000083b00000, 0x0000000083b00000| Untracked 
|  30|0x0000000083c00000, 0x0000000083c00000, 0x0000000083d00000|  0%| F|  |TAMS 0x0000000083c00000, 0x0000000083c00000| Untracked 
|  31|0x0000000083d00000, 0x0000000083d00000, 0x0000000083e00000|  0%| F|  |TAMS 0x0000000083d00000, 0x0000000083d00000| Untracked 
|  32|0x0000000083e00000, 0x0000000083e00000, 0x0000000083f00000|  0%| F|  |TAMS 0x0000000083e00000, 0x0000000083e00000| Untracked 
|  33|0x0000000083f00000, 0x0000000083f00000, 0x0000000084000000|  0%| F|  |TAMS 0x0000000083f00000, 0x0000000083f00000| Untracked 
|  34|0x0000000084000000, 0x0000000084000000, 0x0000000084100000|  0%| F|  |TAMS 0x0000000084000000, 0x0000000084000000| Untracked 
|  35|0x0000000084100000, 0x0000000084100000, 0x0000000084200000|  0%| F|  |TAMS 0x0000000084100000, 0x0000000084100000| Untracked 
|  36|0x0000000084200000, 0x0000000084200000, 0x0000000084300000|  0%| F|  |TAMS 0x0000000084200000, 0x0000000084200000| Untracked 
|  37|0x0000000084300000, 0x0000000084300000, 0x0000000084400000|  0%| F|  |TAMS 0x0000000084300000, 0x0000000084300000| Untracked 
|  38|0x0000000084400000, 0x0000000084400000, 0x0000000084500000|  0%| F|  |TAMS 0x0000000084400000, 0x0000000084400000| Untracked 
|  39|0x0000000084500000, 0x0000000084500000, 0x0000000084600000|  0%| F|  |TAMS 0x0000000084500000, 0x0000000084500000| Untracked 
|  40|0x0000000084600000, 0x0000000084600000, 0x0000000084700000|  0%| F|  |TAMS 0x0000000084600000, 0x0000000084600000| Untracked 
|  41|0x0000000084700000, 0x0000000084700000, 0x0000000084800000|  0%| F|  |TAMS 0x0000000084700000, 0x0000000084700000| Untracked 
|  42|0x0000000084800000, 0x0000000084800000, 0x0000000084900000|  0%| F|  |TAMS 0x0000000084800000, 0x0000000084800000| Untracked 
|  43|0x0000000084900000, 0x0000000084900000, 0x0000000084a00000|  0%| F|  |TAMS 0x0000000084900000, 0x0000000084900000| Untracked 
|  44|0x0000000084a00000, 0x0000000084a00000, 0x0000000084b00000|  0%| F|  |TAMS 0x0000000084a00000, 0x0000000084a00000| Untracked 
|  45|0x0000000084b00000, 0x0000000084b00000, 0x0000000084c00000|  0%| F|  |TAMS 0x0000000084b00000, 0x0000000084b00000| Untracked 
|  46|0x0000000084c00000, 0x0000000084c00000, 0x0000000084d00000|  0%| F|  |TAMS 0x0000000084c00000, 0x0000000084c00000| Untracked 
|  47|0x0000000084d00000, 0x0000000084d00000, 0x0000000084e00000|  0%| F|  |TAMS 0x0000000084d00000, 0x0000000084d00000| Untracked 
|  48|0x0000000084e00000, 0x0000000084e00000, 0x0000000084f00000|  0%| F|  |TAMS 0x0000000084e00000, 0x0000000084e00000| Untracked 
|  49|0x0000000084f00000, 0x0000000084f00000, 0x0000000085000000|  0%| F|  |TAMS 0x0000000084f00000, 0x0000000084f00000| Untracked 
|  50|0x0000000085000000, 0x0000000085000000, 0x0000000085100000|  0%| F|  |TAMS 0x0000000085000000, 0x0000000085000000| Untracked 
|  51|0x0000000085100000, 0x0000000085100000, 0x0000000085200000|  0%| F|  |TAMS 0x0000000085100000, 0x0000000085100000| Untracked 
|  52|0x0000000085200000, 0x0000000085200000, 0x0000000085300000|  0%| F|  |TAMS 0x0000000085200000, 0x0000000085200000| Untracked 
|  53|0x0000000085300000, 0x0000000085300000, 0x0000000085400000|  0%| F|  |TAMS 0x0000000085300000, 0x0000000085300000| Untracked 
|  54|0x0000000085400000, 0x0000000085400000, 0x0000000085500000|  0%| F|  |TAMS 0x0000000085400000, 0x0000000085400000| Untracked 
|  55|0x0000000085500000, 0x0000000085500000, 0x0000000085600000|  0%| F|  |TAMS 0x0000000085500000, 0x0000000085500000| Untracked 
|  56|0x0000000085600000, 0x0000000085600000, 0x0000000085700000|  0%| F|  |TAMS 0x0000000085600000, 0x0000000085600000| Untracked 
|  57|0x0000000085700000, 0x0000000085700000, 0x0000000085800000|  0%| F|  |TAMS 0x0000000085700000, 0x0000000085700000| Untracked 
|  58|0x0000000085800000, 0x0000000085800000, 0x0000000085900000|  0%| F|  |TAMS 0x0000000085800000, 0x0000000085800000| Untracked 
|  59|0x0000000085900000, 0x0000000085900000, 0x0000000085a00000|  0%| F|  |TAMS 0x0000000085900000, 0x0000000085900000| Untracked 
|  60|0x0000000085a00000, 0x0000000085a00000, 0x0000000085b00000|  0%| F|  |TAMS 0x0000000085a00000, 0x0000000085a00000| Untracked 
|  61|0x0000000085b00000, 0x0000000085b00000, 0x0000000085c00000|  0%| F|  |TAMS 0x0000000085b00000, 0x0000000085b00000| Untracked 
|  62|0x0000000085c00000, 0x0000000085c00000, 0x0000000085d00000|  0%| F|  |TAMS 0x0000000085c00000, 0x0000000085c00000| Untracked 
|  63|0x0000000085d00000, 0x0000000085d00000, 0x0000000085e00000|  0%| F|  |TAMS 0x0000000085d00000, 0x0000000085d00000| Untracked 
|  64|0x0000000085e00000, 0x0000000085e00000, 0x0000000085f00000|  0%| F|  |TAMS 0x0000000085e00000, 0x0000000085e00000| Untracked 
|  65|0x0000000085f00000, 0x0000000085f00000, 0x0000000086000000|  0%| F|  |TAMS 0x0000000085f00000, 0x0000000085f00000| Untracked 
|  66|0x0000000086000000, 0x0000000086000000, 0x0000000086100000|  0%| F|  |TAMS 0x0000000086000000, 0x0000000086000000| Untracked 
|  67|0x0000000086100000, 0x0000000086100000, 0x0000000086200000|  0%| F|  |TAMS 0x0000000086100000, 0x0000000086100000| Untracked 
|  68|0x0000000086200000, 0x0000000086200000, 0x0000000086300000|  0%| F|  |TAMS 0x0000000086200000, 0x0000000086200000| Untracked 
|  69|0x0000000086300000, 0x0000000086300000, 0x0000000086400000|  0%| F|  |TAMS 0x0000000086300000, 0x0000000086300000| Untracked 
|  70|0x0000000086400000, 0x0000000086400000, 0x0000000086500000|  0%| F|  |TAMS 0x0000000086400000, 0x0000000086400000| Untracked 
|  71|0x0000000086500000, 0x0000000086500000, 0x0000000086600000|  0%| F|  |TAMS 0x0000000086500000, 0x0000000086500000| Untracked 
|  72|0x0000000086600000, 0x0000000086600000, 0x0000000086700000|  0%| F|  |TAMS 0x0000000086600000, 0x0000000086600000| Untracked 
|  73|0x0000000086700000, 0x0000000086700000, 0x0000000086800000|  0%| F|  |TAMS 0x0000000086700000, 0x0000000086700000| Untracked 
|  74|0x0000000086800000, 0x0000000086800000, 0x0000000086900000|  0%| F|  |TAMS 0x0000000086800000, 0x0000000086800000| Untracked 
|  75|0x0000000086900000, 0x0000000086900000, 0x0000000086a00000|  0%| F|  |TAMS 0x0000000086900000, 0x0000000086900000| Untracked 
|  76|0x0000000086a00000, 0x0000000086a00000, 0x0000000086b00000|  0%| F|  |TAMS 0x0000000086a00000, 0x0000000086a00000| Untracked 
|  77|0x0000000086b00000, 0x0000000086b00000, 0x0000000086c00000|  0%| F|  |TAMS 0x0000000086b00000, 0x0000000086b00000| Untracked 
|  78|0x0000000086c00000, 0x0000000086c00000, 0x0000000086d00000|  0%| F|  |TAMS 0x0000000086c00000, 0x0000000086c00000| Untracked 
|  79|0x0000000086d00000, 0x0000000086d00000, 0x0000000086e00000|  0%| F|  |TAMS 0x0000000086d00000, 0x0000000086d00000| Untracked 
|  80|0x0000000086e00000, 0x0000000086edd670, 0x0000000086f00000| 86%| S|CS|TAMS 0x0000000086e00000, 0x0000000086e00000| Complete 
|  81|0x0000000086f00000, 0x0000000087000000, 0x0000000087000000|100%| S|CS|TAMS 0x0000000086f00000, 0x0000000086f00000| Complete 
|  82|0x0000000087000000, 0x0000000087100000, 0x0000000087100000|100%| S|CS|TAMS 0x0000000087000000, 0x0000000087000000| Complete 
|  83|0x0000000087100000, 0x0000000087200000, 0x0000000087200000|100%| S|CS|TAMS 0x0000000087100000, 0x0000000087100000| Complete 
|  84|0x0000000087200000, 0x0000000087300000, 0x0000000087300000|100%| S|CS|TAMS 0x0000000087200000, 0x0000000087200000| Complete 
|  85|0x0000000087300000, 0x0000000087400000, 0x0000000087400000|100%| S|CS|TAMS 0x0000000087300000, 0x0000000087300000| Complete 
|  86|0x0000000087400000, 0x0000000087500000, 0x0000000087500000|100%| S|CS|TAMS 0x0000000087400000, 0x0000000087400000| Complete 
|  87|0x0000000087500000, 0x0000000087500000, 0x0000000087600000|  0%| F|  |TAMS 0x0000000087500000, 0x0000000087500000| Untracked 
|  88|0x0000000087600000, 0x0000000087600000, 0x0000000087700000|  0%| F|  |TAMS 0x0000000087600000, 0x0000000087600000| Untracked 
|  89|0x0000000087700000, 0x0000000087700000, 0x0000000087800000|  0%| F|  |TAMS 0x0000000087700000, 0x0000000087700000| Untracked 
|  90|0x0000000087800000, 0x0000000087800000, 0x0000000087900000|  0%| F|  |TAMS 0x0000000087800000, 0x0000000087800000| Untracked 
|  91|0x0000000087900000, 0x0000000087900000, 0x0000000087a00000|  0%| F|  |TAMS 0x0000000087900000, 0x0000000087900000| Untracked 
|  92|0x0000000087a00000, 0x0000000087a00000, 0x0000000087b00000|  0%| F|  |TAMS 0x0000000087a00000, 0x0000000087a00000| Untracked 
|  93|0x0000000087b00000, 0x0000000087b00000, 0x0000000087c00000|  0%| F|  |TAMS 0x0000000087b00000, 0x0000000087b00000| Untracked 
|  94|0x0000000087c00000, 0x0000000087c00000, 0x0000000087d00000|  0%| F|  |TAMS 0x0000000087c00000, 0x0000000087c00000| Untracked 
|  95|0x0000000087d00000, 0x0000000087d00000, 0x0000000087e00000|  0%| F|  |TAMS 0x0000000087d00000, 0x0000000087d00000| Untracked 
|  96|0x0000000087e00000, 0x0000000087e00000, 0x0000000087f00000|  0%| F|  |TAMS 0x0000000087e00000, 0x0000000087e00000| Untracked 
|  97|0x0000000087f00000, 0x0000000087f831d8, 0x0000000088000000| 51%| E|  |TAMS 0x0000000087f00000, 0x0000000087f00000| Complete 
|  98|0x0000000088000000, 0x0000000088100000, 0x0000000088100000|100%| E|CS|TAMS 0x0000000088000000, 0x0000000088000000| Complete 
|  99|0x0000000088100000, 0x0000000088200000, 0x0000000088200000|100%| E|CS|TAMS 0x0000000088100000, 0x0000000088100000| Complete 
| 100|0x0000000088200000, 0x0000000088300000, 0x0000000088300000|100%| E|CS|TAMS 0x0000000088200000, 0x0000000088200000| Complete 
| 101|0x0000000088300000, 0x0000000088400000, 0x0000000088400000|100%| E|CS|TAMS 0x0000000088300000, 0x0000000088300000| Complete 
| 102|0x0000000088400000, 0x0000000088500000, 0x0000000088500000|100%| E|CS|TAMS 0x0000000088400000, 0x0000000088400000| Complete 
| 103|0x0000000088500000, 0x0000000088600000, 0x0000000088600000|100%| E|CS|TAMS 0x0000000088500000, 0x0000000088500000| Complete 
| 104|0x0000000088600000, 0x0000000088700000, 0x0000000088700000|100%| E|CS|TAMS 0x0000000088600000, 0x0000000088600000| Complete 
| 105|0x0000000088700000, 0x0000000088800000, 0x0000000088800000|100%| E|CS|TAMS 0x0000000088700000, 0x0000000088700000| Complete 
| 106|0x0000000088800000, 0x0000000088900000, 0x0000000088900000|100%| E|CS|TAMS 0x0000000088800000, 0x0000000088800000| Complete 
| 107|0x0000000088900000, 0x0000000088a00000, 0x0000000088a00000|100%| E|CS|TAMS 0x0000000088900000, 0x0000000088900000| Complete 
| 108|0x0000000088a00000, 0x0000000088b00000, 0x0000000088b00000|100%| E|CS|TAMS 0x0000000088a00000, 0x0000000088a00000| Complete 
| 109|0x0000000088b00000, 0x0000000088c00000, 0x0000000088c00000|100%| E|CS|TAMS 0x0000000088b00000, 0x0000000088b00000| Complete 
| 110|0x0000000088c00000, 0x0000000088d00000, 0x0000000088d00000|100%| E|CS|TAMS 0x0000000088c00000, 0x0000000088c00000| Complete 
| 111|0x0000000088d00000, 0x0000000088e00000, 0x0000000088e00000|100%| E|CS|TAMS 0x0000000088d00000, 0x0000000088d00000| Complete 
| 112|0x0000000088e00000, 0x0000000088f00000, 0x0000000088f00000|100%| E|CS|TAMS 0x0000000088e00000, 0x0000000088e00000| Complete 
| 113|0x0000000088f00000, 0x0000000089000000, 0x0000000089000000|100%| E|CS|TAMS 0x0000000088f00000, 0x0000000088f00000| Complete 
| 114|0x0000000089000000, 0x0000000089100000, 0x0000000089100000|100%| E|CS|TAMS 0x0000000089000000, 0x0000000089000000| Complete 
| 115|0x0000000089100000, 0x0000000089200000, 0x0000000089200000|100%| E|CS|TAMS 0x0000000089100000, 0x0000000089100000| Complete 
| 116|0x0000000089200000, 0x0000000089300000, 0x0000000089300000|100%| E|CS|TAMS 0x0000000089200000, 0x0000000089200000| Complete 
| 117|0x0000000089300000, 0x0000000089400000, 0x0000000089400000|100%| E|CS|TAMS 0x0000000089300000, 0x0000000089300000| Complete 
| 118|0x0000000089400000, 0x0000000089500000, 0x0000000089500000|100%| E|CS|TAMS 0x0000000089400000, 0x0000000089400000| Complete 
| 119|0x0000000089500000, 0x0000000089600000, 0x0000000089600000|100%| E|CS|TAMS 0x0000000089500000, 0x0000000089500000| Complete 
| 120|0x0000000089600000, 0x0000000089700000, 0x0000000089700000|100%| E|CS|TAMS 0x0000000089600000, 0x0000000089600000| Complete 
| 121|0x0000000089700000, 0x0000000089800000, 0x0000000089800000|100%| E|CS|TAMS 0x0000000089700000, 0x0000000089700000| Complete 
| 122|0x0000000089800000, 0x0000000089900000, 0x0000000089900000|100%| E|CS|TAMS 0x0000000089800000, 0x0000000089800000| Complete 
| 123|0x0000000089900000, 0x0000000089a00000, 0x0000000089a00000|100%| E|CS|TAMS 0x0000000089900000, 0x0000000089900000| Complete 
| 124|0x0000000089a00000, 0x0000000089b00000, 0x0000000089b00000|100%| E|CS|TAMS 0x0000000089a00000, 0x0000000089a00000| Complete 
| 125|0x0000000089b00000, 0x0000000089c00000, 0x0000000089c00000|100%| E|CS|TAMS 0x0000000089b00000, 0x0000000089b00000| Complete 
| 126|0x0000000089c00000, 0x0000000089d00000, 0x0000000089d00000|100%| E|CS|TAMS 0x0000000089c00000, 0x0000000089c00000| Complete 
| 127|0x0000000089d00000, 0x0000000089e00000, 0x0000000089e00000|100%| E|CS|TAMS 0x0000000089d00000, 0x0000000089d00000| Complete 

Card table byte_map: [0x000001f4b7ff0000,0x000001f4b83f0000] _byte_map_base: 0x000001f4b7be1000

Marking Bits (Prev, Next): (CMBitMap*) 0x000001f4a4de7ed0, (CMBitMap*) 0x000001f4a4de7e98
 Prev Bits: [0x000001f4ba780000, 0x000001f4bc708000)
 Next Bits: [0x000001f4b87f0000, 0x000001f4ba778000)

Polling page: 0x000001f4a4580000

Metaspace:

Usage:
  Non-class:     26.25 MB capacity,    25.98 MB ( 99%) used,   230.87 KB ( <1%) free+waste,    47.00 KB ( <1%) overhead. 
      Class:      3.44 MB capacity,     3.27 MB ( 95%) used,   148.16 KB (  4%) free+waste,    22.50 KB ( <1%) overhead. 
       Both:     29.69 MB capacity,    29.25 MB ( 99%) used,   379.02 KB (  1%) free+waste,    69.50 KB ( <1%) overhead. 

Virtual space:
  Non-class space:       28.00 MB reserved,      26.42 MB ( 94%) committed 
      Class space:        1.00 GB reserved,       3.50 MB ( <1%) committed 
             Both:        1.03 GB reserved,      29.92 MB (  3%) committed 

Chunk freelists:
   Non-Class:  46.00 KB
       Class:  2.00 KB
        Both:  48.00 KB

MaxMetaspaceSize: 17179869184.00 GB
CompressedClassSpaceSize: 1.00 GB
Initial GC threshold: 20.80 MB
Current GC threshold: 35.08 MB
CDS: off

CodeHeap 'non-profiled nmethods': size=120000Kb used=650Kb max_used=650Kb free=119349Kb
 bounds [0x000001f4b0390000, 0x000001f4b0600000, 0x000001f4b78c0000]
CodeHeap 'profiled nmethods': size=120000Kb used=3936Kb max_used=3936Kb free=116064Kb
 bounds [0x000001f4a8e60000, 0x000001f4a9240000, 0x000001f4b0390000]
CodeHeap 'non-nmethods': size=5760Kb used=1237Kb max_used=1292Kb free=4522Kb
 bounds [0x000001f4a88c0000, 0x000001f4a8b30000, 0x000001f4a8e60000]
 total_blobs=2578 nmethods=2060 adapters=430
 compilation: enabled
              stopped_count=0, restarted_count=0
 full_count=0

Compilation events (20 events):
Event: 2.421 Thread 0x000001f4bf19e000 2077       2       java.lang.invoke.DirectMethodHandle::<init> (141 bytes)
Event: 2.422 Thread 0x000001f4bf19e000 nmethod 2077 0x000001f4a9233690 code [0x000001f4a92338c0, 0x000001f4a9233e68]
Event: 2.422 Thread 0x000001f4bf19e000 2078       2       java.lang.invoke.ConstantCallSite::getTarget (20 bytes)
Event: 2.423 Thread 0x000001f4bf19e000 nmethod 2078 0x000001f4a9234110 code [0x000001f4a92342c0, 0x000001f4a9234488]
Event: 2.441 Thread 0x000001f4bf19e000 2079       2       java.lang.Package::<init> (47 bytes)
Event: 2.442 Thread 0x000001f4bf19e000 nmethod 2079 0x000001f4a9234590 code [0x000001f4a9234760, 0x000001f4a9234a28]
Event: 2.442 Thread 0x000001f4bf19e000 2080       2       java.lang.Package$VersionInfo::getInstance (53 bytes)
Event: 2.442 Thread 0x000001f4bf19e000 nmethod 2080 0x000001f4a9234c10 code [0x000001f4a9234dc0, 0x000001f4a9235008]
Event: 2.450 Thread 0x000001f4bf19e000 2081       2       jdk.internal.misc.Unsafe::getLong (7 bytes)
Event: 2.450 Thread 0x000001f4bf19e000 nmethod 2081 0x000001f4a9235110 code [0x000001f4a92352c0, 0x000001f4a92353d8]
Event: 2.471 Thread 0x000001f4bf19e000 2083       2       java.lang.invoke.MethodHandles$Lookup::checkAccess (226 bytes)
Event: 2.474 Thread 0x000001f4bf19e000 nmethod 2083 0x000001f4a9235490 code [0x000001f4a9235720, 0x000001f4a9235e78]
Event: 2.481 Thread 0x000001f4bf19e000 2085       2       java.util.concurrent.ConcurrentHashMap::resizeStamp (8 bytes)
Event: 2.482 Thread 0x000001f4bf19e000 nmethod 2085 0x000001f4a9236290 code [0x000001f4a9236440, 0x000001f4a9236528]
Event: 2.487 Thread 0x000001f4bf19e000 2086       2       kotlin.text.StringsKt__AppendableKt::appendElement (102 bytes)
Event: 2.487 Thread 0x000001f4bf19e000 nmethod 2086 0x000001f4a9236610 code [0x000001f4a9236880, 0x000001f4a9236e58]
Event: 2.503 Thread 0x000001f4bf19e000 2088       2       java.lang.reflect.Modifier::isVolatile (13 bytes)
Event: 2.503 Thread 0x000001f4bf19e000 nmethod 2088 0x000001f4a9237110 code [0x000001f4a92372c0, 0x000001f4a92373b8]
Event: 2.503 Thread 0x000001f4bf19e000 2089       2       sun.invoke.util.VerifyAccess::isSamePackage (32 bytes)
Event: 2.504 Thread 0x000001f4bf19e000 nmethod 2089 0x000001f4a9237490 code [0x000001f4a92376c0, 0x000001f4a9237c48]

GC Heap History (4 events):
Event: 0.761 GC heap before
{Heap before GC invocations=0 (full 0):
 garbage-first heap   total 131072K, used 28672K [0x0000000081e00000, 0x0000000100000000)
  region size 1024K, 24 young (24576K), 0 survivors (0K)
 Metaspace       used 12143K, capacity 12286K, committed 12416K, reserved 1060864K
  class space    used 1082K, capacity 1113K, committed 1152K, reserved 1048576K
}
Event: 0.767 GC heap after
{Heap after GC invocations=1 (full 0):
 garbage-first heap   total 131072K, used 7382K [0x0000000081e00000, 0x0000000100000000)
  region size 1024K, 3 young (3072K), 3 survivors (3072K)
 Metaspace       used 12143K, capacity 12286K, committed 12416K, reserved 1060864K
  class space    used 1082K, capacity 1113K, committed 1152K, reserved 1048576K
}
Event: 1.862 GC heap before
{Heap before GC invocations=1 (full 0):
 garbage-first heap   total 131072K, used 45270K [0x0000000081e00000, 0x0000000100000000)
  region size 1024K, 41 young (41984K), 3 survivors (3072K)
 Metaspace       used 20911K, capacity 21156K, committed 21296K, reserved 1069056K
  class space    used 2261K, capacity 2373K, committed 2432K, reserved 1048576K
}
Event: 1.875 GC heap after
{Heap after GC invocations=2 (full 0):
 garbage-first heap   total 131072K, used 11340K [0x0000000081e00000, 0x0000000100000000)
  region size 1024K, 7 young (7168K), 7 survivors (7168K)
 Metaspace       used 20911K, capacity 21156K, committed 21296K, reserved 1069056K
  class space    used 2261K, capacity 2373K, committed 2432K, reserved 1048576K
}

Deoptimization events (20 events):
Event: 2.259 Thread 0x000001f4a4da8000 Uncommon trap: trap_request=0xffffffde fr.pc=0x000001f4b03e2284 relative=0x0000000000000064
Event: 2.259 Thread 0x000001f4a4da8000 Uncommon trap: reason=class_check action=maybe_recompile pc=0x000001f4b03e2284 method=java.util.Collections$UnmodifiableCollection.size()I @ 4 c2
Event: 2.259 Thread 0x000001f4a4da8000 DEOPT PACKING pc=0x000001f4b03e2284 sp=0x00000003ae6fc180
Event: 2.260 Thread 0x000001f4a4da8000 DEOPT UNPACKING pc=0x000001f4a890a1af sp=0x00000003ae6fc110 mode 2
Event: 2.260 Thread 0x000001f4a4da8000 Uncommon trap: trap_request=0xffffffde fr.pc=0x000001f4b03e2284 relative=0x0000000000000064
Event: 2.260 Thread 0x000001f4a4da8000 Uncommon trap: reason=class_check action=maybe_recompile pc=0x000001f4b03e2284 method=java.util.Collections$UnmodifiableCollection.size()I @ 4 c2
Event: 2.260 Thread 0x000001f4a4da8000 DEOPT PACKING pc=0x000001f4b03e2284 sp=0x00000003ae6fc180
Event: 2.260 Thread 0x000001f4a4da8000 DEOPT UNPACKING pc=0x000001f4a890a1af sp=0x00000003ae6fc110 mode 2
Event: 2.260 Thread 0x000001f4a4da8000 Uncommon trap: trap_request=0xffffffde fr.pc=0x000001f4b03e2284 relative=0x0000000000000064
Event: 2.260 Thread 0x000001f4a4da8000 Uncommon trap: reason=class_check action=maybe_recompile pc=0x000001f4b03e2284 method=java.util.Collections$UnmodifiableCollection.size()I @ 4 c2
Event: 2.260 Thread 0x000001f4a4da8000 DEOPT PACKING pc=0x000001f4b03e2284 sp=0x00000003ae6fc180
Event: 2.260 Thread 0x000001f4a4da8000 DEOPT UNPACKING pc=0x000001f4a890a1af sp=0x00000003ae6fc110 mode 2
Event: 2.260 Thread 0x000001f4a4da8000 Uncommon trap: trap_request=0xffffffde fr.pc=0x000001f4b03e2284 relative=0x0000000000000064
Event: 2.260 Thread 0x000001f4a4da8000 Uncommon trap: reason=class_check action=maybe_recompile pc=0x000001f4b03e2284 method=java.util.Collections$UnmodifiableCollection.size()I @ 4 c2
Event: 2.260 Thread 0x000001f4a4da8000 DEOPT PACKING pc=0x000001f4b03e2284 sp=0x00000003ae6fc180
Event: 2.260 Thread 0x000001f4a4da8000 DEOPT UNPACKING pc=0x000001f4a890a1af sp=0x00000003ae6fc110 mode 2
Event: 2.390 Thread 0x000001f4a4da8000 Uncommon trap: trap_request=0xffffff4d fr.pc=0x000001f4b0413924 relative=0x0000000000000184
Event: 2.390 Thread 0x000001f4a4da8000 Uncommon trap: reason=unstable_if action=reinterpret pc=0x000001f4b0413924 method=java.lang.String.startsWith(Ljava/lang/String;I)Z @ 1 c2
Event: 2.390 Thread 0x000001f4a4da8000 DEOPT PACKING pc=0x000001f4b0413924 sp=0x00000003ae6fdf10
Event: 2.390 Thread 0x000001f4a4da8000 DEOPT UNPACKING pc=0x000001f4a890a1af sp=0x00000003ae6fde80 mode 2

Classes redefined (0 events):
No events

Internal exceptions (20 events):
Event: 1.368 Thread 0x000001f4a4da8000 Exception <a 'java/lang/NoSuchMethodError'{0x00000000886e52d8}: 'long java.lang.invoke.Invokers$Holder.invoke_MT(java.lang.Object, java.lang.Object, java.lang.Object, java.lang.Object)'> (0x00000000886e52d8) thrown at [./src/hotspot/share/interpreter/linkResolver.cpp, line 773]
Event: 1.369 Thread 0x000001f4a4da8000 Exception <a 'java/lang/NoSuchMethodError'{0x00000000886e8958}: 'long java.lang.invoke.DelegatingMethodHandle$Holder.reinvoke_L(java.lang.Object, java.lang.Object, java.lang.Object)'> (0x00000000886e8958) thrown at [./src/hotspot/share/interpreter/linkResolver.cpp, line 773]
Event: 1.370 Thread 0x000001f4a4da8000 Exception <a 'java/lang/NoSuchMethodError'{0x00000000886f2618}: 'int java.lang.invoke.DirectMethodHandle$Holder.invokeSpecial(java.lang.Object, java.lang.Object, java.lang.Object, java.lang.Object)'> (0x00000000886f2618) thrown at [./src/hotspot/share/interpreter/linkResolver.cpp, line 773]
Event: 1.372 Thread 0x000001f4a4da8000 Exception <a 'java/lang/NoSuchMethodError'{0x0000000088201c58}: 'int java.lang.invoke.DelegatingMethodHandle$Holder.reinvoke_L(java.lang.Object, java.lang.Object, java.lang.Object, long, int)'> (0x0000000088201c58) thrown at [./src/hotspot/share/interpreter/linkResolver.cpp, line 773]
Event: 1.731 Thread 0x000001f4a4da8000 Exception <a 'java/lang/NoSuchMethodError'{0x000000008796c440}: 'int java.lang.invoke.DirectMethodHandle$Holder.invokeSpecialIFC(java.lang.Object, java.lang.Object, int)'> (0x000000008796c440) thrown at [./src/hotspot/share/interpreter/linkResolver.cpp, line 773]
Event: 1.907 Thread 0x000001f4a4da8000 Exception <a 'java/lang/NoSuchMethodError'{0x0000000089c1e250}: 'java.lang.Object java.lang.invoke.DirectMethodHandle$Holder.invokeStaticInit(java.lang.Object, int)'> (0x0000000089c1e250) thrown at [./src/hotspot/share/interpreter/linkResolver.cpp, line 773]
Event: 1.946 Thread 0x000001f4a4da8000 Exception <a 'java/lang/NoSuchMethodError'{0x0000000089a3e580}: 'long java.lang.invoke.DirectMethodHandle$Holder.invokeStatic(java.lang.Object)'> (0x0000000089a3e580) thrown at [./src/hotspot/share/interpreter/linkResolver.cpp, line 773]
Event: 1.947 Thread 0x000001f4a4da8000 Exception <a 'java/lang/NoSuchMethodError'{0x0000000089a413d8}: 'long java.lang.invoke.DirectMethodHandle$Holder.invokeStaticInit(java.lang.Object)'> (0x0000000089a413d8) thrown at [./src/hotspot/share/interpreter/linkResolver.cpp, line 773]
Event: 2.030 Thread 0x000001f4a4da8000 Exception <a 'java/lang/NoSuchMethodError'{0x000000008966d540}: 'int java.lang.invoke.DirectMethodHandle$Holder.invokeStaticInit(java.lang.Object, java.lang.Object, java.lang.Object)'> (0x000000008966d540) thrown at [./src/hotspot/share/interpreter/linkResolver.cpp, line 773]
Event: 2.035 Thread 0x000001f4a4da8000 Exception <a 'java/lang/NoSuchMethodError'{0x0000000089698590}: 'int java.lang.invoke.DirectMethodHandle$Holder.invokeStaticInit(java.lang.Object, java.lang.Object)'> (0x0000000089698590) thrown at [./src/hotspot/share/interpreter/linkResolver.cpp, line 773]
Event: 2.079 Thread 0x000001f4a4da8000 Exception <a 'java/lang/NoSuchMethodError'{0x00000000894ace28}: 'void java.lang.invoke.DirectMethodHandle$Holder.invokeSpecial(java.lang.Object, java.lang.Object)'> (0x00000000894ace28) thrown at [./src/hotspot/share/interpreter/linkResolver.cpp, line 773]
Event: 2.254 Thread 0x000001f4a4da8000 Exception <a 'java/lang/NoSuchMethodError'{0x0000000088b5b260}: 'java.lang.Object java.lang.invoke.DirectMethodHandle$Holder.invokeStatic(java.lang.Object, java.lang.Object, java.lang.Object, java.lang.Object, java.lang.Object, java.lang.Object, java.lang.Object, java.lang.Object, java.lang.Object, java.lang.Object, java.lang.Object, java.lang.Object, java.lang.Object, java.lang.Object, java.lang.Object)'> (0x0000000088b5b260) thrown at [./src/hotspot/share/interpreter/linkResolver.cpp, line 773]
Event: 2.255 Thread 0x000001f4a4da8000 Exception <a 'java/lang/NoSuchMethodError'{0x0000000088b69268}: 'java.lang.Object java.lang.invoke.DirectMethodHandle$Holder.invokeStatic(java.lang.Object, java.lang.Object, java.lang.Object, java.lang.Object, java.lang.Object, java.lang.Object, java.lang.Object, java.lang.Object, java.lang.Object, java.lang.Object, java.lang.Object, java.lang.Object, java.lang.Object, java.lang.Object, java.lang.Object, java.lang.Object)'> (0x0000000088b69268) thrown at [./src/hotspot/share/interpreter/linkResolver.cpp, l
Event: 2.257 Thread 0x000001f4a4da8000 Exception <a 'java/lang/NoSuchMethodError'{0x0000000088b77180}: 'java.lang.Object java.lang.invoke.DirectMethodHandle$Holder.invokeSpecial(java.lang.Object, java.lang.Object, int, int, java.lang.Object, java.lang.Object, java.lang.Object)'> (0x0000000088b77180) thrown at [./src/hotspot/share/interpreter/linkResolver.cpp, line 773]
Event: 2.257 Thread 0x000001f4a4da8000 Exception <a 'java/lang/NoSuchMethodError'{0x0000000088b7a9b8}: 'java.lang.Object java.lang.invoke.DelegatingMethodHandle$Holder.reinvoke_L(java.lang.Object, int, int, java.lang.Object, java.lang.Object, java.lang.Object)'> (0x0000000088b7a9b8) thrown at [./src/hotspot/share/interpreter/linkResolver.cpp, line 773]
Event: 2.258 Thread 0x000001f4a4da8000 Exception <a 'java/lang/NoSuchMethodError'{0x0000000088b7ed40}: 'java.lang.Object java.lang.invoke.DirectMethodHandle$Holder.invokeStatic(java.lang.Object, java.lang.Object, java.lang.Object, java.lang.Object, int)'> (0x0000000088b7ed40) thrown at [./src/hotspot/share/interpreter/linkResolver.cpp, line 773]
Event: 2.295 Thread 0x000001f4a4da8000 Exception <a 'java/lang/NoSuchMethodError'{0x0000000088aa3c28}: 'void java.lang.invoke.DirectMethodHandle$Holder.invokeStatic(java.lang.Object, java.lang.Object, java.lang.Object, java.lang.Object)'> (0x0000000088aa3c28) thrown at [./src/hotspot/share/interpreter/linkResolver.cpp, line 773]
Event: 2.371 Thread 0x000001f4a4da8000 Exception <a 'java/lang/NoSuchMethodError'{0x0000000088696af0}: 'void java.lang.invoke.DirectMethodHandle$Holder.invokeStaticInit(java.lang.Object, java.lang.Object)'> (0x0000000088696af0) thrown at [./src/hotspot/share/interpreter/linkResolver.cpp, line 773]
Event: 2.475 Thread 0x000001f4a4da8000 Exception <a 'java/lang/NoSuchMethodError'{0x0000000088139078}: 'void java.lang.invoke.DirectMethodHandle$Holder.invokeVirtual(java.lang.Object, java.lang.Object)'> (0x0000000088139078) thrown at [./src/hotspot/share/interpreter/linkResolver.cpp, line 773]
Event: 2.487 Thread 0x000001f4a4da8000 Exception <a 'java/lang/NoSuchMethodError'{0x00000000881db2b0}: 'int java.lang.invoke.DirectMethodHandle$Holder.invokeVirtual(java.lang.Object, java.lang.Object)'> (0x00000000881db2b0) thrown at [./src/hotspot/share/interpreter/linkResolver.cpp, line 773]

Events (20 events):
Event: 2.531 loading class org/jetbrains/kotlin/psi/KtElementImplStub
Event: 2.531 loading class org/jetbrains/kotlin/psi/KtElementImplStub done
Event: 2.531 loading class org/jetbrains/kotlin/psi/stubs/elements/KtStubElementType
Event: 2.531 loading class org/jetbrains/kotlin/psi/stubs/elements/KtStubElementType done
Event: 2.532 loading class org/jetbrains/kotlin/psi/stubs/elements/KtFunctionElementType
Event: 2.532 loading class org/jetbrains/kotlin/psi/stubs/elements/KtFunctionElementType done
Event: 2.532 loading class org/jetbrains/kotlin/psi/stubs/KotlinFunctionStub
Event: 2.532 loading class org/jetbrains/kotlin/psi/stubs/KotlinFunctionStub done
Event: 2.532 loading class org/jetbrains/kotlin/psi/stubs/KotlinCallableStubBase
Event: 2.532 loading class org/jetbrains/kotlin/psi/stubs/KotlinCallableStubBase done
Event: 2.533 loading class org/jetbrains/kotlin/psi/KtNamedFunction
Event: 2.533 loading class org/jetbrains/kotlin/psi/KtNamedFunction done
Event: 2.533 loading class org/jetbrains/kotlin/psi/KtDeclarationWithInitializer
Event: 2.533 loading class org/jetbrains/kotlin/psi/KtDeclarationWithInitializer done
Event: 2.534 loading class org/jetbrains/kotlin/psi/KtFunction
Event: 2.534 loading class org/jetbrains/kotlin/psi/KtFunction done
Event: 2.535 loading class org/jetbrains/kotlin/psi/KtCallableDeclaration
Event: 2.535 loading class org/jetbrains/kotlin/psi/KtCallableDeclaration done
Event: 2.537 loading class org/jetbrains/kotlin/psi/KtDeclarationWithBody
Event: 2.537 loading class org/jetbrains/kotlin/psi/KtDeclarationWithBody done


Dynamic libraries:
0x00007ff61ad50000 - 0x00007ff61ad5a000 	C:\Program Files\Android\Android Studio\jre\bin\java.exe
0x00007ffce50f0000 - 0x00007ffce5304000 	C:\Windows\SYSTEM32\ntdll.dll
0x00007ffce3650000 - 0x00007ffce3713000 	C:\Windows\System32\KERNEL32.DLL
0x00007ffce2510000 - 0x00007ffce28ad000 	C:\Windows\System32\KERNELBASE.dll
0x00007ffce2ca0000 - 0x00007ffce2db1000 	C:\Windows\System32\ucrtbase.dll
0x00007ffcdbcf0000 - 0x00007ffcdbd09000 	C:\Program Files\Android\Android Studio\jre\bin\jli.dll
0x00007ffcd3380000 - 0x00007ffcd3397000 	C:\Program Files\Android\Android Studio\jre\bin\VCRUNTIME140.dll
0x00007ffce3140000 - 0x00007ffce32ed000 	C:\Windows\System32\USER32.dll
0x00007ffcc9a90000 - 0x00007ffcc9d1e000 	C:\Windows\WinSxS\amd64_microsoft.windows.common-controls_6595b64144ccf1df_6.0.22621.608_none_a9444ca7c10bb01d\COMCTL32.dll
0x00007ffce29f0000 - 0x00007ffce2a16000 	C:\Windows\System32\win32u.dll
0x00007ffce3df0000 - 0x00007ffce3e97000 	C:\Windows\System32\msvcrt.dll
0x00007ffce3dc0000 - 0x00007ffce3de9000 	C:\Windows\System32\GDI32.dll
0x00007ffce2dc0000 - 0x00007ffce2ed2000 	C:\Windows\System32\gdi32full.dll
0x00007ffce2a20000 - 0x00007ffce2aba000 	C:\Windows\System32\msvcp_win.dll
0x00007ffce3720000 - 0x00007ffce3752000 	C:\Windows\System32\IMM32.DLL
0x00007ffcc66c0000 - 0x00007ffcc675d000 	C:\Program Files\Android\Android Studio\jre\bin\msvcp140.dll
0x00007ffcb7f50000 - 0x00007ffcb8a52000 	C:\Program Files\Android\Android Studio\jre\bin\server\jvm.dll
0x00007ffce2f70000 - 0x00007ffce301e000 	C:\Windows\System32\ADVAPI32.dll
0x00007ffce3790000 - 0x00007ffce3834000 	C:\Windows\System32\sechost.dll
0x00007ffce4770000 - 0x00007ffce4885000 	C:\Windows\System32\RPCRT4.dll
0x00007ffce48b0000 - 0x00007ffce48b8000 	C:\Windows\System32\PSAPI.DLL
0x00007ffcded30000 - 0x00007ffcded39000 	C:\Windows\SYSTEM32\WSOCK32.dll
0x00007ffcdbb10000 - 0x00007ffcdbb44000 	C:\Windows\SYSTEM32\WINMM.dll
0x00007ffce3ea0000 - 0x00007ffce3f11000 	C:\Windows\System32\WS2_32.dll
0x00007ffcd16d0000 - 0x00007ffcd16da000 	C:\Windows\SYSTEM32\VERSION.dll
0x00007ffce1610000 - 0x00007ffce1628000 	C:\Windows\SYSTEM32\kernel.appcore.dll
0x00007ffcdd820000 - 0x00007ffcdd831000 	C:\Program Files\Android\Android Studio\jre\bin\verify.dll
0x00007ffcdff20000 - 0x00007ffce014e000 	C:\Windows\SYSTEM32\DBGHELP.DLL
0x00007ffce38c0000 - 0x00007ffce3c4a000 	C:\Windows\System32\combase.dll
0x00007ffce4630000 - 0x00007ffce4707000 	C:\Windows\System32\OLEAUT32.dll
0x00007ffcdd7e0000 - 0x00007ffcdd812000 	C:\Windows\SYSTEM32\dbgcore.DLL
0x00007ffce28b0000 - 0x00007ffce292b000 	C:\Windows\System32\bcryptPrimitives.dll
0x00007ffcdcec0000 - 0x00007ffcdcee9000 	C:\Program Files\Android\Android Studio\jre\bin\java.dll
0x00007ffcdea00000 - 0x00007ffcdea0b000 	C:\Program Files\Android\Android Studio\jre\bin\jimage.dll
0x00007ffcdd160000 - 0x00007ffcdd178000 	C:\Program Files\Android\Android Studio\jre\bin\zip.dll
0x00007ffce48c0000 - 0x00007ffce50af000 	C:\Windows\System32\SHELL32.dll
0x00007ffce04f0000 - 0x00007ffce0db8000 	C:\Windows\SYSTEM32\windows.storage.dll
0x00007ffce03b0000 - 0x00007ffce04ee000 	C:\Windows\SYSTEM32\wintypes.dll
0x00007ffce3c50000 - 0x00007ffce3d41000 	C:\Windows\System32\SHCORE.dll
0x00007ffce4710000 - 0x00007ffce476e000 	C:\Windows\System32\shlwapi.dll
0x00007ffce2440000 - 0x00007ffce2461000 	C:\Windows\SYSTEM32\profapi.dll
0x00007ffcdcea0000 - 0x00007ffcdceba000 	C:\Program Files\Android\Android Studio\jre\bin\net.dll
0x00007ffcdbfa0000 - 0x00007ffcdc0cf000 	C:\Windows\SYSTEM32\WINHTTP.dll
0x00007ffce1a70000 - 0x00007ffce1ad9000 	C:\Windows\system32\mswsock.dll
0x00007ffcdce80000 - 0x00007ffcdce94000 	C:\Program Files\Android\Android Studio\jre\bin\nio.dll

dbghelp: loaded successfully - version: 4.0.5 - missing functions: none
symbol engine: initialized successfully - sym options: 0x614 - pdb path: .;C:\Program Files\Android\Android Studio\jre\bin;C:\Windows\SYSTEM32;C:\Windows\WinSxS\amd64_microsoft.windows.common-controls_6595b64144ccf1df_6.0.22621.608_none_a9444ca7c10bb01d;C:\Program Files\Android\Android Studio\jre\bin\server

VM Arguments:
java_command: org.jetbrains.kotlin.cli.jvm.K2JVMCompiler @C:\Users\mhyr\AndroidStudioProjects\MhyrFoodApp\app\build\20230208_6129148700902202915.compiler.options
java_class_path (initial): C:\Users\mhyr\.gradle\caches\modules-2\files-2.1\org.jetbrains.kotlin\kotlin-compiler-embeddable\1.7.20\8db18559a581dd2c36ddfd5046af145650f5b126\kotlin-compiler-embeddable-1.7.20.jar;C:\Users\mhyr\.gradle\caches\modules-2\files-2.1\org.jetbrains.kotlin\kotlin-reflect\1.7.20\12b2501e33bb6373e8e347c86d85481863629381\kotlin-reflect-1.7.20.jar;C:\Users\mhyr\.gradle\caches\modules-2\files-2.1\org.jetbrains.kotlin\kotlin-stdlib\1.7.20\726594ea9ba2beb2ee113647fefa9a10f9fabe52\kotlin-stdlib-1.7.20.jar;C:\Users\mhyr\.gradle\caches\modules-2\files-2.1\org.jetbrains.kotlin\kotlin-script-runtime\1.7.20\bcd1cc6f865e632550357fcc59f5ffd532615a8\kotlin-script-runtime-1.7.20.jar;C:\Users\mhyr\.gradle\caches\modules-2\files-2.1\org.jetbrains.kotlin\kotlin-daemon-embeddable\1.7.20\1e24355adad8d529d75d5b19eab55484057431ba\kotlin-daemon-embeddable-1.7.20.jar;C:\Users\mhyr\.gradle\caches\modules-2\files-2.1\org.jetbrains.intellij.deps\trove4j\1.0.20200330\3afb14d5f9ceb459d724e907a21145e8ff394f02\trove4j-1.0.20200330.jar;C:\Users\mhyr\.gradle\caches\modules-2\files-2.1\net.java.dev.jna\jna\5.6.0\330f2244e9030119ab3030fc3fededc86713d9cc\jna-5.6.0.jar;C:\Users\mhyr\.gradle\caches\modules-2\files-2.1\org.jetbrains.kotlin\kotlin-stdlib-common\1.7.20\e15351bdaf9fa06f009be5da7a202e4184f00ae3\kotlin-stdlib-common-1.7.20.jar;C:\Users\mhyr\.gradle\caches\modules-2\files-2.1\org.jetbrains\annotations\13.0\919f0dfe192fb4e063e7dacadee7f8bb9a2672a9\annotations-13.0.jar
Launcher Type: SUN_STANDARD

[Global flags]
     intx CICompilerCount                          = 4                                         {product} {ergonomic}
     uint ConcGCThreads                            = 2                                         {product} {ergonomic}
     uint G1ConcRefinementThreads                  = 8                                         {product} {ergonomic}
   size_t G1HeapRegionSize                         = 1048576                                   {product} {ergonomic}
    uintx GCDrainStackTargetSize                   = 64                                        {product} {ergonomic}
   size_t InitialHeapSize                          = 134217728                                 {product} {ergonomic}
   size_t MarkStackSize                            = 4194304                                   {product} {ergonomic}
   size_t MaxHeapSize                              = 2116026368                                {product} {ergonomic}
   size_t MaxNewSize                               = 1268776960                                {product} {ergonomic}
   size_t MinHeapDeltaBytes                        = 1048576                                   {product} {ergonomic}
    uintx NonNMethodCodeHeapSize                   = 5836300                                {pd product} {ergonomic}
    uintx NonProfiledCodeHeapSize                  = 122910970                              {pd product} {ergonomic}
    uintx ProfiledCodeHeapSize                     = 122910970                              {pd product} {ergonomic}
    uintx ReservedCodeCacheSize                    = 251658240                              {pd product} {ergonomic}
     bool SegmentedCodeCache                       = true                                      {product} {ergonomic}
     bool UseCompressedClassPointers               = true                                 {lp64_product} {ergonomic}
     bool UseCompressedOops                        = true                                 {lp64_product} {ergonomic}
     bool UseG1GC                                  = true                                      {product} {ergonomic}
     bool UseLargePagesIndividualAllocation        = false                                  {pd product} {ergonomic}

Logging:
Log output configuration:
 #0: stdout all=warning uptime,level,tags
 #1: stderr all=off uptime,level,tags

Environment Variables:
PATH=C:\Windows\system32;C:\Windows;C:\Windows\System32\Wbem;C:\Windows\System32\WindowsPowerShell\v1.0\;C:\Windows\System32\OpenSSH\;C:\Program Files\Git\cmd;C:\Users\mhyr\AppData\Local\Microsoft\WindowsApps;
USERNAME=mhyr
OS=Windows_NT
PROCESSOR_IDENTIFIER=Intel64 Family 6 Model 142 Stepping 10, GenuineIntel



---------------  S Y S T E M  ---------------

OS: Windows 11 , 64 bit Build 22621 (10.0.22621.1105)
OS uptime: 0 days 10:18 hours
Hyper-V role detected

CPU:total 8 (initial active 8) (4 cores per cpu, 2 threads per core) family 6 model 142 stepping 10 microcode 0xe0, cmov, cx8, fxsr, mmx, sse, sse2, sse3, ssse3, sse4.1, sse4.2, popcnt, avx, avx2, aes, clmul, erms, 3dnowpref, lzcnt, ht, tsc, tscinvbit, bmi1, bmi2, adx, fma

Memory: 4k page, system-wide physical 8070M (190M free)
TotalPageFile size 10118M (AvailPageFile size 11M)
current process WorkingSet (physical memory assigned to process): 166M, peak: 173M
current process commit charge ("private bytes"): 277M, peak: 284M

vm_info: OpenJDK 64-Bit Server VM (11.0.13+0-b1751.21-8125866) for windows-amd64 JRE (11.0.13+0-b1751.21-8125866), built on Feb  2 2022 03:00:22 by "builder" with MS VC++ 14.0 (VS2015)

END.
