#
# There is insufficient memory for the Java Runtime Environment to continue.
# Native memory allocation (mmap) failed to map 27262976 bytes for Failed to commit area from 0x0000000088000000 to 0x0000000089a00000 of length 27262976.
# Possible reasons:
#   The system is out of physical RAM or swap space
#   The process is running with CompressedOops enabled, and the Java Heap may be blocking the growth of the native heap
# Possible solutions:
#   Reduce memory load on the system
#   Increase physical memory or swap space
#   Check if swap backing store is full
#   Decrease Java heap size (-Xmx/-Xms)
#   Decrease number of Java threads
#   Decrease Java thread stack sizes (-Xss)
#   Set larger code cache with -XX:ReservedCodeCacheSize=
#   JVM is running with Unscaled Compressed Oops mode in which the Java heap is
#     placed in the first 4GB address space. The Java Heap base address is the
#     maximum limit for the native heap growth. Please use -XX:HeapBaseMinAddress
#     to set the Java Heap base and to place the Java Heap above 4GB virtual address.
# This output file may be truncated or incomplete.
#
#  Out of Memory Error (./src/hotspot/os/windows/os_windows.cpp:3619), pid=1108, tid=3584
#
# JRE version: OpenJDK Runtime Environment (11.0.13) (build 11.0.13+0-b1751.21-8125866)
# Java VM: OpenJDK 64-Bit Server VM (11.0.13+0-b1751.21-8125866, mixed mode, tiered, compressed oops, g1 gc, windows-amd64)
# No core dump will be written. Minidumps are not enabled by default on client versions of Windows
#

---------------  S U M M A R Y ------------

Command Line: --add-opens=java.base/java.util=ALL-UNNAMED --add-opens=java.base/java.lang=ALL-UNNAMED --add-opens=java.base/java.lang.invoke=ALL-UNNAMED --add-opens=java.base/java.util=ALL-UNNAMED --add-opens=java.prefs/java.util.prefs=ALL-UNNAMED --add-opens=java.prefs/java.util.prefs=ALL-UNNAMED --add-opens=java.base/java.nio.charset=ALL-UNNAMED --add-opens=java.base/java.net=ALL-UNNAMED --add-opens=java.base/java.util.concurrent.atomic=ALL-UNNAMED -Xmx2048m -Dfile.encoding=UTF-8 -Duser.country=US -Duser.language=en -Duser.variant org.gradle.launcher.daemon.bootstrap.GradleDaemon 7.4

Host: Intel(R) Core(TM) i7-8550U CPU @ 1.80GHz, 8 cores, 7G,  Windows 11 , 64 bit Build 22621 (10.0.22621.1105)
Time: Sun Feb 12 20:03:14 2023 Iran Standard Time elapsed time: 8.616946 seconds (0d 0h 0m 8s)

---------------  T H R E A D  ---------------

Current thread (0x00000216ff4ab000):  VMThread "VM Thread" [stack: 0x0000001987c00000,0x0000001987d00000] [id=3584]

Stack: [0x0000001987c00000,0x0000001987d00000]
[error occurred during error reporting (printing stack bounds), id 0xc0000005, EXCEPTION_ACCESS_VIOLATION (0xc0000005) at pc=0x00000216ee35112d]

Native frames: (J=compiled Java code, j=interpreted, Vv=VM code, C=native code)
V  [jvm.dll+0x6100fa]
V  [jvm.dll+0x747090]
V  [jvm.dll+0x7486ad]
V  [jvm.dll+0x748ce5]
V  [jvm.dll+0x748c9b]
V  [jvm.dll+0x60f224]
V  [jvm.dll+0x60f9b8]
C  [ntdll.dll+0xa3eaf]
C  [ntdll.dll+0x1eae6]
C  [ntdll.dll+0xa2e9e]
C  0x00000216ee35112d

VM_Operation (0x0000001988fee740): G1CollectForAllocation, mode: safepoint, requested by thread 0x0000021687fa5000


---------------  P R O C E S S  ---------------

Threads class SMR info:
_java_thread_list=0x000002168a3f6370, length=33, elements={
0x00000216e906a000, 0x00000216ff4b0000, 0x00000216ff4b9000, 0x00000216ff4da000,
0x00000216ff4db000, 0x00000216ff4ca000, 0x00000216ff4d5800, 0x0000021686043800,
0x000002168604e800, 0x000002168619a800, 0x0000021687c71000, 0x0000021687f99000,
0x0000021686d3a800, 0x0000021687c30800, 0x00000216872f2800, 0x0000021687fa4000,
0x0000021687fa5000, 0x00000216876cc000, 0x0000021687f9b000, 0x0000021687fa0000,
0x0000021687f7f800, 0x0000021687f7c800, 0x0000021687f7d800, 0x0000021687f7e000,
0x0000021687f7f000, 0x0000021687f80800, 0x0000021687f7b000, 0x0000021687f81800,
0x0000021687f7b800, 0x000002168a180000, 0x000002168a181000, 0x000002168a181800,
0x000002168a17f000
}

Java Threads: ( => current thread )
  0x00000216e906a000 JavaThread "main" [_thread_blocked, id=8220, stack(0x0000001987600000,0x0000001987700000)]
  0x00000216ff4b0000 JavaThread "Reference Handler" daemon [_thread_blocked, id=5572, stack(0x0000001987d00000,0x0000001987e00000)]
  0x00000216ff4b9000 JavaThread "Finalizer" daemon [_thread_blocked, id=5960, stack(0x0000001987e00000,0x0000001987f00000)]
  0x00000216ff4da000 JavaThread "Signal Dispatcher" daemon [_thread_blocked, id=11004, stack(0x0000001987f00000,0x0000001988000000)]
  0x00000216ff4db000 JavaThread "Attach Listener" daemon [_thread_blocked, id=9168, stack(0x0000001988000000,0x0000001988100000)]
  0x00000216ff4ca000 JavaThread "Service Thread" daemon [_thread_blocked, id=6276, stack(0x0000001988100000,0x0000001988200000)]
  0x00000216ff4d5800 JavaThread "C2 CompilerThread0" daemon [_thread_blocked, id=4544, stack(0x0000001988200000,0x0000001988300000)]
  0x0000021686043800 JavaThread "C1 CompilerThread0" daemon [_thread_blocked, id=6032, stack(0x0000001988300000,0x0000001988400000)]
  0x000002168604e800 JavaThread "Sweeper thread" daemon [_thread_blocked, id=10208, stack(0x0000001988400000,0x0000001988500000)]
  0x000002168619a800 JavaThread "Common-Cleaner" daemon [_thread_blocked, id=6204, stack(0x0000001988500000,0x0000001988600000)]
  0x0000021687c71000 JavaThread "Daemon health stats" [_thread_blocked, id=12240, stack(0x0000001988700000,0x0000001988800000)]
  0x0000021687f99000 JavaThread "Incoming local TCP Connector on port 54431" [_thread_in_native, id=9000, stack(0x0000001988a00000,0x0000001988b00000)]
  0x0000021686d3a800 JavaThread "Daemon periodic checks" [_thread_blocked, id=4772, stack(0x0000001988b00000,0x0000001988c00000)]
  0x0000021687c30800 JavaThread "Daemon" [_thread_blocked, id=548, stack(0x0000001988c00000,0x0000001988d00000)]
  0x00000216872f2800 JavaThread "Handler for socket connection from /127.0.0.1:54431 to /127.0.0.1:54432" [_thread_in_native, id=7060, stack(0x0000001988d00000,0x0000001988e00000)]
  0x0000021687fa4000 JavaThread "Cancel handler" [_thread_blocked, id=11372, stack(0x0000001988e00000,0x0000001988f00000)]
  0x0000021687fa5000 JavaThread "Daemon worker" [_thread_blocked, id=6864, stack(0x0000001988f00000,0x0000001989000000)]
  0x00000216876cc000 JavaThread "Asynchronous log dispatcher for DefaultDaemonConnection: socket connection from /127.0.0.1:54431 to /127.0.0.1:54432" [_thread_blocked, id=2832, stack(0x0000001989000000,0x0000001989100000)]
  0x0000021687f9b000 JavaThread "Stdin handler" [_thread_blocked, id=9056, stack(0x0000001989100000,0x0000001989200000)]
  0x0000021687fa0000 JavaThread "Daemon client event forwarder" [_thread_blocked, id=3772, stack(0x0000001989200000,0x0000001989300000)]
  0x0000021687f7f800 JavaThread "Cache worker for journal cache (C:\Users\mhyr\.gradle\caches\journal-1)" [_thread_blocked, id=1860, stack(0x0000001989800000,0x0000001989900000)]
  0x0000021687f7c800 JavaThread "File lock request listener" [_thread_in_native, id=1328, stack(0x0000001989900000,0x0000001989a00000)]
  0x0000021687f7d800 JavaThread "Cache worker for file hash cache (C:\Users\mhyr\.gradle\caches\7.4\fileHashes)" [_thread_blocked, id=2848, stack(0x0000001989a00000,0x0000001989b00000)]
  0x0000021687f7e000 JavaThread "File watcher server" daemon [_thread_in_native, id=7516, stack(0x0000001989c00000,0x0000001989d00000)]
  0x0000021687f7f000 JavaThread "File watcher consumer" daemon [_thread_blocked, id=11608, stack(0x0000001989d00000,0x0000001989e00000)]
  0x0000021687f80800 JavaThread "Cache worker for checksums cache (C:\Users\mhyr\AndroidStudioProjects\MhyrFoodApp\.gradle\7.4\checksums)" [_thread_blocked, id=2256, stack(0x0000001989e00000,0x0000001989f00000)]
  0x0000021687f7b000 JavaThread "Cache worker for cache directory md-rule (C:\Users\mhyr\.gradle\caches\7.4\md-rule)" [_thread_blocked, id=8340, stack(0x0000001989f00000,0x000000198a000000)]
  0x0000021687f81800 JavaThread "Cache worker for file hash cache (C:\Users\mhyr\AndroidStudioProjects\MhyrFoodApp\.gradle\7.4\fileHashes)" [_thread_blocked, id=2064, stack(0x000000198a000000,0x000000198a100000)]
  0x0000021687f7b800 JavaThread "Cache worker for cache directory md-supplier (C:\Users\mhyr\.gradle\caches\7.4\md-supplier)" [_thread_blocked, id=10504, stack(0x000000198a100000,0x000000198a200000)]
  0x000002168a180000 JavaThread "Cache worker for execution history cache (C:\Users\mhyr\.gradle\caches\7.4\executionHistory)" [_thread_blocked, id=6044, stack(0x000000198a200000,0x000000198a300000)]
  0x000002168a181000 JavaThread "jar transforms" [_thread_blocked, id=11040, stack(0x000000198a300000,0x000000198a400000)]
  0x000002168a181800 JavaThread "Cache worker for file content cache (C:\Users\mhyr\.gradle\caches\7.4\fileContent)" [_thread_blocked, id=8032, stack(0x000000198a400000,0x000000198a500000)]
  0x000002168a17f000 JavaThread "jar transforms Thread 2" [_thread_blocked, id=11732, stack(0x000000198a500000,0x000000198a600000)]

Other Threads:
=>0x00000216ff4ab000 VMThread "VM Thread" [stack: 0x0000001987c00000,0x0000001987d00000] [id=3584]
  0x00000216861a1800 WatcherThread [stack: 0x0000001988600000,0x0000001988700000] [id=11320]
  0x00000216e9082800 GCTaskThread "GC Thread#0" [stack: 0x0000001987700000,0x0000001987800000] [id=10592]
  0x00000216864c7000 GCTaskThread "GC Thread#1" [stack: 0x0000001988800000,0x0000001988900000] [id=4260]
  0x0000021686e96000 GCTaskThread "GC Thread#2" [stack: 0x0000001988900000,0x0000001988a00000] [id=12124]
  0x0000021687e72800 GCTaskThread "GC Thread#3" [stack: 0x0000001989300000,0x0000001989400000] [id=9528]
  0x0000021687e41800 GCTaskThread "GC Thread#4" [stack: 0x0000001989400000,0x0000001989500000] [id=5948]
  0x0000021687e3b800 GCTaskThread "GC Thread#5" [stack: 0x0000001989500000,0x0000001989600000] [id=11008]
  0x0000021687e3f800 GCTaskThread "GC Thread#6" [stack: 0x0000001989600000,0x0000001989700000] [id=4972]
  0x00000216880b3000 GCTaskThread "GC Thread#7" [stack: 0x0000001989700000,0x0000001989800000] [id=5840]
  0x00000216e90b5800 ConcurrentGCThread "G1 Main Marker" [stack: 0x0000001987800000,0x0000001987900000] [id=1776]
  0x00000216e90b6800 ConcurrentGCThread "G1 Conc#0" [stack: 0x0000001987900000,0x0000001987a00000] [id=4376]
  0x0000021688219000 ConcurrentGCThread "G1 Conc#1" [stack: 0x0000001989b00000,0x0000001989c00000] [id=8872]
  0x00000216ff300800 ConcurrentGCThread "G1 Refine#0" [stack: 0x0000001987a00000,0x0000001987b00000] [id=10120]
  0x00000216ff302800 ConcurrentGCThread "G1 Young RemSet Sampling" [stack: 0x0000001987b00000,0x0000001987c00000] [id=3780]

Threads with active compile tasks:
C2 CompilerThread0   8651 3456   !   4       java.lang.reflect.Executable::declaredAnnotations (85 bytes)

VM state:at safepoint (normal execution)

VM Mutex/Monitor currently owned by a thread:  ([mutex/lock_event])
[0x00000216e9064a20] Threads_lock - owner thread: 0x00000216ff4ab000
[0x00000216e9065950] Heap_lock - owner thread: 0x0000021687fa5000

Heap address: 0x0000000080000000, size: 2048 MB, Compressed Oops mode: 32-bit
Narrow klass base: 0x0000000000000000, Narrow klass shift: 3
Compressed class space size: 1073741824 Address: 0x0000000100000000

Heap:
 garbage-first heap   total 157696K, used 28060K [0x0000000080000000, 0x0000000100000000)
  region size 1024K, 9 young (9216K), 9 survivors (9216K)
 Metaspace       used 40197K, capacity 41181K, committed 41552K, reserved 1085440K
  class space    used 5066K, capacity 5417K, committed 5536K, reserved 1048576K
Heap Regions: E=young(eden), S=young(survivor), O=old, HS=humongous(starts), HC=humongous(continues), CS=collection set, F=free, A=archive, TAMS=top-at-mark-start (previous, next)
|   0|0x0000000080000000, 0x0000000080100000, 0x0000000080100000|100%| O|  |TAMS 0x0000000080100000, 0x0000000080000000| Untracked 
|   1|0x0000000080100000, 0x0000000080200000, 0x0000000080200000|100%| O|  |TAMS 0x0000000080200000, 0x0000000080100000| Untracked 
|   2|0x0000000080200000, 0x0000000080300000, 0x0000000080300000|100%| O|  |TAMS 0x0000000080300000, 0x0000000080200000| Untracked 
|   3|0x0000000080300000, 0x0000000080400000, 0x0000000080400000|100%|HS|  |TAMS 0x0000000080400000, 0x0000000080300000| Complete 
|   4|0x0000000080400000, 0x0000000080500000, 0x0000000080500000|100%|HC|  |TAMS 0x0000000080500000, 0x0000000080400000| Complete 
|   5|0x0000000080500000, 0x0000000080600000, 0x0000000080600000|100%|HC|  |TAMS 0x0000000080600000, 0x0000000080500000| Complete 
|   6|0x0000000080600000, 0x0000000080700000, 0x0000000080700000|100%| O|  |TAMS 0x0000000080700000, 0x0000000080600000| Untracked 
|   7|0x0000000080700000, 0x0000000080800000, 0x0000000080800000|100%| O|  |TAMS 0x0000000080800000, 0x0000000080700000| Untracked 
|   8|0x0000000080800000, 0x0000000080900000, 0x0000000080900000|100%| O|  |TAMS 0x0000000080900000, 0x0000000080800000| Untracked 
|   9|0x0000000080900000, 0x0000000080a00000, 0x0000000080a00000|100%| O|  |TAMS 0x0000000080a00000, 0x0000000080900000| Untracked 
|  10|0x0000000080a00000, 0x0000000080b00000, 0x0000000080b00000|100%| O|  |TAMS 0x0000000080b00000, 0x0000000080a00000| Untracked 
|  11|0x0000000080b00000, 0x0000000080c00000, 0x0000000080c00000|100%| O|  |TAMS 0x0000000080c00000, 0x0000000080b00000| Untracked 
|  12|0x0000000080c00000, 0x0000000080d00000, 0x0000000080d00000|100%| O|  |TAMS 0x0000000080d00000, 0x0000000080c00000| Untracked 
|  13|0x0000000080d00000, 0x0000000080e00000, 0x0000000080e00000|100%| O|  |TAMS 0x0000000080e00000, 0x0000000080d00000| Untracked 
|  14|0x0000000080e00000, 0x0000000080f00000, 0x0000000080f00000|100%| O|  |TAMS 0x0000000080f00000, 0x0000000080e00000| Untracked 
|  15|0x0000000080f00000, 0x0000000081000000, 0x0000000081000000|100%| O|  |TAMS 0x0000000080f8a000, 0x0000000080f00000| Untracked 
|  16|0x0000000081000000, 0x0000000081000000, 0x0000000081100000|  0%| F|  |TAMS 0x0000000081000000, 0x0000000081000000| Untracked 
|  17|0x0000000081100000, 0x0000000081100000, 0x0000000081200000|  0%| F|  |TAMS 0x0000000081100000, 0x0000000081100000| Untracked 
|  18|0x0000000081200000, 0x0000000081200000, 0x0000000081300000|  0%| F|  |TAMS 0x0000000081200000, 0x0000000081200000| Untracked 
|  19|0x0000000081300000, 0x0000000081400000, 0x0000000081400000|100%| O|  |TAMS 0x0000000081300000, 0x0000000081300000| Untracked 
|  20|0x0000000081400000, 0x0000000081500000, 0x0000000081500000|100%| O|  |TAMS 0x0000000081400000, 0x0000000081400000| Untracked 
|  21|0x0000000081500000, 0x000000008158d800, 0x0000000081600000| 55%| O|  |TAMS 0x0000000081500000, 0x0000000081500000| Untracked 
|  22|0x0000000081600000, 0x0000000081600000, 0x0000000081700000|  0%| F|  |TAMS 0x0000000081600000, 0x0000000081600000| Untracked 
|  23|0x0000000081700000, 0x0000000081700000, 0x0000000081800000|  0%| F|  |TAMS 0x0000000081700000, 0x0000000081700000| Untracked 
|  24|0x0000000081800000, 0x0000000081800000, 0x0000000081900000|  0%| F|  |TAMS 0x0000000081800000, 0x0000000081800000| Untracked 
|  25|0x0000000081900000, 0x0000000081900000, 0x0000000081a00000|  0%| F|  |TAMS 0x0000000081900000, 0x0000000081900000| Untracked 
|  26|0x0000000081a00000, 0x0000000081a00000, 0x0000000081b00000|  0%| F|  |TAMS 0x0000000081a00000, 0x0000000081a00000| Untracked 
|  27|0x0000000081b00000, 0x0000000081b00000, 0x0000000081c00000|  0%| F|  |TAMS 0x0000000081b00000, 0x0000000081b00000| Untracked 
|  28|0x0000000081c00000, 0x0000000081c00000, 0x0000000081d00000|  0%| F|  |TAMS 0x0000000081c00000, 0x0000000081c00000| Untracked 
|  29|0x0000000081d00000, 0x0000000081d00000, 0x0000000081e00000|  0%| F|  |TAMS 0x0000000081d00000, 0x0000000081d00000| Untracked 
|  30|0x0000000081e00000, 0x0000000081e00000, 0x0000000081f00000|  0%| F|  |TAMS 0x0000000081e00000, 0x0000000081e00000| Untracked 
|  31|0x0000000081f00000, 0x0000000081f00000, 0x0000000082000000|  0%| F|  |TAMS 0x0000000081f00000, 0x0000000081f00000| Untracked 
|  32|0x0000000082000000, 0x0000000082000000, 0x0000000082100000|  0%| F|  |TAMS 0x0000000082000000, 0x0000000082000000| Untracked 
|  33|0x0000000082100000, 0x0000000082100000, 0x0000000082200000|  0%| F|  |TAMS 0x0000000082100000, 0x0000000082100000| Untracked 
|  34|0x0000000082200000, 0x0000000082200000, 0x0000000082300000|  0%| F|  |TAMS 0x0000000082200000, 0x0000000082200000| Untracked 
|  35|0x0000000082300000, 0x0000000082300000, 0x0000000082400000|  0%| F|  |TAMS 0x0000000082300000, 0x0000000082300000| Untracked 
|  36|0x0000000082400000, 0x0000000082400000, 0x0000000082500000|  0%| F|  |TAMS 0x0000000082400000, 0x0000000082400000| Untracked 
|  37|0x0000000082500000, 0x0000000082500000, 0x0000000082600000|  0%| F|  |TAMS 0x0000000082500000, 0x0000000082500000| Untracked 
|  38|0x0000000082600000, 0x0000000082600000, 0x0000000082700000|  0%| F|  |TAMS 0x0000000082600000, 0x0000000082600000| Untracked 
|  39|0x0000000082700000, 0x0000000082700000, 0x0000000082800000|  0%| F|  |TAMS 0x0000000082700000, 0x0000000082700000| Untracked 
|  40|0x0000000082800000, 0x0000000082800000, 0x0000000082900000|  0%| F|  |TAMS 0x0000000082800000, 0x0000000082800000| Untracked 
|  41|0x0000000082900000, 0x0000000082900000, 0x0000000082a00000|  0%| F|  |TAMS 0x0000000082900000, 0x0000000082900000| Untracked 
|  42|0x0000000082a00000, 0x0000000082a00000, 0x0000000082b00000|  0%| F|  |TAMS 0x0000000082a00000, 0x0000000082a00000| Untracked 
|  43|0x0000000082b00000, 0x0000000082b00000, 0x0000000082c00000|  0%| F|  |TAMS 0x0000000082b00000, 0x0000000082b00000| Untracked 
|  44|0x0000000082c00000, 0x0000000082c00000, 0x0000000082d00000|  0%| F|  |TAMS 0x0000000082c00000, 0x0000000082c00000| Untracked 
|  45|0x0000000082d00000, 0x0000000082dd9af0, 0x0000000082e00000| 85%| S|CS|TAMS 0x0000000082d00000, 0x0000000082d00000| Complete 
|  46|0x0000000082e00000, 0x0000000082f00000, 0x0000000082f00000|100%| S|CS|TAMS 0x0000000082e00000, 0x0000000082e00000| Complete 
|  47|0x0000000082f00000, 0x0000000083000000, 0x0000000083000000|100%| S|CS|TAMS 0x0000000082f00000, 0x0000000082f00000| Complete 
|  48|0x0000000083000000, 0x0000000083100000, 0x0000000083100000|100%| S|CS|TAMS 0x0000000083000000, 0x0000000083000000| Complete 
|  49|0x0000000083100000, 0x0000000083200000, 0x0000000083200000|100%| S|CS|TAMS 0x0000000083100000, 0x0000000083100000| Complete 
|  50|0x0000000083200000, 0x0000000083300000, 0x0000000083300000|100%| S|CS|TAMS 0x0000000083200000, 0x0000000083200000| Complete 
|  51|0x0000000083300000, 0x0000000083400000, 0x0000000083400000|100%| S|CS|TAMS 0x0000000083300000, 0x0000000083300000| Complete 
|  52|0x0000000083400000, 0x0000000083500000, 0x0000000083500000|100%| S|CS|TAMS 0x0000000083400000, 0x0000000083400000| Complete 
|  53|0x0000000083500000, 0x0000000083600000, 0x0000000083600000|100%| S|CS|TAMS 0x0000000083500000, 0x0000000083500000| Complete 
|  54|0x0000000083600000, 0x0000000083600000, 0x0000000083700000|  0%| F|  |TAMS 0x0000000083600000, 0x0000000083600000| Untracked 
|  55|0x0000000083700000, 0x0000000083700000, 0x0000000083800000|  0%| F|  |TAMS 0x0000000083700000, 0x0000000083700000| Untracked 
|  56|0x0000000083800000, 0x0000000083800000, 0x0000000083900000|  0%| F|  |TAMS 0x0000000083800000, 0x0000000083800000| Untracked 
|  57|0x0000000083900000, 0x0000000083900000, 0x0000000083a00000|  0%| F|  |TAMS 0x0000000083900000, 0x0000000083900000| Untracked 
|  58|0x0000000083a00000, 0x0000000083a00000, 0x0000000083b00000|  0%| F|  |TAMS 0x0000000083a00000, 0x0000000083a00000| Untracked 
|  59|0x0000000083b00000, 0x0000000083b00000, 0x0000000083c00000|  0%| F|  |TAMS 0x0000000083b00000, 0x0000000083b00000| Untracked 
|  60|0x0000000083c00000, 0x0000000083c00000, 0x0000000083d00000|  0%| F|  |TAMS 0x0000000083c00000, 0x0000000083c00000| Untracked 
|  61|0x0000000083d00000, 0x0000000083d00000, 0x0000000083e00000|  0%| F|  |TAMS 0x0000000083d00000, 0x0000000083d00000| Untracked 
|  62|0x0000000083e00000, 0x0000000083e00000, 0x0000000083f00000|  0%| F|  |TAMS 0x0000000083e00000, 0x0000000083e00000| Untracked 
|  63|0x0000000083f00000, 0x0000000083f00000, 0x0000000084000000|  0%| F|  |TAMS 0x0000000083f00000, 0x0000000083f00000| Untracked 
|  64|0x0000000084000000, 0x0000000084000000, 0x0000000084100000|  0%| F|  |TAMS 0x0000000084000000, 0x0000000084000000| Untracked 
|  65|0x0000000084100000, 0x0000000084100000, 0x0000000084200000|  0%| F|  |TAMS 0x0000000084100000, 0x0000000084100000| Untracked 
|  66|0x0000000084200000, 0x0000000084200000, 0x0000000084300000|  0%| F|  |TAMS 0x0000000084200000, 0x0000000084200000| Untracked 
|  67|0x0000000084300000, 0x0000000084300000, 0x0000000084400000|  0%| F|  |TAMS 0x0000000084300000, 0x0000000084300000| Untracked 
|  68|0x0000000084400000, 0x0000000084400000, 0x0000000084500000|  0%| F|  |TAMS 0x0000000084400000, 0x0000000084400000| Untracked 
|  69|0x0000000084500000, 0x0000000084500000, 0x0000000084600000|  0%| F|  |TAMS 0x0000000084500000, 0x0000000084500000| Untracked 
|  70|0x0000000084600000, 0x0000000084600000, 0x0000000084700000|  0%| F|  |TAMS 0x0000000084600000, 0x0000000084600000| Untracked 
|  71|0x0000000084700000, 0x0000000084700000, 0x0000000084800000|  0%| F|  |TAMS 0x0000000084700000, 0x0000000084700000| Untracked 
|  72|0x0000000084800000, 0x0000000084800000, 0x0000000084900000|  0%| F|  |TAMS 0x0000000084800000, 0x0000000084800000| Untracked 
|  73|0x0000000084900000, 0x0000000084900000, 0x0000000084a00000|  0%| F|  |TAMS 0x0000000084900000, 0x0000000084900000| Untracked 
|  74|0x0000000084a00000, 0x0000000084a00000, 0x0000000084b00000|  0%| F|  |TAMS 0x0000000084a00000, 0x0000000084a00000| Untracked 
|  75|0x0000000084b00000, 0x0000000084b00000, 0x0000000084c00000|  0%| F|  |TAMS 0x0000000084b00000, 0x0000000084b00000| Untracked 
|  76|0x0000000084c00000, 0x0000000084c00000, 0x0000000084d00000|  0%| F|  |TAMS 0x0000000084c00000, 0x0000000084c00000| Untracked 
|  77|0x0000000084d00000, 0x0000000084d00000, 0x0000000084e00000|  0%| F|  |TAMS 0x0000000084d00000, 0x0000000084d00000| Untracked 
|  78|0x0000000084e00000, 0x0000000084e00000, 0x0000000084f00000|  0%| F|  |TAMS 0x0000000084e00000, 0x0000000084e00000| Untracked 
|  79|0x0000000084f00000, 0x0000000084f00000, 0x0000000085000000|  0%| F|  |TAMS 0x0000000084f00000, 0x0000000084f00000| Untracked 
|  80|0x0000000085000000, 0x0000000085000000, 0x0000000085100000|  0%| F|  |TAMS 0x0000000085000000, 0x0000000085000000| Untracked 
|  81|0x0000000085100000, 0x0000000085100000, 0x0000000085200000|  0%| F|  |TAMS 0x0000000085100000, 0x0000000085100000| Untracked 
|  82|0x0000000085200000, 0x0000000085200000, 0x0000000085300000|  0%| F|  |TAMS 0x0000000085200000, 0x0000000085200000| Untracked 
|  83|0x0000000085300000, 0x0000000085300000, 0x0000000085400000|  0%| F|  |TAMS 0x0000000085300000, 0x0000000085300000| Untracked 
|  84|0x0000000085400000, 0x0000000085400000, 0x0000000085500000|  0%| F|  |TAMS 0x0000000085400000, 0x0000000085400000| Untracked 
|  85|0x0000000085500000, 0x0000000085500000, 0x0000000085600000|  0%| F|  |TAMS 0x0000000085500000, 0x0000000085500000| Untracked 
|  86|0x0000000085600000, 0x0000000085600000, 0x0000000085700000|  0%| F|  |TAMS 0x0000000085600000, 0x0000000085600000| Untracked 
|  87|0x0000000085700000, 0x0000000085700000, 0x0000000085800000|  0%| F|  |TAMS 0x0000000085700000, 0x0000000085700000| Untracked 
|  88|0x0000000085800000, 0x0000000085800000, 0x0000000085900000|  0%| F|  |TAMS 0x0000000085800000, 0x0000000085800000| Untracked 
|  89|0x0000000085900000, 0x0000000085900000, 0x0000000085a00000|  0%| F|  |TAMS 0x0000000085900000, 0x0000000085900000| Untracked 
|  90|0x0000000085a00000, 0x0000000085a00000, 0x0000000085b00000|  0%| F|  |TAMS 0x0000000085a00000, 0x0000000085a00000| Untracked 
|  91|0x0000000085b00000, 0x0000000085b00000, 0x0000000085c00000|  0%| F|  |TAMS 0x0000000085b00000, 0x0000000085b00000| Untracked 
|  92|0x0000000085c00000, 0x0000000085c00000, 0x0000000085d00000|  0%| F|  |TAMS 0x0000000085c00000, 0x0000000085c00000| Untracked 
|  93|0x0000000085d00000, 0x0000000085d00000, 0x0000000085e00000|  0%| F|  |TAMS 0x0000000085d00000, 0x0000000085d00000| Untracked 
|  94|0x0000000085e00000, 0x0000000085e00000, 0x0000000085f00000|  0%| F|  |TAMS 0x0000000085e00000, 0x0000000085e00000| Untracked 
|  95|0x0000000085f00000, 0x0000000085f00000, 0x0000000086000000|  0%| F|  |TAMS 0x0000000085f00000, 0x0000000085f00000| Untracked 
|  96|0x0000000086000000, 0x0000000086000000, 0x0000000086100000|  0%| F|  |TAMS 0x0000000086000000, 0x0000000086000000| Untracked 
|  97|0x0000000086100000, 0x0000000086100000, 0x0000000086200000|  0%| F|  |TAMS 0x0000000086100000, 0x0000000086100000| Untracked 
|  98|0x0000000086200000, 0x0000000086200000, 0x0000000086300000|  0%| F|  |TAMS 0x0000000086200000, 0x0000000086200000| Untracked 
|  99|0x0000000086300000, 0x0000000086300000, 0x0000000086400000|  0%| F|  |TAMS 0x0000000086300000, 0x0000000086300000| Untracked 
| 100|0x0000000086400000, 0x0000000086400000, 0x0000000086500000|  0%| F|  |TAMS 0x0000000086400000, 0x0000000086400000| Untracked 
| 101|0x0000000086500000, 0x0000000086500000, 0x0000000086600000|  0%| F|  |TAMS 0x0000000086500000, 0x0000000086500000| Untracked 
| 102|0x0000000086600000, 0x0000000086600000, 0x0000000086700000|  0%| F|  |TAMS 0x0000000086600000, 0x0000000086600000| Untracked 
| 103|0x0000000086700000, 0x0000000086700000, 0x0000000086800000|  0%| F|  |TAMS 0x0000000086700000, 0x0000000086700000| Untracked 
| 104|0x0000000086800000, 0x0000000086800000, 0x0000000086900000|  0%| F|  |TAMS 0x0000000086800000, 0x0000000086800000| Untracked 
| 105|0x0000000086900000, 0x0000000086900000, 0x0000000086a00000|  0%| F|  |TAMS 0x0000000086900000, 0x0000000086900000| Untracked 
| 106|0x0000000086a00000, 0x0000000086a00000, 0x0000000086b00000|  0%| F|  |TAMS 0x0000000086a00000, 0x0000000086a00000| Untracked 
| 107|0x0000000086b00000, 0x0000000086b00000, 0x0000000086c00000|  0%| F|  |TAMS 0x0000000086b00000, 0x0000000086b00000| Untracked 
| 108|0x0000000086c00000, 0x0000000086c00000, 0x0000000086d00000|  0%| F|  |TAMS 0x0000000086c00000, 0x0000000086c00000| Untracked 
| 109|0x0000000086d00000, 0x0000000086d00000, 0x0000000086e00000|  0%| F|  |TAMS 0x0000000086d00000, 0x0000000086d00000| Untracked 
| 110|0x0000000086e00000, 0x0000000086e00000, 0x0000000086f00000|  0%| F|  |TAMS 0x0000000086e00000, 0x0000000086e00000| Untracked 
| 111|0x0000000086f00000, 0x0000000086f00000, 0x0000000087000000|  0%| F|  |TAMS 0x0000000086f00000, 0x0000000086f00000| Untracked 
| 112|0x0000000087000000, 0x0000000087000000, 0x0000000087100000|  0%| F|  |TAMS 0x0000000087000000, 0x0000000087000000| Untracked 
| 113|0x0000000087100000, 0x0000000087100000, 0x0000000087200000|  0%| F|  |TAMS 0x0000000087100000, 0x0000000087100000| Untracked 
| 114|0x0000000087200000, 0x0000000087200000, 0x0000000087300000|  0%| F|  |TAMS 0x0000000087200000, 0x0000000087200000| Untracked 
| 115|0x0000000087300000, 0x0000000087300000, 0x0000000087400000|  0%| F|  |TAMS 0x0000000087300000, 0x0000000087300000| Untracked 
| 116|0x0000000087400000, 0x0000000087400000, 0x0000000087500000|  0%| F|  |TAMS 0x0000000087400000, 0x0000000087400000| Untracked 
| 117|0x0000000087500000, 0x0000000087500000, 0x0000000087600000|  0%| F|  |TAMS 0x0000000087500000, 0x0000000087500000| Untracked 
| 118|0x0000000087600000, 0x0000000087600000, 0x0000000087700000|  0%| F|  |TAMS 0x0000000087600000, 0x0000000087600000| Untracked 
| 119|0x0000000087700000, 0x0000000087700000, 0x0000000087800000|  0%| F|  |TAMS 0x0000000087700000, 0x0000000087700000| Untracked 
| 120|0x0000000087800000, 0x0000000087800000, 0x0000000087900000|  0%| F|  |TAMS 0x0000000087800000, 0x0000000087800000| Untracked 
| 121|0x0000000087900000, 0x0000000087900000, 0x0000000087a00000|  0%| F|  |TAMS 0x0000000087900000, 0x0000000087900000| Untracked 
| 122|0x0000000087a00000, 0x0000000087a00000, 0x0000000087b00000|  0%| F|  |TAMS 0x0000000087a00000, 0x0000000087a00000| Untracked 
| 123|0x0000000087b00000, 0x0000000087b00000, 0x0000000087c00000|  0%| F|  |TAMS 0x0000000087b00000, 0x0000000087b00000| Untracked 
| 124|0x0000000087c00000, 0x0000000087c00000, 0x0000000087d00000|  0%| F|  |TAMS 0x0000000087c00000, 0x0000000087c00000| Untracked 
| 125|0x0000000087d00000, 0x0000000087d00000, 0x0000000087e00000|  0%| F|  |TAMS 0x0000000087d00000, 0x0000000087d00000| Untracked 
| 126|0x0000000087e00000, 0x0000000087e00000, 0x0000000087f00000|  0%| F|  |TAMS 0x0000000087e00000, 0x0000000087e00000| Untracked 
| 127|0x0000000087f00000, 0x0000000087f00000, 0x0000000088000000|  0%| F|  |TAMS 0x0000000087f00000, 0x0000000087f00000| Untracked 

Card table byte_map: [0x00000216fe1c0000,0x00000216fe5c0000] _byte_map_base: 0x00000216fddc0000

Marking Bits (Prev, Next): (CMBitMap*) 0x00000216e90ac6f8, (CMBitMap*) 0x00000216e90ac730
 Prev Bits: [0x0000021680000000, 0x0000021682000000)
 Next Bits: [0x0000021682000000, 0x0000021684000000)

Polling page: 0x00000216e9140000

Metaspace:

Usage:
  Non-class:     34.93 MB capacity,    34.31 MB ( 98%) used,   538.90 KB (  2%) free+waste,    94.75 KB ( <1%) overhead. 
      Class:      5.29 MB capacity,     4.95 MB ( 94%) used,   304.82 KB (  6%) free+waste,    45.25 KB ( <1%) overhead. 
       Both:     40.22 MB capacity,    39.26 MB ( 98%) used,   843.72 KB (  2%) free+waste,   140.00 KB ( <1%) overhead. 

Virtual space:
  Non-class space:       36.00 MB reserved,      35.17 MB ( 98%) committed 
      Class space:        1.00 GB reserved,       5.41 MB ( <1%) committed 
             Both:        1.04 GB reserved,      40.58 MB (  4%) committed 

Chunk freelists:
   Non-Class:  60.00 KB
       Class:  1.00 KB
        Both:  61.00 KB

MaxMetaspaceSize: 17179869184.00 GB
CompressedClassSpaceSize: 1.00 GB
Initial GC threshold: 20.80 MB
Current GC threshold: 59.09 MB
CDS: off

CodeHeap 'non-profiled nmethods': size=120000Kb used=1483Kb max_used=1483Kb free=118516Kb
 bounds [0x00000216f5e20000, 0x00000216f6090000, 0x00000216fd350000]
CodeHeap 'profiled nmethods': size=120000Kb used=7335Kb max_used=7335Kb free=112664Kb
 bounds [0x00000216ee8f0000, 0x00000216ef020000, 0x00000216f5e20000]
CodeHeap 'non-nmethods': size=5760Kb used=2270Kb max_used=2292Kb free=3489Kb
 bounds [0x00000216ee350000, 0x00000216ee5c0000, 0x00000216ee8f0000]
 total_blobs=4243 nmethods=3479 adapters=676
 compilation: enabled
              stopped_count=0, restarted_count=0
 full_count=0

Compilation events (20 events):
Event: 8.520 Thread 0x0000021686043800 3519       3       groovy.lang.MetaClassImpl::copyNonPrivateFields (100 bytes)
Event: 8.521 Thread 0x0000021686043800 nmethod 3519 0x00000216ef011110 code [0x00000216ef0113a0, 0x00000216ef012178]
Event: 8.522 Thread 0x0000021686043800 3518  s    3       java.util.Hashtable::putAll (52 bytes)
Event: 8.522 Thread 0x0000021686043800 nmethod 3518 0x00000216ef012610 code [0x00000216ef012860, 0x00000216ef0131a8]
Event: 8.522 Thread 0x0000021686043800 3520       3       groovy.lang.MetaClassImpl::establishStaticMetaProperty (262 bytes)
Event: 8.524 Thread 0x0000021686043800 nmethod 3520 0x00000216ef013410 code [0x00000216ef013700, 0x00000216ef014f18]
Event: 8.533 Thread 0x0000021686043800 3521       3       java.lang.reflect.Constructor::setAccessible (21 bytes)
Event: 8.534 Thread 0x0000021686043800 nmethod 3521 0x00000216ef015490 code [0x00000216ef0156c0, 0x00000216ef015d58]
Event: 8.579 Thread 0x0000021686043800 3522       3       java.util.Arrays::stream (8 bytes)
Event: 8.580 Thread 0x0000021686043800 nmethod 3522 0x00000216ef015f90 code [0x00000216ef0161e0, 0x00000216ef0168c8]
Event: 8.580 Thread 0x0000021686043800 3523       3       java.util.Arrays::stream (11 bytes)
Event: 8.581 Thread 0x0000021686043800 nmethod 3523 0x00000216ef016c10 code [0x00000216ef016e40, 0x00000216ef0174c8]
Event: 8.587 Thread 0x0000021686043800 3524       3       java.util.stream.SpinedBuffer::ensureCapacity (138 bytes)
Event: 8.589 Thread 0x0000021686043800 nmethod 3524 0x00000216ef017790 code [0x00000216ef017a20, 0x00000216ef018b48]
Event: 8.589 Thread 0x0000021686043800 3525       3       java.util.stream.SpinedBuffer::<init> (18 bytes)
Event: 8.589 Thread 0x0000021686043800 nmethod 3525 0x00000216ef019090 code [0x00000216ef019260, 0x00000216ef019518]
Event: 8.589 Thread 0x0000021686043800 3526       3       java.util.stream.AbstractSpinedBuffer::<init> (10 bytes)
Event: 8.589 Thread 0x0000021686043800 nmethod 3526 0x00000216ef019610 code [0x00000216ef0197c0, 0x00000216ef019918]
Event: 8.595 Thread 0x0000021686043800 3527       3       com.google.common.base.Equivalence$Equals::doHash (5 bytes)
Event: 8.595 Thread 0x0000021686043800 nmethod 3527 0x00000216ef019a10 code [0x00000216ef019bc0, 0x00000216ef019d88]

GC Heap History (11 events):
Event: 1.294 GC heap before
{Heap before GC invocations=0 (full 0):
 garbage-first heap   total 131072K, used 29696K [0x0000000080000000, 0x0000000100000000)
  region size 1024K, 24 young (24576K), 0 survivors (0K)
 Metaspace       used 9774K, capacity 9956K, committed 10112K, reserved 1058816K
  class space    used 1001K, capacity 1069K, committed 1152K, reserved 1048576K
}
Event: 1.302 GC heap after
{Heap after GC invocations=1 (full 0):
 garbage-first heap   total 131072K, used 9342K [0x0000000080000000, 0x0000000100000000)
  region size 1024K, 3 young (3072K), 3 survivors (3072K)
 Metaspace       used 9774K, capacity 9956K, committed 10112K, reserved 1058816K
  class space    used 1001K, capacity 1069K, committed 1152K, reserved 1048576K
}
Event: 4.120 GC heap before
{Heap before GC invocations=1 (full 0):
 garbage-first heap   total 131072K, used 84094K [0x0000000080000000, 0x0000000100000000)
  region size 1024K, 76 young (77824K), 3 survivors (3072K)
 Metaspace       used 17521K, capacity 17843K, committed 18048K, reserved 1064960K
  class space    used 2033K, capacity 2145K, committed 2176K, reserved 1048576K
}
Event: 4.148 GC heap after
{Heap after GC invocations=2 (full 0):
 garbage-first heap   total 131072K, used 16058K [0x0000000080000000, 0x0000000100000000)
  region size 1024K, 10 young (10240K), 10 survivors (10240K)
 Metaspace       used 17521K, capacity 17843K, committed 18048K, reserved 1064960K
  class space    used 2033K, capacity 2145K, committed 2176K, reserved 1048576K
}
Event: 4.699 GC heap before
{Heap before GC invocations=2 (full 0):
 garbage-first heap   total 131072K, used 46778K [0x0000000080000000, 0x0000000100000000)
  region size 1024K, 41 young (41984K), 10 survivors (10240K)
 Metaspace       used 20816K, capacity 21189K, committed 21296K, reserved 1069056K
  class space    used 2526K, capacity 2688K, committed 2688K, reserved 1048576K
}
Event: 4.713 GC heap after
{Heap after GC invocations=3 (full 0):
 garbage-first heap   total 131072K, used 17216K [0x0000000080000000, 0x0000000100000000)
  region size 1024K, 2 young (2048K), 2 survivors (2048K)
 Metaspace       used 20816K, capacity 21189K, committed 21296K, reserved 1069056K
  class space    used 2526K, capacity 2688K, committed 2688K, reserved 1048576K
}
Event: 5.995 GC heap before
{Heap before GC invocations=4 (full 0):
 garbage-first heap   total 131072K, used 78656K [0x0000000080000000, 0x0000000100000000)
  region size 1024K, 62 young (63488K), 2 survivors (2048K)
 Metaspace       used 26958K, capacity 27477K, committed 27772K, reserved 1073152K
  class space    used 3491K, capacity 3706K, committed 3788K, reserved 1048576K
}
Event: 6.000 GC heap after
{Heap after GC invocations=5 (full 0):
 garbage-first heap   total 131072K, used 19125K [0x0000000080000000, 0x0000000100000000)
  region size 1024K, 4 young (4096K), 4 survivors (4096K)
 Metaspace       used 26958K, capacity 27477K, committed 27772K, reserved 1073152K
  class space    used 3491K, capacity 3706K, committed 3788K, reserved 1048576K
}
Event: 7.208 GC heap before
{Heap before GC invocations=5 (full 0):
 garbage-first heap   total 131072K, used 73397K [0x0000000080000000, 0x0000000100000000)
  region size 1024K, 58 young (59392K), 4 survivors (4096K)
 Metaspace       used 35163K, capacity 35968K, committed 36048K, reserved 1081344K
  class space    used 4511K, capacity 4837K, committed 4896K, reserved 1048576K
}
Event: 7.223 GC heap after
{Heap after GC invocations=6 (full 0):
 garbage-first heap   total 131072K, used 22552K [0x0000000080000000, 0x0000000100000000)
  region size 1024K, 7 young (7168K), 7 survivors (7168K)
 Metaspace       used 35163K, capacity 35968K, committed 36048K, reserved 1081344K
  class space    used 4511K, capacity 4837K, committed 4896K, reserved 1048576K
}
Event: 8.598 GC heap before
{Heap before GC invocations=7 (full 0):
 garbage-first heap   total 131072K, used 93208K [0x0000000080000000, 0x0000000100000000)
  region size 1024K, 74 young (75776K), 7 survivors (7168K)
 Metaspace       used 40197K, capacity 41181K, committed 41552K, reserved 1085440K
  class space    used 5066K, capacity 5417K, committed 5536K, reserved 1048576K
}

Deoptimization events (20 events):
Event: 7.876 Thread 0x0000021687fa5000 DEOPT PACKING pc=0x00000216f5f6abc8 sp=0x0000001988ff76a0
Event: 7.876 Thread 0x0000021687fa5000 DEOPT UNPACKING pc=0x00000216ee39a1af sp=0x0000001988ff75d0 mode 2
Event: 8.113 Thread 0x0000021687fa5000 Uncommon trap: trap_request=0xffffffbe fr.pc=0x00000216f5f7e16c relative=0x000000000000070c
Event: 8.113 Thread 0x0000021687fa5000 Uncommon trap: reason=profile_predicate action=maybe_recompile pc=0x00000216f5f7e16c method=java.lang.PublicMethods$MethodList.filter([Ljava/lang/reflect/Method;Ljava/lang/String;[Ljava/lang/Class;Z)Ljava/lang/PublicMethods$MethodList; @ 21 c2
Event: 8.113 Thread 0x0000021687fa5000 DEOPT PACKING pc=0x00000216f5f7e16c sp=0x0000001988ff3fd0
Event: 8.113 Thread 0x0000021687fa5000 DEOPT UNPACKING pc=0x00000216ee39a1af sp=0x0000001988ff3f88 mode 2
Event: 8.113 Thread 0x0000021687fa5000 Uncommon trap: trap_request=0xffffffbe fr.pc=0x00000216f5f7e16c relative=0x000000000000070c
Event: 8.113 Thread 0x0000021687fa5000 Uncommon trap: reason=profile_predicate action=maybe_recompile pc=0x00000216f5f7e16c method=java.lang.PublicMethods$MethodList.filter([Ljava/lang/reflect/Method;Ljava/lang/String;[Ljava/lang/Class;Z)Ljava/lang/PublicMethods$MethodList; @ 21 c2
Event: 8.113 Thread 0x0000021687fa5000 DEOPT PACKING pc=0x00000216f5f7e16c sp=0x0000001988ff3810
Event: 8.113 Thread 0x0000021687fa5000 DEOPT UNPACKING pc=0x00000216ee39a1af sp=0x0000001988ff37c8 mode 2
Event: 8.118 Thread 0x0000021687fa5000 Uncommon trap: trap_request=0xffffffbe fr.pc=0x00000216f5f7e16c relative=0x000000000000070c
Event: 8.118 Thread 0x0000021687fa5000 Uncommon trap: reason=profile_predicate action=maybe_recompile pc=0x00000216f5f7e16c method=java.lang.PublicMethods$MethodList.filter([Ljava/lang/reflect/Method;Ljava/lang/String;[Ljava/lang/Class;Z)Ljava/lang/PublicMethods$MethodList; @ 21 c2
Event: 8.118 Thread 0x0000021687fa5000 DEOPT PACKING pc=0x00000216f5f7e16c sp=0x0000001988ff20b0
Event: 8.118 Thread 0x0000021687fa5000 DEOPT UNPACKING pc=0x00000216ee39a1af sp=0x0000001988ff2068 mode 2
Event: 8.118 Thread 0x0000021687fa5000 Uncommon trap: trap_request=0xffffffbe fr.pc=0x00000216f5f7e16c relative=0x000000000000070c
Event: 8.118 Thread 0x0000021687fa5000 Uncommon trap: reason=profile_predicate action=maybe_recompile pc=0x00000216f5f7e16c method=java.lang.PublicMethods$MethodList.filter([Ljava/lang/reflect/Method;Ljava/lang/String;[Ljava/lang/Class;Z)Ljava/lang/PublicMethods$MethodList; @ 21 c2
Event: 8.118 Thread 0x0000021687fa5000 DEOPT PACKING pc=0x00000216f5f7e16c sp=0x0000001988ff2020
Event: 8.118 Thread 0x0000021687fa5000 DEOPT UNPACKING pc=0x00000216ee39a1af sp=0x0000001988ff1fd8 mode 2
Event: 8.419 Thread 0x0000021687fa5000 DEOPT PACKING pc=0x00000216eef476af sp=0x0000001988ff6ea0
Event: 8.419 Thread 0x0000021687fa5000 DEOPT UNPACKING pc=0x00000216ee39a95e sp=0x0000001988ff6328 mode 0

Classes redefined (0 events):
No events

Internal exceptions (20 events):
Event: 8.437 Thread 0x0000021687fa5000 Exception <a 'java/lang/ClassNotFoundException'{0x0000000083e94e58}: settings_ex222vxa27a062vs6uz89o1rdCustomizer> (0x0000000083e94e58) thrown at [./src/hotspot/share/classfile/systemDictionary.cpp, line 231]
Event: 8.462 Thread 0x0000021687fa5000 Exception <a 'java/lang/ClassNotFoundException'{0x0000000083dc9b38}: org/gradle/internal/management/DefaultDependencyResolutionManagement_DecoratedBeanInfo> (0x0000000083dc9b38) thrown at [./src/hotspot/share/classfile/systemDictionary.cpp, line 231]
Event: 8.464 Thread 0x0000021687fa5000 Exception <a 'java/lang/ClassNotFoundException'{0x0000000083c09560}: org/gradle/internal/management/DefaultDependencyResolutionManagementBeanInfo> (0x0000000083c09560) thrown at [./src/hotspot/share/classfile/systemDictionary.cpp, line 231]
Event: 8.466 Thread 0x0000021687fa5000 Exception <a 'java/lang/ClassNotFoundException'{0x0000000083c48e18}: org/gradle/internal/management/DefaultDependencyResolutionManagementCustomizer> (0x0000000083c48e18) thrown at [./src/hotspot/share/classfile/systemDictionary.cpp, line 231]
Event: 8.471 Thread 0x0000021687fa5000 Exception <a 'java/lang/ClassNotFoundException'{0x0000000083c9e170}: org/gradle/internal/management/DefaultDependencyResolutionManagement_DecoratedCustomizer> (0x0000000083c9e170) thrown at [./src/hotspot/share/classfile/systemDictionary.cpp, line 231]
Event: 8.483 Thread 0x0000021687fa5000 Exception <a 'java/lang/ClassNotFoundException'{0x0000000083b2f4d0}: org/gradle/api/initialization/resolve/RepositoriesModeBeanInfo> (0x0000000083b2f4d0) thrown at [./src/hotspot/share/classfile/systemDictionary.cpp, line 231]
Event: 8.484 Thread 0x0000021687fa5000 Exception <a 'java/lang/ClassNotFoundException'{0x0000000083b34398}: java/lang/EnumBeanInfo> (0x0000000083b34398) thrown at [./src/hotspot/share/classfile/systemDictionary.cpp, line 231]
Event: 8.484 Thread 0x0000021687fa5000 Exception <a 'java/lang/ClassNotFoundException'{0x0000000083b39280}: java/lang/EnumCustomizer> (0x0000000083b39280) thrown at [./src/hotspot/share/classfile/systemDictionary.cpp, line 231]
Event: 8.485 Thread 0x0000021687fa5000 Exception <a 'java/lang/ClassNotFoundException'{0x0000000083b6b280}: org/gradle/api/initialization/resolve/RepositoriesModeCustomizer> (0x0000000083b6b280) thrown at [./src/hotspot/share/classfile/systemDictionary.cpp, line 231]
Event: 8.498 Thread 0x0000021687fa5000 Exception <a 'java/lang/ClassNotFoundException'{0x0000000083bfb618}: org/gradle/api/internal/provider/DefaultPropertyBeanInfo> (0x0000000083bfb618) thrown at [./src/hotspot/share/classfile/systemDictionary.cpp, line 231]
Event: 8.500 Thread 0x0000021687fa5000 Exception <a 'java/lang/ClassNotFoundException'{0x0000000083a25210}: org/gradle/api/internal/provider/AbstractPropertyBeanInfo> (0x0000000083a25210) thrown at [./src/hotspot/share/classfile/systemDictionary.cpp, line 231]
Event: 8.502 Thread 0x0000021687fa5000 Exception <a 'java/lang/ClassNotFoundException'{0x0000000083a517f8}: org/gradle/api/internal/provider/AbstractMinimalProviderBeanInfo> (0x0000000083a517f8) thrown at [./src/hotspot/share/classfile/systemDictionary.cpp, line 231]
Event: 8.504 Thread 0x0000021687fa5000 Exception <a 'java/lang/ClassNotFoundException'{0x0000000083a7ddf0}: org/gradle/api/internal/provider/AbstractMinimalProviderCustomizer> (0x0000000083a7ddf0) thrown at [./src/hotspot/share/classfile/systemDictionary.cpp, line 231]
Event: 8.512 Thread 0x0000021687fa5000 Exception <a 'java/lang/ClassNotFoundException'{0x0000000083ae2688}: org/gradle/api/internal/provider/AbstractPropertyCustomizer> (0x0000000083ae2688) thrown at [./src/hotspot/share/classfile/systemDictionary.cpp, line 231]
Event: 8.515 Thread 0x0000021687fa5000 Exception <a 'java/lang/ClassNotFoundException'{0x0000000083918950}: org/gradle/api/internal/provider/DefaultPropertyCustomizer> (0x0000000083918950) thrown at [./src/hotspot/share/classfile/systemDictionary.cpp, line 231]
Event: 8.591 Thread 0x0000021687fa5000 Exception <a 'java/lang/ClassNotFoundException'{0x00000000837b3810}: org/gradle/api/internal/artifacts/repositories/DefaultMavenArtifactRepository_DecoratedBeanInfo> (0x00000000837b3810) thrown at [./src/hotspot/share/classfile/systemDictionary.cpp, line 231]
Event: 8.592 Thread 0x0000021687fa5000 Exception <a 'java/lang/ClassNotFoundException'{0x00000000837fb890}: org/gradle/api/internal/artifacts/repositories/DefaultMavenArtifactRepositoryBeanInfo> (0x00000000837fb890) thrown at [./src/hotspot/share/classfile/systemDictionary.cpp, line 231]
Event: 8.593 Thread 0x0000021687fa5000 Exception <a 'java/lang/ClassNotFoundException'{0x0000000083647720}: org/gradle/api/internal/artifacts/repositories/AbstractAuthenticationSupportedRepositoryBeanInfo> (0x0000000083647720) thrown at [./src/hotspot/share/classfile/systemDictionary.cpp, line 231]
Event: 8.595 Thread 0x0000021687fa5000 Exception <a 'java/lang/ClassNotFoundException'{0x00000000836934d0}: org/gradle/api/internal/artifacts/repositories/AbstractResolutionAwareArtifactRepositoryBeanInfo> (0x00000000836934d0) thrown at [./src/hotspot/share/classfile/systemDictionary.cpp, line 231]
Event: 8.597 Thread 0x0000021687fa5000 Exception <a 'java/lang/ClassNotFoundException'{0x00000000836d8f88}: org/gradle/api/internal/artifacts/repositories/AbstractArtifactRepositoryBeanInfo> (0x00000000836d8f88) thrown at [./src/hotspot/share/classfile/systemDictionary.cpp, line 231]

Events (20 events):
Event: 8.594 loading class org/gradle/api/internal/artifacts/repositories/AbstractResolutionAwareArtifactRepositoryBeanInfo done
Event: 8.594 loading class org/gradle/api/internal/artifacts/repositories/AbstractResolutionAwareArtifactRepositoryBeanInfo
Event: 8.594 loading class org/gradle/api/internal/artifacts/repositories/AbstractResolutionAwareArtifactRepositoryBeanInfo done
Event: 8.595 loading class org/gradle/api/internal/artifacts/repositories/AbstractResolutionAwareArtifactRepositoryBeanInfo
Event: 8.595 loading class org/gradle/api/internal/artifacts/repositories/AbstractResolutionAwareArtifactRepositoryBeanInfo done
Event: 8.595 loading class org/gradle/api/internal/artifacts/repositories/AbstractArtifactRepositoryBeanInfo
Event: 8.595 loading class org/gradle/api/internal/artifacts/repositories/AbstractArtifactRepositoryBeanInfo done
Event: 8.596 loading class org/gradle/api/internal/artifacts/repositories/AbstractArtifactRepositoryBeanInfo
Event: 8.596 loading class org/gradle/api/internal/artifacts/repositories/AbstractArtifactRepositoryBeanInfo done
Event: 8.596 loading class org/gradle/api/internal/artifacts/repositories/AbstractArtifactRepositoryBeanInfo
Event: 8.596 loading class org/gradle/api/internal/artifacts/repositories/AbstractArtifactRepositoryBeanInfo done
Event: 8.597 loading class org/gradle/api/internal/artifacts/repositories/AbstractArtifactRepositoryBeanInfo
Event: 8.597 loading class org/gradle/api/internal/artifacts/repositories/AbstractArtifactRepositoryBeanInfo done
Event: 8.597 loading class org/gradle/api/internal/artifacts/repositories/AbstractArtifactRepositoryCustomizer
Event: 8.597 loading class org/gradle/api/internal/artifacts/repositories/AbstractArtifactRepositoryCustomizer done
Event: 8.597 loading class org/gradle/api/internal/artifacts/repositories/AbstractArtifactRepositoryCustomizer
Event: 8.597 loading class org/gradle/api/internal/artifacts/repositories/AbstractArtifactRepositoryCustomizer done
Event: 8.598 loading class org/gradle/api/internal/artifacts/repositories/AbstractArtifactRepositoryCustomizer
Event: 8.598 loading class org/gradle/api/internal/artifacts/repositories/AbstractArtifactRepositoryCustomizer done
Event: 8.598 Executing VM operation: G1CollectForAllocation


Dynamic libraries:
0x00007ff7ccbc0000 - 0x00007ff7ccbca000 	C:\Program Files\Android\Android Studio\jre\bin\java.exe
0x00007fff49bb0000 - 0x00007fff49dc4000 	C:\Windows\SYSTEM32\ntdll.dll
0x00007fff47a60000 - 0x00007fff47b23000 	C:\Windows\System32\KERNEL32.DLL
0x00007fff46fd0000 - 0x00007fff4736d000 	C:\Windows\System32\KERNELBASE.dll
0x00007fff47640000 - 0x00007fff47751000 	C:\Windows\System32\ucrtbase.dll
0x00007ffeeb920000 - 0x00007ffeeb937000 	C:\Program Files\Android\Android Studio\jre\bin\VCRUNTIME140.dll
0x00007ffeeb900000 - 0x00007ffeeb919000 	C:\Program Files\Android\Android Studio\jre\bin\jli.dll
0x00007fff47b30000 - 0x00007fff47cdd000 	C:\Windows\System32\USER32.dll
0x00007fff47900000 - 0x00007fff47926000 	C:\Windows\System32\win32u.dll
0x00007fff47ce0000 - 0x00007fff47d09000 	C:\Windows\System32\GDI32.dll
0x00007fff22d80000 - 0x00007fff2300e000 	C:\Windows\WinSxS\amd64_microsoft.windows.common-controls_6595b64144ccf1df_6.0.22621.608_none_a9444ca7c10bb01d\COMCTL32.dll
0x00007fff47760000 - 0x00007fff47872000 	C:\Windows\System32\gdi32full.dll
0x00007fff47370000 - 0x00007fff4740a000 	C:\Windows\System32\msvcp_win.dll
0x00007fff49310000 - 0x00007fff493b7000 	C:\Windows\System32\msvcrt.dll
0x00007fff49010000 - 0x00007fff49042000 	C:\Windows\System32\IMM32.DLL
0x00007ffeeb860000 - 0x00007ffeeb8fd000 	C:\Program Files\Android\Android Studio\jre\bin\msvcp140.dll
0x00007fff02c10000 - 0x00007fff03712000 	C:\Program Files\Android\Android Studio\jre\bin\server\jvm.dll
0x00007fff49260000 - 0x00007fff4930e000 	C:\Windows\System32\ADVAPI32.dll
0x00007fff48f60000 - 0x00007fff49004000 	C:\Windows\System32\sechost.dll
0x00007fff48a60000 - 0x00007fff48b75000 	C:\Windows\System32\RPCRT4.dll
0x00007fff479a0000 - 0x00007fff479a8000 	C:\Windows\System32\PSAPI.DLL
0x00007fff3fb20000 - 0x00007fff3fb2a000 	C:\Windows\SYSTEM32\VERSION.dll
0x00007fff3f650000 - 0x00007fff3f684000 	C:\Windows\SYSTEM32\WINMM.dll
0x00007fff402d0000 - 0x00007fff402d9000 	C:\Windows\SYSTEM32\WSOCK32.dll
0x00007fff479e0000 - 0x00007fff47a51000 	C:\Windows\System32\ws2_32.DLL
0x00007fff460d0000 - 0x00007fff460e8000 	C:\Windows\SYSTEM32\kernel.appcore.dll
0x00007fff36eb0000 - 0x00007fff36ec1000 	C:\Program Files\Android\Android Studio\jre\bin\verify.dll
0x00007fff449b0000 - 0x00007fff44bde000 	C:\Windows\SYSTEM32\DBGHELP.DLL
0x00007fff48b80000 - 0x00007fff48f0a000 	C:\Windows\System32\combase.dll
0x00007fff49890000 - 0x00007fff49967000 	C:\Windows\System32\OLEAUT32.dll
0x00007fff36de0000 - 0x00007fff36e12000 	C:\Windows\SYSTEM32\dbgcore.DLL
0x00007fff47880000 - 0x00007fff478fb000 	C:\Windows\System32\bcryptPrimitives.dll
0x00007fff36db0000 - 0x00007fff36dd9000 	C:\Program Files\Android\Android Studio\jre\bin\java.dll
0x00007fff36da0000 - 0x00007fff36dab000 	C:\Program Files\Android\Android Studio\jre\bin\jimage.dll
0x00007fff36d80000 - 0x00007fff36d98000 	C:\Program Files\Android\Android Studio\jre\bin\zip.dll
0x00007fff48190000 - 0x00007fff4897f000 	C:\Windows\System32\SHELL32.dll
0x00007fff44e40000 - 0x00007fff45708000 	C:\Windows\SYSTEM32\windows.storage.dll
0x00007fff45740000 - 0x00007fff4587e000 	C:\Windows\SYSTEM32\wintypes.dll
0x00007fff49970000 - 0x00007fff49a61000 	C:\Windows\System32\SHCORE.dll
0x00007fff49830000 - 0x00007fff4988e000 	C:\Windows\System32\shlwapi.dll
0x00007fff46f00000 - 0x00007fff46f21000 	C:\Windows\SYSTEM32\profapi.dll
0x00007fff36d60000 - 0x00007fff36d7a000 	C:\Program Files\Android\Android Studio\jre\bin\net.dll
0x00007fff3f520000 - 0x00007fff3f64f000 	C:\Windows\SYSTEM32\WINHTTP.dll
0x00007fff46530000 - 0x00007fff46599000 	C:\Windows\system32\mswsock.dll
0x00007fff36d40000 - 0x00007fff36d54000 	C:\Program Files\Android\Android Studio\jre\bin\nio.dll
0x00007fff07610000 - 0x00007fff07637000 	C:\Users\mhyr\.gradle\native\e1d6ef7f7dcc3fd88c89a11ec53ec762bb8ba0a96d01ffa2cd45eb1d1d8dd5c5\windows-amd64\native-platform.dll
0x00007fff15000000 - 0x00007fff15144000 	C:\Users\mhyr\.gradle\native\0d407fdbe67a94daf76414ababcb853783967236a71b16ec16e742cd7a986fd3\windows-amd64\native-platform-file-events.dll
0x00007fff36d30000 - 0x00007fff36d3a000 	C:\Program Files\Android\Android Studio\jre\bin\management.dll
0x00007fff36d20000 - 0x00007fff36d2d000 	C:\Program Files\Android\Android Studio\jre\bin\management_ext.dll
0x00007fff46740000 - 0x00007fff4675b000 	C:\Windows\SYSTEM32\CRYPTSP.dll
0x00007fff46040000 - 0x00007fff46075000 	C:\Windows\system32\rsaenh.dll
0x00007fff465e0000 - 0x00007fff46608000 	C:\Windows\SYSTEM32\USERENV.dll
0x00007fff46990000 - 0x00007fff469b8000 	C:\Windows\SYSTEM32\bcrypt.dll
0x00007fff46760000 - 0x00007fff4676c000 	C:\Windows\SYSTEM32\CRYPTBASE.dll
0x00007fff45b80000 - 0x00007fff45bad000 	C:\Windows\SYSTEM32\IPHLPAPI.DLL
0x00007fff49230000 - 0x00007fff49239000 	C:\Windows\System32\NSI.dll
0x00007fff3fae0000 - 0x00007fff3faf9000 	C:\Windows\SYSTEM32\dhcpcsvc6.DLL
0x00007fff3f6a0000 - 0x00007fff3f6bf000 	C:\Windows\SYSTEM32\dhcpcsvc.DLL
0x00007fff45bb0000 - 0x00007fff45ca2000 	C:\Windows\SYSTEM32\DNSAPI.dll

dbghelp: loaded successfully - version: 4.0.5 - missing functions: none
symbol engine: initialized successfully - sym options: 0x614 - pdb path: .;C:\Program Files\Android\Android Studio\jre\bin;C:\Windows\SYSTEM32;C:\Windows\WinSxS\amd64_microsoft.windows.common-controls_6595b64144ccf1df_6.0.22621.608_none_a9444ca7c10bb01d;C:\Program Files\Android\Android Studio\jre\bin\server;C:\Users\mhyr\.gradle\native\e1d6ef7f7dcc3fd88c89a11ec53ec762bb8ba0a96d01ffa2cd45eb1d1d8dd5c5\windows-amd64;C:\Users\mhyr\.gradle\native\0d407fdbe67a94daf76414ababcb853783967236a71b16ec16e742cd7a986fd3\windows-amd64

VM Arguments:
jvm_args: --add-opens=java.base/java.util=ALL-UNNAMED --add-opens=java.base/java.lang=ALL-UNNAMED --add-opens=java.base/java.lang.invoke=ALL-UNNAMED --add-opens=java.base/java.util=ALL-UNNAMED --add-opens=java.prefs/java.util.prefs=ALL-UNNAMED --add-opens=java.prefs/java.util.prefs=ALL-UNNAMED --add-opens=java.base/java.nio.charset=ALL-UNNAMED --add-opens=java.base/java.net=ALL-UNNAMED --add-opens=java.base/java.util.concurrent.atomic=ALL-UNNAMED -Xmx2048m -Dfile.encoding=UTF-8 -Duser.country=US -Duser.language=en -Duser.variant 
java_command: org.gradle.launcher.daemon.bootstrap.GradleDaemon 7.4
java_class_path (initial): C:\Users\mhyr\.gradle\wrapper\dists\gradle-7.4-bin\c0gwcg53nkjbqw7r0h0umtfvt\gradle-7.4\lib\gradle-launcher-7.4.jar
Launcher Type: SUN_STANDARD

[Global flags]
     intx CICompilerCount                          = 4                                         {product} {ergonomic}
     uint ConcGCThreads                            = 2                                         {product} {ergonomic}
     uint G1ConcRefinementThreads                  = 8                                         {product} {ergonomic}
   size_t G1HeapRegionSize                         = 1048576                                   {product} {ergonomic}
    uintx GCDrainStackTargetSize                   = 64                                        {product} {ergonomic}
   size_t InitialHeapSize                          = 134217728                                 {product} {ergonomic}
   size_t MarkStackSize                            = 4194304                                   {product} {ergonomic}
   size_t MaxHeapSize                              = 2147483648                                {product} {command line}
   size_t MaxNewSize                               = 1287651328                                {product} {ergonomic}
   size_t MinHeapDeltaBytes                        = 1048576                                   {product} {ergonomic}
    uintx NonNMethodCodeHeapSize                   = 5836300                                {pd product} {ergonomic}
    uintx NonProfiledCodeHeapSize                  = 122910970                              {pd product} {ergonomic}
    uintx ProfiledCodeHeapSize                     = 122910970                              {pd product} {ergonomic}
    uintx ReservedCodeCacheSize                    = 251658240                              {pd product} {ergonomic}
     bool SegmentedCodeCache                       = true                                      {product} {ergonomic}
     bool UseCompressedClassPointers               = true                                 {lp64_product} {ergonomic}
     bool UseCompressedOops                        = true                                 {lp64_product} {ergonomic}
     bool UseG1GC                                  = true                                      {product} {ergonomic}
     bool UseLargePagesIndividualAllocation        = false                                  {pd product} {ergonomic}

Logging:
Log output configuration:
 #0: stdout all=warning uptime,level,tags
 #1: stderr all=off uptime,level,tags

Environment Variables:
PATH=C:\Windows\system32;C:\Windows;C:\Windows\System32\Wbem;C:\Windows\System32\WindowsPowerShell\v1.0\;C:\Windows\System32\OpenSSH\;C:\Program Files\Git\cmd;C:\Users\mhyr\AppData\Local\Microsoft\WindowsApps;
USERNAME=mhyr
OS=Windows_NT
PROCESSOR_IDENTIFIER=Intel64 Family 6 Model 142 Stepping 10, GenuineIntel



---------------  S Y S T E M  ---------------

OS: Windows 11 , 64 bit Build 22621 (10.0.22621.1105)
OS uptime: 0 days 9:00 hours
Hyper-V role detected

CPU:total 8 (initial active 8) (4 cores per cpu, 2 threads per core) family 6 model 142 stepping 10 microcode 0xe0, cmov, cx8, fxsr, mmx, sse, sse2, sse3, ssse3, sse4.1, sse4.2, popcnt, avx, avx2, aes, clmul, erms, 3dnowpref, lzcnt, ht, tsc, tscinvbit, bmi1, bmi2, adx, fma

Memory: 4k page, system-wide physical 8070M (258M free)
TotalPageFile size 10118M (AvailPageFile size 8M)
current process WorkingSet (physical memory assigned to process): 246M, peak: 246M
current process commit charge ("private bytes"): 302M, peak: 328M

vm_info: OpenJDK 64-Bit Server VM (11.0.13+0-b1751.21-8125866) for windows-amd64 JRE (11.0.13+0-b1751.21-8125866), built on Feb  2 2022 03:00:22 by "builder" with MS VC++ 14.0 (VS2015)

END.
