#
# There is insufficient memory for the Java Runtime Environment to continue.
# Native memory allocation (malloc) failed to allocate 65552 bytes for Chunk::new
# Possible reasons:
#   The system is out of physical RAM or swap space
#   The process is running with CompressedOops enabled, and the Java Heap may be blocking the growth of the native heap
# Possible solutions:
#   Reduce memory load on the system
#   Increase physical memory or swap space
#   Check if swap backing store is full
#   Decrease Java heap size (-Xmx/-Xms)
#   Decrease number of Java threads
#   Decrease Java thread stack sizes (-Xss)
#   Set larger code cache with -XX:ReservedCodeCacheSize=
#   JVM is running with Unscaled Compressed Oops mode in which the Java heap is
#     placed in the first 4GB address space. The Java Heap base address is the
#     maximum limit for the native heap growth. Please use -XX:HeapBaseMinAddress
#     to set the Java Heap base and to place the Java Heap above 4GB virtual address.
# This output file may be truncated or incomplete.
#
#  Out of Memory Error (./src/hotspot/share/memory/arena.cpp:197), pid=7336, tid=9392
#
# JRE version: OpenJDK Runtime Environment (11.0.13) (build 11.0.13+0-b1751.21-8125866)
# Java VM: OpenJDK 64-Bit Server VM (11.0.13+0-b1751.21-8125866, mixed mode, tiered, compressed oops, g1 gc, windows-amd64)
# No core dump will be written. Minidumps are not enabled by default on client versions of Windows
#

---------------  S U M M A R Y ------------

Command Line: org.jetbrains.kotlin.cli.jvm.K2JVMCompiler @C:\Users\mhyr\AndroidStudioProjects\MhyrFoodApp\app\build\20230208_4854637937015848016.compiler.options

Host: Intel(R) Core(TM) i7-8550U CPU @ 1.80GHz, 8 cores, 7G,  Windows 11 , 64 bit Build 22621 (10.0.22621.1105)
Time: Wed Feb  8 00:33:24 2023 Iran Standard Time elapsed time: 2.179191 seconds (0d 0h 0m 2s)

---------------  T H R E A D  ---------------

Current thread (0x00000174d08ab000):  JavaThread "C2 CompilerThread0" daemon [_thread_in_native, id=9392, stack(0x0000003e2a200000,0x0000003e2a300000)]


Current CompileTask:
C2:   2179 2093   !   4       jdk.internal.loader.BuiltinClassLoader::loadClassOrNull (143 bytes)

Stack: [0x0000003e2a200000,0x0000003e2a300000]
Native frames: (J=compiled Java code, j=interpreted, Vv=VM code, C=native code)
V  [jvm.dll+0x6100fa]
V  [jvm.dll+0x747090]
V  [jvm.dll+0x7486ad]
V  [jvm.dll+0x748d83]
V  [jvm.dll+0x24ab48]
V  [jvm.dll+0xc04dc]
V  [jvm.dll+0xc0a0c]
V  [jvm.dll+0xc060c]
V  [jvm.dll+0x5eed90]
V  [jvm.dll+0x20c4f3]
V  [jvm.dll+0x204282]
V  [jvm.dll+0x2023c2]
V  [jvm.dll+0x188e01]
V  [jvm.dll+0x21106b]
V  [jvm.dll+0x20f8c1]
V  [jvm.dll+0x70de0f]
V  [jvm.dll+0x706a75]
V  [jvm.dll+0x60ed66]
C  [ucrtbase.dll+0x29363]
C  [KERNEL32.DLL+0x126bd]
C  [ntdll.dll+0x5dfb8]


---------------  P R O C E S S  ---------------

Threads class SMR info:
_java_thread_list=0x00000174d138e980, length=10, elements={
0x00000174b4520000, 0x00000174d0888800, 0x00000174d0891800, 0x00000174d08a6000,
0x00000174d08a8000, 0x00000174d08a9000, 0x00000174d08ab000, 0x00000174d08ac800,
0x00000174d08ae000, 0x00000174d139c800
}

Java Threads: ( => current thread )
  0x00000174b4520000 JavaThread "main" [_thread_blocked, id=8724, stack(0x0000003e29600000,0x0000003e29700000)]
  0x00000174d0888800 JavaThread "Reference Handler" daemon [_thread_blocked, id=9900, stack(0x0000003e29d00000,0x0000003e29e00000)]
  0x00000174d0891800 JavaThread "Finalizer" daemon [_thread_blocked, id=8444, stack(0x0000003e29e00000,0x0000003e29f00000)]
  0x00000174d08a6000 JavaThread "Signal Dispatcher" daemon [_thread_blocked, id=10932, stack(0x0000003e29f00000,0x0000003e2a000000)]
  0x00000174d08a8000 JavaThread "Attach Listener" daemon [_thread_blocked, id=9192, stack(0x0000003e2a000000,0x0000003e2a100000)]
  0x00000174d08a9000 JavaThread "Service Thread" daemon [_thread_blocked, id=5932, stack(0x0000003e2a100000,0x0000003e2a200000)]
=>0x00000174d08ab000 JavaThread "C2 CompilerThread0" daemon [_thread_in_native, id=9392, stack(0x0000003e2a200000,0x0000003e2a300000)]
  0x00000174d08ac800 JavaThread "C1 CompilerThread0" daemon [_thread_blocked, id=9784, stack(0x0000003e2a300000,0x0000003e2a400000)]
  0x00000174d08ae000 JavaThread "Sweeper thread" daemon [_thread_blocked, id=6752, stack(0x0000003e2a400000,0x0000003e2a500000)]
  0x00000174d139c800 JavaThread "Common-Cleaner" daemon [_thread_blocked, id=2776, stack(0x0000003e2a600000,0x0000003e2a700000)]

Other Threads:
  0x00000174d0884800 VMThread "VM Thread" [stack: 0x0000003e29c00000,0x0000003e29d00000] [id=10464]
  0x00000174d1386800 WatcherThread [stack: 0x0000003e2a500000,0x0000003e2a600000] [id=10784]
  0x00000174b4533800 GCTaskThread "GC Thread#0" [stack: 0x0000003e29700000,0x0000003e29800000] [id=11256]
  0x00000174d16e7800 GCTaskThread "GC Thread#1" [stack: 0x0000003e2a700000,0x0000003e2a800000] [id=10380]
  0x00000174d1acc000 GCTaskThread "GC Thread#2" [stack: 0x0000003e2a800000,0x0000003e2a900000] [id=8324]
  0x00000174b4562800 ConcurrentGCThread "G1 Main Marker" [stack: 0x0000003e29800000,0x0000003e29900000] [id=8468]
  0x00000174b4564800 ConcurrentGCThread "G1 Conc#0" [stack: 0x0000003e29900000,0x0000003e29a00000] [id=6324]
  0x00000174d28cb000 ConcurrentGCThread "G1 Conc#1" [stack: 0x0000003e2a900000,0x0000003e2aa00000] [id=10384]
  0x00000174d06d0800 ConcurrentGCThread "G1 Refine#0" [stack: 0x0000003e29a00000,0x0000003e29b00000] [id=6440]
  0x00000174d06d1000 ConcurrentGCThread "G1 Young RemSet Sampling" [stack: 0x0000003e29b00000,0x0000003e29c00000] [id=2760]

Threads with active compile tasks:
C2 CompilerThread0   2198 2093   !   4       jdk.internal.loader.BuiltinClassLoader::loadClassOrNull (143 bytes)

VM state:at safepoint (normal execution)

VM Mutex/Monitor currently owned by a thread:  ([mutex/lock_event])
[0x00000174b451cd10] Threads_lock - owner thread: 0x00000174d0884800
[0x00000174b451d100] Heap_lock - owner thread: 0x00000174b4520000

Heap address: 0x0000000081e00000, size: 2018 MB, Compressed Oops mode: 32-bit
Narrow klass base: 0x0000000000000000, Narrow klass shift: 3
Compressed class space size: 1073741824 Address: 0x0000000100000000

Heap:
 garbage-first heap   total 131072K, used 44954K [0x0000000081e00000, 0x0000000100000000)
  region size 1024K, 32 young (32768K), 3 survivors (3072K)
 Metaspace       used 29696K, capacity 30161K, committed 30256K, reserved 1081344K
  class space    used 3330K, capacity 3544K, committed 3632K, reserved 1048576K
Heap Regions: E=young(eden), S=young(survivor), O=old, HS=humongous(starts), HC=humongous(continues), CS=collection set, F=free, A=archive, TAMS=top-at-mark-start (previous, next)
|   0|0x0000000081e00000, 0x0000000081f00000, 0x0000000081f00000|100%|HS|  |TAMS 0x0000000081f00000, 0x0000000081f00000| Complete 
|   1|0x0000000081f00000, 0x0000000082000000, 0x0000000082000000|100%|HC|  |TAMS 0x0000000082000000, 0x0000000082000000| Complete 
|   2|0x0000000082000000, 0x0000000082100000, 0x0000000082100000|100%|HC|  |TAMS 0x0000000082100000, 0x0000000082100000| Complete 
|   3|0x0000000082100000, 0x0000000082200000, 0x0000000082200000|100%|HC|  |TAMS 0x0000000082200000, 0x0000000082200000| Complete 
|   4|0x0000000082200000, 0x0000000082300000, 0x0000000082300000|100%| O|  |TAMS 0x0000000082200000, 0x0000000082300000| Untracked 
|   5|0x0000000082300000, 0x0000000082400000, 0x0000000082400000|100%| O|  |TAMS 0x0000000082359600, 0x0000000082400000| Untracked 
|   6|0x0000000082400000, 0x0000000082500000, 0x0000000082500000|100%|HS|  |TAMS 0x0000000082400000, 0x0000000082500000| Complete 
|   7|0x0000000082500000, 0x0000000082600000, 0x0000000082600000|100%|HC|  |TAMS 0x0000000082500000, 0x0000000082600000| Complete 
|   8|0x0000000082600000, 0x0000000082700000, 0x0000000082700000|100%|HC|  |TAMS 0x0000000082600000, 0x0000000082700000| Complete 
|   9|0x0000000082700000, 0x0000000082800000, 0x0000000082800000|100%|HC|  |TAMS 0x0000000082700000, 0x0000000082800000| Complete 
|  10|0x0000000082800000, 0x0000000082900000, 0x0000000082900000|100%| O|  |TAMS 0x0000000082800000, 0x0000000082900000| Untracked 
|  11|0x0000000082900000, 0x0000000082a00000, 0x0000000082a00000|100%| O|  |TAMS 0x0000000082900000, 0x0000000082a00000| Untracked 
|  12|0x0000000082a00000, 0x0000000082b00000, 0x0000000082b00000|100%| O|  |TAMS 0x0000000082a00000, 0x0000000082b00000| Untracked 
|  13|0x0000000082b00000, 0x0000000082c00000, 0x0000000082c00000|100%| O|  |TAMS 0x0000000082b00000, 0x0000000082c00000| Untracked 
|  14|0x0000000082c00000, 0x0000000082c52908, 0x0000000082d00000| 32%| O|  |TAMS 0x0000000082c00000, 0x0000000082d00000| Untracked 
|  15|0x0000000082d00000, 0x0000000082d00000, 0x0000000082e00000|  0%| F|  |TAMS 0x0000000082d00000, 0x0000000082d00000| Untracked 
|  16|0x0000000082e00000, 0x0000000082e00000, 0x0000000082f00000|  0%| F|  |TAMS 0x0000000082e00000, 0x0000000082e00000| Untracked 
|  17|0x0000000082f00000, 0x0000000082f00000, 0x0000000083000000|  0%| F|  |TAMS 0x0000000082f00000, 0x0000000082f00000| Untracked 
|  18|0x0000000083000000, 0x0000000083000000, 0x0000000083100000|  0%| F|  |TAMS 0x0000000083000000, 0x0000000083000000| Untracked 
|  19|0x0000000083100000, 0x0000000083100000, 0x0000000083200000|  0%| F|  |TAMS 0x0000000083100000, 0x0000000083100000| Untracked 
|  20|0x0000000083200000, 0x0000000083200000, 0x0000000083300000|  0%| F|  |TAMS 0x0000000083200000, 0x0000000083200000| Untracked 
|  21|0x0000000083300000, 0x0000000083300000, 0x0000000083400000|  0%| F|  |TAMS 0x0000000083300000, 0x0000000083300000| Untracked 
|  22|0x0000000083400000, 0x0000000083400000, 0x0000000083500000|  0%| F|  |TAMS 0x0000000083400000, 0x0000000083400000| Untracked 
|  23|0x0000000083500000, 0x0000000083500000, 0x0000000083600000|  0%| F|  |TAMS 0x0000000083500000, 0x0000000083500000| Untracked 
|  24|0x0000000083600000, 0x0000000083600000, 0x0000000083700000|  0%| F|  |TAMS 0x0000000083600000, 0x0000000083600000| Untracked 
|  25|0x0000000083700000, 0x0000000083700000, 0x0000000083800000|  0%| F|  |TAMS 0x0000000083700000, 0x0000000083700000| Untracked 
|  26|0x0000000083800000, 0x0000000083800000, 0x0000000083900000|  0%| F|  |TAMS 0x0000000083800000, 0x0000000083800000| Untracked 
|  27|0x0000000083900000, 0x0000000083900000, 0x0000000083a00000|  0%| F|  |TAMS 0x0000000083900000, 0x0000000083900000| Untracked 
|  28|0x0000000083a00000, 0x0000000083a00000, 0x0000000083b00000|  0%| F|  |TAMS 0x0000000083a00000, 0x0000000083a00000| Untracked 
|  29|0x0000000083b00000, 0x0000000083b00000, 0x0000000083c00000|  0%| F|  |TAMS 0x0000000083b00000, 0x0000000083b00000| Untracked 
|  30|0x0000000083c00000, 0x0000000083c00000, 0x0000000083d00000|  0%| F|  |TAMS 0x0000000083c00000, 0x0000000083c00000| Untracked 
|  31|0x0000000083d00000, 0x0000000083d00000, 0x0000000083e00000|  0%| F|  |TAMS 0x0000000083d00000, 0x0000000083d00000| Untracked 
|  32|0x0000000083e00000, 0x0000000083e00000, 0x0000000083f00000|  0%| F|  |TAMS 0x0000000083e00000, 0x0000000083e00000| Untracked 
|  33|0x0000000083f00000, 0x0000000083f00000, 0x0000000084000000|  0%| F|  |TAMS 0x0000000083f00000, 0x0000000083f00000| Untracked 
|  34|0x0000000084000000, 0x0000000084000000, 0x0000000084100000|  0%| F|  |TAMS 0x0000000084000000, 0x0000000084000000| Untracked 
|  35|0x0000000084100000, 0x0000000084100000, 0x0000000084200000|  0%| F|  |TAMS 0x0000000084100000, 0x0000000084100000| Untracked 
|  36|0x0000000084200000, 0x0000000084200000, 0x0000000084300000|  0%| F|  |TAMS 0x0000000084200000, 0x0000000084200000| Untracked 
|  37|0x0000000084300000, 0x0000000084300000, 0x0000000084400000|  0%| F|  |TAMS 0x0000000084300000, 0x0000000084300000| Untracked 
|  38|0x0000000084400000, 0x0000000084400000, 0x0000000084500000|  0%| F|  |TAMS 0x0000000084400000, 0x0000000084400000| Untracked 
|  39|0x0000000084500000, 0x0000000084500000, 0x0000000084600000|  0%| F|  |TAMS 0x0000000084500000, 0x0000000084500000| Untracked 
|  40|0x0000000084600000, 0x0000000084600000, 0x0000000084700000|  0%| F|  |TAMS 0x0000000084600000, 0x0000000084600000| Untracked 
|  41|0x0000000084700000, 0x0000000084700000, 0x0000000084800000|  0%| F|  |TAMS 0x0000000084700000, 0x0000000084700000| Untracked 
|  42|0x0000000084800000, 0x0000000084800000, 0x0000000084900000|  0%| F|  |TAMS 0x0000000084800000, 0x0000000084800000| Untracked 
|  43|0x0000000084900000, 0x0000000084900000, 0x0000000084a00000|  0%| F|  |TAMS 0x0000000084900000, 0x0000000084900000| Untracked 
|  44|0x0000000084a00000, 0x0000000084a00000, 0x0000000084b00000|  0%| F|  |TAMS 0x0000000084a00000, 0x0000000084a00000| Untracked 
|  45|0x0000000084b00000, 0x0000000084b00000, 0x0000000084c00000|  0%| F|  |TAMS 0x0000000084b00000, 0x0000000084b00000| Untracked 
|  46|0x0000000084c00000, 0x0000000084c00000, 0x0000000084d00000|  0%| F|  |TAMS 0x0000000084c00000, 0x0000000084c00000| Untracked 
|  47|0x0000000084d00000, 0x0000000084d00000, 0x0000000084e00000|  0%| F|  |TAMS 0x0000000084d00000, 0x0000000084d00000| Untracked 
|  48|0x0000000084e00000, 0x0000000084e00000, 0x0000000084f00000|  0%| F|  |TAMS 0x0000000084e00000, 0x0000000084e00000| Untracked 
|  49|0x0000000084f00000, 0x0000000084f00000, 0x0000000085000000|  0%| F|  |TAMS 0x0000000084f00000, 0x0000000084f00000| Untracked 
|  50|0x0000000085000000, 0x0000000085000000, 0x0000000085100000|  0%| F|  |TAMS 0x0000000085000000, 0x0000000085000000| Untracked 
|  51|0x0000000085100000, 0x0000000085100000, 0x0000000085200000|  0%| F|  |TAMS 0x0000000085100000, 0x0000000085100000| Untracked 
|  52|0x0000000085200000, 0x0000000085200000, 0x0000000085300000|  0%| F|  |TAMS 0x0000000085200000, 0x0000000085200000| Untracked 
|  53|0x0000000085300000, 0x0000000085300000, 0x0000000085400000|  0%| F|  |TAMS 0x0000000085300000, 0x0000000085300000| Untracked 
|  54|0x0000000085400000, 0x0000000085400000, 0x0000000085500000|  0%| F|  |TAMS 0x0000000085400000, 0x0000000085400000| Untracked 
|  55|0x0000000085500000, 0x0000000085500000, 0x0000000085600000|  0%| F|  |TAMS 0x0000000085500000, 0x0000000085500000| Untracked 
|  56|0x0000000085600000, 0x0000000085600000, 0x0000000085700000|  0%| F|  |TAMS 0x0000000085600000, 0x0000000085600000| Untracked 
|  57|0x0000000085700000, 0x0000000085700000, 0x0000000085800000|  0%| F|  |TAMS 0x0000000085700000, 0x0000000085700000| Untracked 
|  58|0x0000000085800000, 0x0000000085800000, 0x0000000085900000|  0%| F|  |TAMS 0x0000000085800000, 0x0000000085800000| Untracked 
|  59|0x0000000085900000, 0x0000000085900000, 0x0000000085a00000|  0%| F|  |TAMS 0x0000000085900000, 0x0000000085900000| Untracked 
|  60|0x0000000085a00000, 0x0000000085a00000, 0x0000000085b00000|  0%| F|  |TAMS 0x0000000085a00000, 0x0000000085a00000| Untracked 
|  61|0x0000000085b00000, 0x0000000085b00000, 0x0000000085c00000|  0%| F|  |TAMS 0x0000000085b00000, 0x0000000085b00000| Untracked 
|  62|0x0000000085c00000, 0x0000000085c00000, 0x0000000085d00000|  0%| F|  |TAMS 0x0000000085c00000, 0x0000000085c00000| Untracked 
|  63|0x0000000085d00000, 0x0000000085d00000, 0x0000000085e00000|  0%| F|  |TAMS 0x0000000085d00000, 0x0000000085d00000| Untracked 
|  64|0x0000000085e00000, 0x0000000085e00000, 0x0000000085f00000|  0%| F|  |TAMS 0x0000000085e00000, 0x0000000085e00000| Untracked 
|  65|0x0000000085f00000, 0x0000000085f00000, 0x0000000086000000|  0%| F|  |TAMS 0x0000000085f00000, 0x0000000085f00000| Untracked 
|  66|0x0000000086000000, 0x0000000086000000, 0x0000000086100000|  0%| F|  |TAMS 0x0000000086000000, 0x0000000086000000| Untracked 
|  67|0x0000000086100000, 0x0000000086100000, 0x0000000086200000|  0%| F|  |TAMS 0x0000000086100000, 0x0000000086100000| Untracked 
|  68|0x0000000086200000, 0x0000000086200000, 0x0000000086300000|  0%| F|  |TAMS 0x0000000086200000, 0x0000000086200000| Untracked 
|  69|0x0000000086300000, 0x0000000086300000, 0x0000000086400000|  0%| F|  |TAMS 0x0000000086300000, 0x0000000086300000| Untracked 
|  70|0x0000000086400000, 0x0000000086400000, 0x0000000086500000|  0%| F|  |TAMS 0x0000000086400000, 0x0000000086400000| Untracked 
|  71|0x0000000086500000, 0x0000000086500000, 0x0000000086600000|  0%| F|  |TAMS 0x0000000086500000, 0x0000000086500000| Untracked 
|  72|0x0000000086600000, 0x0000000086600000, 0x0000000086700000|  0%| F|  |TAMS 0x0000000086600000, 0x0000000086600000| Untracked 
|  73|0x0000000086700000, 0x0000000086700000, 0x0000000086800000|  0%| F|  |TAMS 0x0000000086700000, 0x0000000086700000| Untracked 
|  74|0x0000000086800000, 0x0000000086800000, 0x0000000086900000|  0%| F|  |TAMS 0x0000000086800000, 0x0000000086800000| Untracked 
|  75|0x0000000086900000, 0x0000000086900000, 0x0000000086a00000|  0%| F|  |TAMS 0x0000000086900000, 0x0000000086900000| Untracked 
|  76|0x0000000086a00000, 0x0000000086a00000, 0x0000000086b00000|  0%| F|  |TAMS 0x0000000086a00000, 0x0000000086a00000| Untracked 
|  77|0x0000000086b00000, 0x0000000086b00000, 0x0000000086c00000|  0%| F|  |TAMS 0x0000000086b00000, 0x0000000086b00000| Untracked 
|  78|0x0000000086c00000, 0x0000000086c00000, 0x0000000086d00000|  0%| F|  |TAMS 0x0000000086c00000, 0x0000000086c00000| Untracked 
|  79|0x0000000086d00000, 0x0000000086d00000, 0x0000000086e00000|  0%| F|  |TAMS 0x0000000086d00000, 0x0000000086d00000| Untracked 
|  80|0x0000000086e00000, 0x0000000086e00000, 0x0000000086f00000|  0%| F|  |TAMS 0x0000000086e00000, 0x0000000086e00000| Untracked 
|  81|0x0000000086f00000, 0x0000000086f00000, 0x0000000087000000|  0%| F|  |TAMS 0x0000000086f00000, 0x0000000086f00000| Untracked 
|  82|0x0000000087000000, 0x0000000087000000, 0x0000000087100000|  0%| F|  |TAMS 0x0000000087000000, 0x0000000087000000| Untracked 
|  83|0x0000000087100000, 0x0000000087100000, 0x0000000087200000|  0%| F|  |TAMS 0x0000000087100000, 0x0000000087100000| Untracked 
|  84|0x0000000087200000, 0x0000000087200000, 0x0000000087300000|  0%| F|  |TAMS 0x0000000087200000, 0x0000000087200000| Untracked 
|  85|0x0000000087300000, 0x0000000087300000, 0x0000000087400000|  0%| F|  |TAMS 0x0000000087300000, 0x0000000087300000| Untracked 
|  86|0x0000000087400000, 0x0000000087400000, 0x0000000087500000|  0%| F|  |TAMS 0x0000000087400000, 0x0000000087400000| Untracked 
|  87|0x0000000087500000, 0x0000000087500000, 0x0000000087600000|  0%| F|  |TAMS 0x0000000087500000, 0x0000000087500000| Untracked 
|  88|0x0000000087600000, 0x0000000087600000, 0x0000000087700000|  0%| F|  |TAMS 0x0000000087600000, 0x0000000087600000| Untracked 
|  89|0x0000000087700000, 0x0000000087700000, 0x0000000087800000|  0%| F|  |TAMS 0x0000000087700000, 0x0000000087700000| Untracked 
|  90|0x0000000087800000, 0x0000000087800000, 0x0000000087900000|  0%| F|  |TAMS 0x0000000087800000, 0x0000000087800000| Untracked 
|  91|0x0000000087900000, 0x0000000087900000, 0x0000000087a00000|  0%| F|  |TAMS 0x0000000087900000, 0x0000000087900000| Untracked 
|  92|0x0000000087a00000, 0x0000000087a00000, 0x0000000087b00000|  0%| F|  |TAMS 0x0000000087a00000, 0x0000000087a00000| Untracked 
|  93|0x0000000087b00000, 0x0000000087b00000, 0x0000000087c00000|  0%| F|  |TAMS 0x0000000087b00000, 0x0000000087b00000| Untracked 
|  94|0x0000000087c00000, 0x0000000087c00000, 0x0000000087d00000|  0%| F|  |TAMS 0x0000000087c00000, 0x0000000087c00000| Untracked 
|  95|0x0000000087d00000, 0x0000000087d00000, 0x0000000087e00000|  0%| F|  |TAMS 0x0000000087d00000, 0x0000000087d00000| Untracked 
|  96|0x0000000087e00000, 0x0000000087e97020, 0x0000000087f00000| 58%| S|CS|TAMS 0x0000000087e00000, 0x0000000087e00000| Complete 
|  97|0x0000000087f00000, 0x0000000088000000, 0x0000000088000000|100%| S|CS|TAMS 0x0000000087f00000, 0x0000000087f00000| Complete 
|  98|0x0000000088000000, 0x0000000088100000, 0x0000000088100000|100%| S|CS|TAMS 0x0000000088000000, 0x0000000088000000| Complete 
|  99|0x0000000088100000, 0x0000000088100000, 0x0000000088200000|  0%| F|  |TAMS 0x0000000088100000, 0x0000000088100000| Untracked 
| 100|0x0000000088200000, 0x0000000088200000, 0x0000000088300000|  0%| F|  |TAMS 0x0000000088200000, 0x0000000088200000| Untracked 
| 101|0x0000000088300000, 0x0000000088300000, 0x0000000088400000|  0%| F|  |TAMS 0x0000000088300000, 0x0000000088300000| Untracked 
| 102|0x0000000088400000, 0x0000000088400000, 0x0000000088500000|  0%| F|  |TAMS 0x0000000088400000, 0x0000000088400000| Untracked 
| 103|0x0000000088500000, 0x0000000088500000, 0x0000000088600000|  0%| F|  |TAMS 0x0000000088500000, 0x0000000088500000| Untracked 
| 104|0x0000000088600000, 0x0000000088600000, 0x0000000088700000|  0%| F|  |TAMS 0x0000000088600000, 0x0000000088600000| Untracked 
| 105|0x0000000088700000, 0x0000000088700000, 0x0000000088800000|  0%| F|  |TAMS 0x0000000088700000, 0x0000000088700000| Untracked 
| 106|0x0000000088800000, 0x0000000088800000, 0x0000000088900000|  0%| F|  |TAMS 0x0000000088800000, 0x0000000088800000| Untracked 
| 107|0x0000000088900000, 0x0000000088900000, 0x0000000088a00000|  0%| F|  |TAMS 0x0000000088900000, 0x0000000088900000| Untracked 
| 108|0x0000000088a00000, 0x0000000088a00000, 0x0000000088b00000|  0%| F|  |TAMS 0x0000000088a00000, 0x0000000088a00000| Untracked 
| 109|0x0000000088b00000, 0x0000000088b00000, 0x0000000088c00000|  0%| F|  |TAMS 0x0000000088b00000, 0x0000000088b00000| Untracked 
| 110|0x0000000088c00000, 0x0000000088c00000, 0x0000000088d00000|  0%| F|  |TAMS 0x0000000088c00000, 0x0000000088c00000| Untracked 
| 111|0x0000000088d00000, 0x0000000088d00000, 0x0000000088e00000|  0%| F|  |TAMS 0x0000000088d00000, 0x0000000088d00000| Untracked 
| 112|0x0000000088e00000, 0x0000000088e00000, 0x0000000088f00000|  0%| F|  |TAMS 0x0000000088e00000, 0x0000000088e00000| Untracked 
| 113|0x0000000088f00000, 0x0000000088f00000, 0x0000000089000000|  0%| F|  |TAMS 0x0000000088f00000, 0x0000000088f00000| Untracked 
| 114|0x0000000089000000, 0x0000000089000000, 0x0000000089100000|  0%| F|  |TAMS 0x0000000089000000, 0x0000000089000000| Untracked 
| 115|0x0000000089100000, 0x0000000089100000, 0x0000000089200000|  0%| F|  |TAMS 0x0000000089100000, 0x0000000089100000| Untracked 
| 116|0x0000000089200000, 0x0000000089200000, 0x0000000089300000|  0%| F|  |TAMS 0x0000000089200000, 0x0000000089200000| Untracked 
| 117|0x0000000089300000, 0x0000000089300000, 0x0000000089400000|  0%| F|  |TAMS 0x0000000089300000, 0x0000000089300000| Untracked 
| 118|0x0000000089400000, 0x0000000089400000, 0x0000000089500000|  0%| F|  |TAMS 0x0000000089400000, 0x0000000089400000| Untracked 
| 119|0x0000000089500000, 0x0000000089500000, 0x0000000089600000|  0%| F|  |TAMS 0x0000000089500000, 0x0000000089500000| Untracked 
| 120|0x0000000089600000, 0x0000000089600000, 0x0000000089700000|  0%| F|  |TAMS 0x0000000089600000, 0x0000000089600000| Untracked 
| 121|0x0000000089700000, 0x0000000089700000, 0x0000000089800000|  0%| F|  |TAMS 0x0000000089700000, 0x0000000089700000| Untracked 
| 122|0x0000000089800000, 0x0000000089800000, 0x0000000089900000|  0%| F|  |TAMS 0x0000000089800000, 0x0000000089800000| Untracked 
| 123|0x0000000089900000, 0x0000000089900000, 0x0000000089a00000|  0%| F|  |TAMS 0x0000000089900000, 0x0000000089900000| Untracked 
| 124|0x0000000089a00000, 0x0000000089a00000, 0x0000000089b00000|  0%| F|  |TAMS 0x0000000089a00000, 0x0000000089a00000| Untracked 
| 125|0x0000000089b00000, 0x0000000089b00000, 0x0000000089c00000|  0%| F|  |TAMS 0x0000000089b00000, 0x0000000089b00000| Untracked 
| 126|0x0000000089c00000, 0x0000000089c00000, 0x0000000089d00000|  0%| F|  |TAMS 0x0000000089c00000, 0x0000000089c00000| Untracked 
| 127|0x0000000089d00000, 0x0000000089d00000, 0x0000000089e00000|  0%| F|  |TAMS 0x0000000089d00000, 0x0000000089d00000| Untracked 

Card table byte_map: [0x00000174c9680000,0x00000174c9a80000] _byte_map_base: 0x00000174c9271000

Marking Bits (Prev, Next): (CMBitMap*) 0x00000174b4559ec0, (CMBitMap*) 0x00000174b4559e88
 Prev Bits: [0x00000174cbe10000, 0x00000174cdd98000)
 Next Bits: [0x00000174c9e80000, 0x00000174cbe08000)

Polling page: 0x00000174b45f0000

Metaspace:

Usage:
  Non-class:     25.99 MB capacity,    25.75 MB (>99%) used,   205.23 KB ( <1%) free+waste,    46.19 KB ( <1%) overhead. 
      Class:      3.46 MB capacity,     3.25 MB ( 94%) used,   191.20 KB (  5%) free+waste,    22.19 KB ( <1%) overhead. 
       Both:     29.45 MB capacity,    29.00 MB ( 98%) used,   396.42 KB (  1%) free+waste,    68.38 KB ( <1%) overhead. 

Virtual space:
  Non-class space:       34.00 MB reserved,      26.00 MB ( 76%) committed 
      Class space:        1.00 GB reserved,       3.55 MB ( <1%) committed 
             Both:        1.03 GB reserved,      29.55 MB (  3%) committed 

Chunk freelists:
   Non-Class:  7.00 KB
       Class:  8.00 KB
        Both:  15.00 KB

MaxMetaspaceSize: 17179869184.00 GB
CompressedClassSpaceSize: 1.00 GB
Initial GC threshold: 20.80 MB
Current GC threshold: 35.20 MB
CDS: off

CodeHeap 'non-profiled nmethods': size=120000Kb used=728Kb max_used=728Kb free=119271Kb
 bounds [0x00000174c12e0000, 0x00000174c1550000, 0x00000174c8810000]
CodeHeap 'profiled nmethods': size=120000Kb used=4077Kb max_used=4077Kb free=115923Kb
 bounds [0x00000174b9db0000, 0x00000174ba1b0000, 0x00000174c12e0000]
CodeHeap 'non-nmethods': size=5760Kb used=1240Kb max_used=1250Kb free=4519Kb
 bounds [0x00000174b9810000, 0x00000174b9a80000, 0x00000174b9db0000]
 total_blobs=2610 nmethods=2093 adapters=429
 compilation: enabled
              stopped_count=0, restarted_count=0
 full_count=0

Compilation events (20 events):
Event: 2.122 Thread 0x00000174d08ac800 nmethod 2089 0x00000174ba1a2d10 code [0x00000174ba1a2ec0, 0x00000174ba1a30f8]
Event: 2.123 Thread 0x00000174d08ac800 2091       1       java.lang.invoke.MethodHandleNatives::isPullModeBSM (2 bytes)
Event: 2.123 Thread 0x00000174d08ac800 nmethod 2091 0x00000174c1395890 code [0x00000174c1395a40, 0x00000174c1395ad8]
Event: 2.123 Thread 0x00000174d08ac800 2092       3       java.lang.invoke.ConstantCallSite::getTarget (20 bytes)
Event: 2.123 Thread 0x00000174d08ab000 2093   !   4       jdk.internal.loader.BuiltinClassLoader::loadClassOrNull (143 bytes)
Event: 2.123 Thread 0x00000174d08ac800 nmethod 2092 0x00000174ba1a3210 code [0x00000174ba1a33e0, 0x00000174ba1a35e8]
Event: 2.137 Thread 0x00000174d08ac800 2094       3       kotlin.text.StringsKt__AppendableKt::appendElement (102 bytes)
Event: 2.137 Thread 0x00000174d08ac800 nmethod 2094 0x00000174ba1a3710 code [0x00000174ba1a3a00, 0x00000174ba1a4c38]
Event: 2.140 Thread 0x00000174d08ac800 2096       3       kotlin.text.StringsKt__StringsKt::indexOf (57 bytes)
Event: 2.141 Thread 0x00000174d08ac800 nmethod 2096 0x00000174ba1a5090 code [0x00000174ba1a53a0, 0x00000174ba1a63c8]
Event: 2.151 Thread 0x00000174d08ac800 2098       3       sun.invoke.util.VerifyAccess::isMemberAccessible (313 bytes)
Event: 2.154 Thread 0x00000174d08ac800 nmethod 2098 0x00000174ba1a6990 code [0x00000174ba1a6e60, 0x00000174ba1a9008]
Event: 2.156 Thread 0x00000174d08ac800 2099       3       java.lang.reflect.Modifier::isVolatile (13 bytes)
Event: 2.157 Thread 0x00000174d08ac800 nmethod 2099 0x00000174ba1a9a90 code [0x00000174ba1a9c40, 0x00000174ba1a9d78]
Event: 2.157 Thread 0x00000174d08ac800 2100       3       java.lang.invoke.MethodHandleNatives::isCallerSensitive (29 bytes)
Event: 2.157 Thread 0x00000174d08ac800 nmethod 2100 0x00000174ba1a9e10 code [0x00000174ba1aa000, 0x00000174ba1aa568]
Event: 2.157 Thread 0x00000174d08ac800 2101       3       java.lang.invoke.MethodHandleNatives::canBeCalledVirtual (93 bytes)
Event: 2.158 Thread 0x00000174d08ac800 nmethod 2101 0x00000174ba1aa710 code [0x00000174ba1aa920, 0x00000174ba1aae98]
Event: 2.158 Thread 0x00000174d08ac800 2102       3       java.lang.invoke.MethodHandleNatives::refKindHasReceiver (33 bytes)
Event: 2.158 Thread 0x00000174d08ac800 nmethod 2102 0x00000174ba1ab090 code [0x00000174ba1ab240, 0x00000174ba1ab398]

GC Heap History (4 events):
Event: 0.741 GC heap before
{Heap before GC invocations=0 (full 0):
 garbage-first heap   total 131072K, used 28672K [0x0000000081e00000, 0x0000000100000000)
  region size 1024K, 24 young (24576K), 0 survivors (0K)
 Metaspace       used 12143K, capacity 12286K, committed 12416K, reserved 1060864K
  class space    used 1082K, capacity 1113K, committed 1152K, reserved 1048576K
}
Event: 0.748 GC heap after
{Heap after GC invocations=1 (full 0):
 garbage-first heap   total 131072K, used 7525K [0x0000000081e00000, 0x0000000100000000)
  region size 1024K, 3 young (3072K), 3 survivors (3072K)
 Metaspace       used 12143K, capacity 12286K, committed 12416K, reserved 1060864K
  class space    used 1082K, capacity 1113K, committed 1152K, reserved 1048576K
}
Event: 1.558 GC heap before
{Heap before GC invocations=1 (full 0):
 garbage-first heap   total 131072K, used 45413K [0x0000000081e00000, 0x0000000100000000)
  region size 1024K, 41 young (41984K), 3 survivors (3072K)
 Metaspace       used 20992K, capacity 21197K, committed 21296K, reserved 1069056K
  class space    used 2222K, capacity 2305K, committed 2352K, reserved 1048576K
}
Event: 1.574 GC heap after
{Heap after GC invocations=2 (full 0):
 garbage-first heap   total 131072K, used 11162K [0x0000000081e00000, 0x0000000100000000)
  region size 1024K, 7 young (7168K), 7 survivors (7168K)
 Metaspace       used 20992K, capacity 21197K, committed 21296K, reserved 1069056K
  class space    used 2222K, capacity 2305K, committed 2352K, reserved 1048576K
}

Deoptimization events (20 events):
Event: 1.898 Thread 0x00000174b4520000 Uncommon trap: trap_request=0xffffffde fr.pc=0x00000174c1334404 relative=0x0000000000000064
Event: 1.898 Thread 0x00000174b4520000 Uncommon trap: reason=class_check action=maybe_recompile pc=0x00000174c1334404 method=java.util.Collections$UnmodifiableCollection.size()I @ 4 c2
Event: 1.898 Thread 0x00000174b4520000 DEOPT PACKING pc=0x00000174c1334404 sp=0x0000003e296fbee0
Event: 1.898 Thread 0x00000174b4520000 DEOPT UNPACKING pc=0x00000174b985a1af sp=0x0000003e296fbe70 mode 2
Event: 1.898 Thread 0x00000174b4520000 Uncommon trap: trap_request=0xffffffde fr.pc=0x00000174c1334404 relative=0x0000000000000064
Event: 1.898 Thread 0x00000174b4520000 Uncommon trap: reason=class_check action=maybe_recompile pc=0x00000174c1334404 method=java.util.Collections$UnmodifiableCollection.size()I @ 4 c2
Event: 1.898 Thread 0x00000174b4520000 DEOPT PACKING pc=0x00000174c1334404 sp=0x0000003e296fbee0
Event: 1.898 Thread 0x00000174b4520000 DEOPT UNPACKING pc=0x00000174b985a1af sp=0x0000003e296fbe70 mode 2
Event: 1.898 Thread 0x00000174b4520000 Uncommon trap: trap_request=0xffffffde fr.pc=0x00000174c1334404 relative=0x0000000000000064
Event: 1.898 Thread 0x00000174b4520000 Uncommon trap: reason=class_check action=maybe_recompile pc=0x00000174c1334404 method=java.util.Collections$UnmodifiableCollection.size()I @ 4 c2
Event: 1.898 Thread 0x00000174b4520000 DEOPT PACKING pc=0x00000174c1334404 sp=0x0000003e296fbee0
Event: 1.898 Thread 0x00000174b4520000 DEOPT UNPACKING pc=0x00000174b985a1af sp=0x0000003e296fbe70 mode 2
Event: 1.941 Thread 0x00000174b4520000 Uncommon trap: trap_request=0xffffff4d fr.pc=0x00000174c1361e68 relative=0x00000000000005a8
Event: 1.941 Thread 0x00000174b4520000 Uncommon trap: reason=unstable_if action=reinterpret pc=0x00000174c1361e68 method=java.lang.Integer.getChars(II[B)I @ 25 c2
Event: 1.941 Thread 0x00000174b4520000 DEOPT PACKING pc=0x00000174c1361e68 sp=0x0000003e296fe3a0
Event: 1.941 Thread 0x00000174b4520000 DEOPT UNPACKING pc=0x00000174b985a1af sp=0x0000003e296fe290 mode 2
Event: 2.027 Thread 0x00000174b4520000 Uncommon trap: trap_request=0xffffff4d fr.pc=0x00000174c1366ea4 relative=0x0000000000000184
Event: 2.027 Thread 0x00000174b4520000 Uncommon trap: reason=unstable_if action=reinterpret pc=0x00000174c1366ea4 method=java.lang.String.startsWith(Ljava/lang/String;I)Z @ 1 c2
Event: 2.027 Thread 0x00000174b4520000 DEOPT PACKING pc=0x00000174c1366ea4 sp=0x0000003e296fdc70
Event: 2.027 Thread 0x00000174b4520000 DEOPT UNPACKING pc=0x00000174b985a1af sp=0x0000003e296fdbe0 mode 2

Classes redefined (0 events):
No events

Internal exceptions (20 events):
Event: 1.236 Thread 0x00000174b4520000 Exception <a 'java/lang/NoSuchMethodError'{0x00000000886e9548}: 'long java.lang.invoke.Invokers$Holder.invoke_MT(java.lang.Object, java.lang.Object, java.lang.Object, java.lang.Object)'> (0x00000000886e9548) thrown at [./src/hotspot/share/interpreter/linkResolver.cpp, line 773]
Event: 1.237 Thread 0x00000174b4520000 Exception <a 'java/lang/NoSuchMethodError'{0x00000000886ecbc8}: 'long java.lang.invoke.DelegatingMethodHandle$Holder.reinvoke_L(java.lang.Object, java.lang.Object, java.lang.Object)'> (0x00000000886ecbc8) thrown at [./src/hotspot/share/interpreter/linkResolver.cpp, line 773]
Event: 1.238 Thread 0x00000174b4520000 Exception <a 'java/lang/NoSuchMethodError'{0x00000000886f6888}: 'int java.lang.invoke.DirectMethodHandle$Holder.invokeSpecial(java.lang.Object, java.lang.Object, java.lang.Object, java.lang.Object)'> (0x00000000886f6888) thrown at [./src/hotspot/share/interpreter/linkResolver.cpp, line 773]
Event: 1.241 Thread 0x00000174b4520000 Exception <a 'java/lang/NoSuchMethodError'{0x0000000088205ca0}: 'int java.lang.invoke.DelegatingMethodHandle$Holder.reinvoke_L(java.lang.Object, java.lang.Object, java.lang.Object, long, int)'> (0x0000000088205ca0) thrown at [./src/hotspot/share/interpreter/linkResolver.cpp, line 773]
Event: 1.528 Thread 0x00000174b4520000 Exception <a 'java/lang/NoSuchMethodError'{0x00000000877fcab8}: 'java.lang.Object java.lang.invoke.DirectMethodHandle$Holder.invokeStaticInit(java.lang.Object, int)'> (0x00000000877fcab8) thrown at [./src/hotspot/share/interpreter/linkResolver.cpp, line 773]
Event: 1.577 Thread 0x00000174b4520000 Exception <a 'java/lang/NoSuchMethodError'{0x0000000089d0bad8}: 'long java.lang.invoke.DirectMethodHandle$Holder.invokeStatic(java.lang.Object)'> (0x0000000089d0bad8) thrown at [./src/hotspot/share/interpreter/linkResolver.cpp, line 773]
Event: 1.578 Thread 0x00000174b4520000 Exception <a 'java/lang/NoSuchMethodError'{0x0000000089d0e930}: 'long java.lang.invoke.DirectMethodHandle$Holder.invokeStaticInit(java.lang.Object)'> (0x0000000089d0e930) thrown at [./src/hotspot/share/interpreter/linkResolver.cpp, line 773]
Event: 1.613 Thread 0x00000174b4520000 Exception <a 'java/lang/NoSuchMethodError'{0x0000000089c817b8}: 'int java.lang.invoke.DirectMethodHandle$Holder.invokeSpecialIFC(java.lang.Object, java.lang.Object, int)'> (0x0000000089c817b8) thrown at [./src/hotspot/share/interpreter/linkResolver.cpp, line 773]
Event: 1.657 Thread 0x00000174b4520000 Exception <a 'java/lang/NoSuchMethodError'{0x000000008993f278}: 'int java.lang.invoke.DirectMethodHandle$Holder.invokeStaticInit(java.lang.Object, java.lang.Object, java.lang.Object)'> (0x000000008993f278) thrown at [./src/hotspot/share/interpreter/linkResolver.cpp, line 773]
Event: 1.662 Thread 0x00000174b4520000 Exception <a 'java/lang/NoSuchMethodError'{0x000000008996a9c8}: 'int java.lang.invoke.DirectMethodHandle$Holder.invokeStaticInit(java.lang.Object, java.lang.Object)'> (0x000000008996a9c8) thrown at [./src/hotspot/share/interpreter/linkResolver.cpp, line 773]
Event: 1.712 Thread 0x00000174b4520000 Exception <a 'java/lang/NoSuchMethodError'{0x000000008977d558}: 'void java.lang.invoke.DirectMethodHandle$Holder.invokeSpecial(java.lang.Object, java.lang.Object)'> (0x000000008977d558) thrown at [./src/hotspot/share/interpreter/linkResolver.cpp, line 773]
Event: 1.893 Thread 0x00000174b4520000 Exception <a 'java/lang/NoSuchMethodError'{0x0000000088e33c68}: 'java.lang.Object java.lang.invoke.DirectMethodHandle$Holder.invokeStatic(java.lang.Object, java.lang.Object, java.lang.Object, java.lang.Object, java.lang.Object, java.lang.Object, java.lang.Object, java.lang.Object, java.lang.Object, java.lang.Object, java.lang.Object, java.lang.Object, java.lang.Object, java.lang.Object, java.lang.Object)'> (0x0000000088e33c68) thrown at [./src/hotspot/share/interpreter/linkResolver.cpp, line 773]
Event: 1.894 Thread 0x00000174b4520000 Exception <a 'java/lang/NoSuchMethodError'{0x0000000088e41c70}: 'java.lang.Object java.lang.invoke.DirectMethodHandle$Holder.invokeStatic(java.lang.Object, java.lang.Object, java.lang.Object, java.lang.Object, java.lang.Object, java.lang.Object, java.lang.Object, java.lang.Object, java.lang.Object, java.lang.Object, java.lang.Object, java.lang.Object, java.lang.Object, java.lang.Object, java.lang.Object, java.lang.Object)'> (0x0000000088e41c70) thrown at [./src/hotspot/share/interpreter/linkResolver.cpp, l
Event: 1.895 Thread 0x00000174b4520000 Exception <a 'java/lang/NoSuchMethodError'{0x0000000088e4fb88}: 'java.lang.Object java.lang.invoke.DirectMethodHandle$Holder.invokeSpecial(java.lang.Object, java.lang.Object, int, int, java.lang.Object, java.lang.Object, java.lang.Object)'> (0x0000000088e4fb88) thrown at [./src/hotspot/share/interpreter/linkResolver.cpp, line 773]
Event: 1.896 Thread 0x00000174b4520000 Exception <a 'java/lang/NoSuchMethodError'{0x0000000088e533c0}: 'java.lang.Object java.lang.invoke.DelegatingMethodHandle$Holder.reinvoke_L(java.lang.Object, int, int, java.lang.Object, java.lang.Object, java.lang.Object)'> (0x0000000088e533c0) thrown at [./src/hotspot/share/interpreter/linkResolver.cpp, line 773]
Event: 1.896 Thread 0x00000174b4520000 Exception <a 'java/lang/NoSuchMethodError'{0x0000000088e57748}: 'java.lang.Object java.lang.invoke.DirectMethodHandle$Holder.invokeStatic(java.lang.Object, java.lang.Object, java.lang.Object, java.lang.Object, int)'> (0x0000000088e57748) thrown at [./src/hotspot/share/interpreter/linkResolver.cpp, line 773]
Event: 1.943 Thread 0x00000174b4520000 Exception <a 'java/lang/NoSuchMethodError'{0x0000000088d7cb98}: 'void java.lang.invoke.DirectMethodHandle$Holder.invokeStatic(java.lang.Object, java.lang.Object, java.lang.Object, java.lang.Object)'> (0x0000000088d7cb98) thrown at [./src/hotspot/share/interpreter/linkResolver.cpp, line 773]
Event: 2.008 Thread 0x00000174b4520000 Exception <a 'java/lang/NoSuchMethodError'{0x0000000088965ad0}: 'void java.lang.invoke.DirectMethodHandle$Holder.invokeStaticInit(java.lang.Object, java.lang.Object)'> (0x0000000088965ad0) thrown at [./src/hotspot/share/interpreter/linkResolver.cpp, line 773]
Event: 2.122 Thread 0x00000174b4520000 Exception <a 'java/lang/NoSuchMethodError'{0x00000000883c42b0}: 'void java.lang.invoke.DirectMethodHandle$Holder.invokeVirtual(java.lang.Object, java.lang.Object)'> (0x00000000883c42b0) thrown at [./src/hotspot/share/interpreter/linkResolver.cpp, line 773]
Event: 2.137 Thread 0x00000174b4520000 Exception <a 'java/lang/NoSuchMethodError'{0x0000000088256e58}: 'int java.lang.invoke.DirectMethodHandle$Holder.invokeVirtual(java.lang.Object, java.lang.Object)'> (0x0000000088256e58) thrown at [./src/hotspot/share/interpreter/linkResolver.cpp, line 773]

Events (20 events):
Event: 2.162 loading class org/jetbrains/kotlin/psi/stubs/elements/KtStringTemplateExpressionElementType
Event: 2.162 loading class org/jetbrains/kotlin/psi/stubs/elements/KtStringTemplateExpressionElementType done
Event: 2.162 loading class org/jetbrains/kotlin/psi/stubs/elements/KtClassElementType
Event: 2.162 loading class org/jetbrains/kotlin/psi/stubs/elements/KtClassElementType done
Event: 2.163 loading class org/jetbrains/kotlin/psi/KtClass
Event: 2.163 loading class org/jetbrains/kotlin/psi/KtClass done
Event: 2.163 loading class org/jetbrains/kotlin/psi/KtClassOrObject
Event: 2.163 loading class org/jetbrains/kotlin/psi/KtClassOrObject done
Event: 2.164 loading class org/jetbrains/kotlin/psi/KtClassLikeDeclaration
Event: 2.164 loading class org/jetbrains/kotlin/psi/KtClassLikeDeclaration done
Event: 2.164 loading class org/jetbrains/kotlin/psi/KtNamedDeclaration
Event: 2.164 loading class org/jetbrains/kotlin/psi/KtNamedDeclaration done
Event: 2.164 loading class org/jetbrains/kotlin/psi/KtDeclaration
Event: 2.164 loading class org/jetbrains/kotlin/psi/KtDeclaration done
Event: 2.164 loading class org/jetbrains/kotlin/psi/KtExpression
Event: 2.164 loading class org/jetbrains/kotlin/psi/KtExpression done
Event: 2.166 loading class org/jetbrains/kotlin/psi/KtNamed
Event: 2.166 loading class org/jetbrains/kotlin/psi/KtNamed done
Event: 2.166 loading class org/jetbrains/kotlin/psi/KtStatementExpression
Event: 2.166 loading class org/jetbrains/kotlin/psi/KtStatementExpression done


Dynamic libraries:
0x00007ff61ad50000 - 0x00007ff61ad5a000 	C:\Program Files\Android\Android Studio\jre\bin\java.exe
0x00007ffce50f0000 - 0x00007ffce5304000 	C:\Windows\SYSTEM32\ntdll.dll
0x00007ffce3650000 - 0x00007ffce3713000 	C:\Windows\System32\KERNEL32.DLL
0x00007ffce2510000 - 0x00007ffce28ad000 	C:\Windows\System32\KERNELBASE.dll
0x00007ffce2ca0000 - 0x00007ffce2db1000 	C:\Windows\System32\ucrtbase.dll
0x00007ffcdbcf0000 - 0x00007ffcdbd09000 	C:\Program Files\Android\Android Studio\jre\bin\jli.dll
0x00007ffcd3380000 - 0x00007ffcd3397000 	C:\Program Files\Android\Android Studio\jre\bin\VCRUNTIME140.dll
0x00007ffce3140000 - 0x00007ffce32ed000 	C:\Windows\System32\USER32.dll
0x00007ffce29f0000 - 0x00007ffce2a16000 	C:\Windows\System32\win32u.dll
0x00007ffcc9a90000 - 0x00007ffcc9d1e000 	C:\Windows\WinSxS\amd64_microsoft.windows.common-controls_6595b64144ccf1df_6.0.22621.608_none_a9444ca7c10bb01d\COMCTL32.dll
0x00007ffce3dc0000 - 0x00007ffce3de9000 	C:\Windows\System32\GDI32.dll
0x00007ffce3df0000 - 0x00007ffce3e97000 	C:\Windows\System32\msvcrt.dll
0x00007ffce2dc0000 - 0x00007ffce2ed2000 	C:\Windows\System32\gdi32full.dll
0x00007ffce2a20000 - 0x00007ffce2aba000 	C:\Windows\System32\msvcp_win.dll
0x00007ffce3720000 - 0x00007ffce3752000 	C:\Windows\System32\IMM32.DLL
0x00007ffcc66c0000 - 0x00007ffcc675d000 	C:\Program Files\Android\Android Studio\jre\bin\msvcp140.dll
0x00007ffcb7f50000 - 0x00007ffcb8a52000 	C:\Program Files\Android\Android Studio\jre\bin\server\jvm.dll
0x00007ffce2f70000 - 0x00007ffce301e000 	C:\Windows\System32\ADVAPI32.dll
0x00007ffce3790000 - 0x00007ffce3834000 	C:\Windows\System32\sechost.dll
0x00007ffce4770000 - 0x00007ffce4885000 	C:\Windows\System32\RPCRT4.dll
0x00007ffce48b0000 - 0x00007ffce48b8000 	C:\Windows\System32\PSAPI.DLL
0x00007ffcded30000 - 0x00007ffcded39000 	C:\Windows\SYSTEM32\WSOCK32.dll
0x00007ffcdbb10000 - 0x00007ffcdbb44000 	C:\Windows\SYSTEM32\WINMM.dll
0x00007ffcd16d0000 - 0x00007ffcd16da000 	C:\Windows\SYSTEM32\VERSION.dll
0x00007ffce3ea0000 - 0x00007ffce3f11000 	C:\Windows\System32\WS2_32.dll
0x00007ffce1610000 - 0x00007ffce1628000 	C:\Windows\SYSTEM32\kernel.appcore.dll
0x00007ffcdd820000 - 0x00007ffcdd831000 	C:\Program Files\Android\Android Studio\jre\bin\verify.dll
0x00007ffcdff20000 - 0x00007ffce014e000 	C:\Windows\SYSTEM32\DBGHELP.DLL
0x00007ffce38c0000 - 0x00007ffce3c4a000 	C:\Windows\System32\combase.dll
0x00007ffce4630000 - 0x00007ffce4707000 	C:\Windows\System32\OLEAUT32.dll
0x00007ffcdd7e0000 - 0x00007ffcdd812000 	C:\Windows\SYSTEM32\dbgcore.DLL
0x00007ffce28b0000 - 0x00007ffce292b000 	C:\Windows\System32\bcryptPrimitives.dll
0x00007ffcdcec0000 - 0x00007ffcdcee9000 	C:\Program Files\Android\Android Studio\jre\bin\java.dll
0x00007ffcdea00000 - 0x00007ffcdea0b000 	C:\Program Files\Android\Android Studio\jre\bin\jimage.dll
0x00007ffcdd160000 - 0x00007ffcdd178000 	C:\Program Files\Android\Android Studio\jre\bin\zip.dll
0x00007ffce48c0000 - 0x00007ffce50af000 	C:\Windows\System32\SHELL32.dll
0x00007ffce04f0000 - 0x00007ffce0db8000 	C:\Windows\SYSTEM32\windows.storage.dll
0x00007ffce03b0000 - 0x00007ffce04ee000 	C:\Windows\SYSTEM32\wintypes.dll
0x00007ffce3c50000 - 0x00007ffce3d41000 	C:\Windows\System32\SHCORE.dll
0x00007ffce4710000 - 0x00007ffce476e000 	C:\Windows\System32\shlwapi.dll
0x00007ffce2440000 - 0x00007ffce2461000 	C:\Windows\SYSTEM32\profapi.dll
0x00007ffcdcea0000 - 0x00007ffcdceba000 	C:\Program Files\Android\Android Studio\jre\bin\net.dll
0x00007ffcdbfa0000 - 0x00007ffcdc0cf000 	C:\Windows\SYSTEM32\WINHTTP.dll
0x00007ffce1a70000 - 0x00007ffce1ad9000 	C:\Windows\system32\mswsock.dll
0x00007ffcdce80000 - 0x00007ffcdce94000 	C:\Program Files\Android\Android Studio\jre\bin\nio.dll

dbghelp: loaded successfully - version: 4.0.5 - missing functions: none
symbol engine: initialized successfully - sym options: 0x614 - pdb path: .;C:\Program Files\Android\Android Studio\jre\bin;C:\Windows\SYSTEM32;C:\Windows\WinSxS\amd64_microsoft.windows.common-controls_6595b64144ccf1df_6.0.22621.608_none_a9444ca7c10bb01d;C:\Program Files\Android\Android Studio\jre\bin\server

VM Arguments:
java_command: org.jetbrains.kotlin.cli.jvm.K2JVMCompiler @C:\Users\mhyr\AndroidStudioProjects\MhyrFoodApp\app\build\20230208_4854637937015848016.compiler.options
java_class_path (initial): C:\Users\mhyr\.gradle\caches\modules-2\files-2.1\org.jetbrains.kotlin\kotlin-compiler-embeddable\1.7.20\8db18559a581dd2c36ddfd5046af145650f5b126\kotlin-compiler-embeddable-1.7.20.jar;C:\Users\mhyr\.gradle\caches\modules-2\files-2.1\org.jetbrains.kotlin\kotlin-reflect\1.7.20\12b2501e33bb6373e8e347c86d85481863629381\kotlin-reflect-1.7.20.jar;C:\Users\mhyr\.gradle\caches\modules-2\files-2.1\org.jetbrains.kotlin\kotlin-stdlib\1.7.20\726594ea9ba2beb2ee113647fefa9a10f9fabe52\kotlin-stdlib-1.7.20.jar;C:\Users\mhyr\.gradle\caches\modules-2\files-2.1\org.jetbrains.kotlin\kotlin-script-runtime\1.7.20\bcd1cc6f865e632550357fcc59f5ffd532615a8\kotlin-script-runtime-1.7.20.jar;C:\Users\mhyr\.gradle\caches\modules-2\files-2.1\org.jetbrains.kotlin\kotlin-daemon-embeddable\1.7.20\1e24355adad8d529d75d5b19eab55484057431ba\kotlin-daemon-embeddable-1.7.20.jar;C:\Users\mhyr\.gradle\caches\modules-2\files-2.1\org.jetbrains.intellij.deps\trove4j\1.0.20200330\3afb14d5f9ceb459d724e907a21145e8ff394f02\trove4j-1.0.20200330.jar;C:\Users\mhyr\.gradle\caches\modules-2\files-2.1\net.java.dev.jna\jna\5.6.0\330f2244e9030119ab3030fc3fededc86713d9cc\jna-5.6.0.jar;C:\Users\mhyr\.gradle\caches\modules-2\files-2.1\org.jetbrains.kotlin\kotlin-stdlib-common\1.7.20\e15351bdaf9fa06f009be5da7a202e4184f00ae3\kotlin-stdlib-common-1.7.20.jar;C:\Users\mhyr\.gradle\caches\modules-2\files-2.1\org.jetbrains\annotations\13.0\919f0dfe192fb4e063e7dacadee7f8bb9a2672a9\annotations-13.0.jar
Launcher Type: SUN_STANDARD

[Global flags]
     intx CICompilerCount                          = 4                                         {product} {ergonomic}
     uint ConcGCThreads                            = 2                                         {product} {ergonomic}
     uint G1ConcRefinementThreads                  = 8                                         {product} {ergonomic}
   size_t G1HeapRegionSize                         = 1048576                                   {product} {ergonomic}
    uintx GCDrainStackTargetSize                   = 64                                        {product} {ergonomic}
   size_t InitialHeapSize                          = 134217728                                 {product} {ergonomic}
   size_t MarkStackSize                            = 4194304                                   {product} {ergonomic}
   size_t MaxHeapSize                              = 2116026368                                {product} {ergonomic}
   size_t MaxNewSize                               = 1268776960                                {product} {ergonomic}
   size_t MinHeapDeltaBytes                        = 1048576                                   {product} {ergonomic}
    uintx NonNMethodCodeHeapSize                   = 5836300                                {pd product} {ergonomic}
    uintx NonProfiledCodeHeapSize                  = 122910970                              {pd product} {ergonomic}
    uintx ProfiledCodeHeapSize                     = 122910970                              {pd product} {ergonomic}
    uintx ReservedCodeCacheSize                    = 251658240                              {pd product} {ergonomic}
     bool SegmentedCodeCache                       = true                                      {product} {ergonomic}
     bool UseCompressedClassPointers               = true                                 {lp64_product} {ergonomic}
     bool UseCompressedOops                        = true                                 {lp64_product} {ergonomic}
     bool UseG1GC                                  = true                                      {product} {ergonomic}
     bool UseLargePagesIndividualAllocation        = false                                  {pd product} {ergonomic}

Logging:
Log output configuration:
 #0: stdout all=warning uptime,level,tags
 #1: stderr all=off uptime,level,tags

Environment Variables:
PATH=C:\Windows\system32;C:\Windows;C:\Windows\System32\Wbem;C:\Windows\System32\WindowsPowerShell\v1.0\;C:\Windows\System32\OpenSSH\;C:\Program Files\Git\cmd;C:\Users\mhyr\AppData\Local\Microsoft\WindowsApps;
USERNAME=mhyr
OS=Windows_NT
PROCESSOR_IDENTIFIER=Intel64 Family 6 Model 142 Stepping 10, GenuineIntel



---------------  S Y S T E M  ---------------

OS: Windows 11 , 64 bit Build 22621 (10.0.22621.1105)
OS uptime: 0 days 10:29 hours
Hyper-V role detected

CPU:total 8 (initial active 8) (4 cores per cpu, 2 threads per core) family 6 model 142 stepping 10 microcode 0xe0, cmov, cx8, fxsr, mmx, sse, sse2, sse3, ssse3, sse4.1, sse4.2, popcnt, avx, avx2, aes, clmul, erms, 3dnowpref, lzcnt, ht, tsc, tscinvbit, bmi1, bmi2, adx, fma

Memory: 4k page, system-wide physical 8070M (264M free)
TotalPageFile size 10118M (AvailPageFile size 4M)
current process WorkingSet (physical memory assigned to process): 153M, peak: 153M
current process commit charge ("private bytes"): 256M, peak: 257M

vm_info: OpenJDK 64-Bit Server VM (11.0.13+0-b1751.21-8125866) for windows-amd64 JRE (11.0.13+0-b1751.21-8125866), built on Feb  2 2022 03:00:22 by "builder" with MS VC++ 14.0 (VS2015)

END.
